[0.012s] Invoking command in '/home/naoko/develop_ws/build/classudp': CMAKE_PREFIX_PATH=${CMAKE_PREFIX_PATH}:/opt/ros/jazzy DEBUGINFOD_URLS=https://debuginfod.ubuntu.com /usr/bin/cmake --build /home/naoko/develop_ws/build/classudp -- -j12 -l12
[0.031s] -- Found ament_cmake: 2.5.4 (/opt/ros/jazzy/share/ament_cmake/cmake)
[0.173s] -- Found rclcpp: 28.1.10 (/opt/ros/jazzy/share/rclcpp/cmake)
[0.189s] -- Found rosidl_generator_c: 4.6.5 (/opt/ros/jazzy/share/rosidl_generator_c/cmake)
[0.195s] -- Found rosidl_generator_cpp: 4.6.5 (/opt/ros/jazzy/share/rosidl_generator_cpp/cmake)
[0.202s] -- Using all available rosidl_typesupport_c: rosidl_typesupport_fastrtps_c;rosidl_typesupport_introspection_c
[0.210s] -- Using all available rosidl_typesupport_cpp: rosidl_typesupport_fastrtps_cpp;rosidl_typesupport_introspection_cpp
[0.248s] -- Found rmw_implementation_cmake: 7.3.2 (/opt/ros/jazzy/share/rmw_implementation_cmake/cmake)
[0.249s] -- Found rmw_fastrtps_cpp: 8.4.2 (/opt/ros/jazzy/share/rmw_fastrtps_cpp/cmake)
[0.296s] -- Using RMW implementation 'rmw_fastrtps_cpp' as default
[0.338s] -- Found std_msgs: 5.3.6 (/opt/ros/jazzy/share/std_msgs/cmake)
[0.400s] -- Configuring done (0.4s)
[0.408s] -- Generating done (0.0s)
[0.410s] -- Build files have been written to: /home/naoko/develop_ws/build/classudp
[0.439s] [ 25%] [32mBuilding CXX object CMakeFiles/catch_subscriber.dir/src/catch_subscriber.cpp.o[0m
[0.447s] [ 50%] [32mBuilding CXX object CMakeFiles/catch_publisher.dir/src/catch_publisher.cpp.o[0m
[0.571s] [01m[K/home/naoko/develop_ws/src/classudp/src/catch_publisher.cpp:4:10:[m[K [01;31m[Kfatal error: [m[Kstd_msgs/msg/string.hpp: No such file or directory
[0.571s]     4 | #include [01;31m[K"std_msgs/msg/string.hpp"[m[K
[0.571s]       |          [01;31m[K^~~~~~~~~~~~~~~~~~~~~~~~~[m[K
[0.571s] compilation terminated.
[0.573s] gmake[2]: *** [CMakeFiles/catch_publisher.dir/build.make:76: CMakeFiles/catch_publisher.dir/src/catch_publisher.cpp.o] Error 1
[0.573s] gmake[1]: *** [CMakeFiles/Makefile2:139: CMakeFiles/catch_publisher.dir/all] Error 2
[0.574s] gmake[1]: *** Waiting for unfinished jobs....
[0.587s] [01m[K/home/naoko/develop_ws/src/classudp/src/catch_subscriber.cpp:3:10:[m[K [01;31m[Kfatal error: [m[Kstd_msgs/msg/string.hpp: No such file or directory
[0.587s]     3 | #include [01;31m[K"std_msgs/msg/string.hpp"[m[K
[0.587s]       |          [01;31m[K^~~~~~~~~~~~~~~~~~~~~~~~~[m[K
[0.587s] compilation terminated.
[0.589s] gmake[2]: *** [CMakeFiles/catch_subscriber.dir/build.make:76: CMakeFiles/catch_subscriber.dir/src/catch_subscriber.cpp.o] Error 1
[0.589s] gmake[1]: *** [CMakeFiles/Makefile2:165: CMakeFiles/catch_subscriber.dir/all] Error 2
[0.590s] gmake: *** [Makefile:146: all] Error 2
[0.592s] Invoked command in '/home/naoko/develop_ws/build/classudp' returned '2': CMAKE_PREFIX_PATH=${CMAKE_PREFIX_PATH}:/opt/ros/jazzy DEBUGINFOD_URLS=https://debuginfod.ubuntu.com /usr/bin/cmake --build /home/naoko/develop_ws/build/classudp -- -j12 -l12
