[0.008s] Invoking command in '/home/naoko/develop_ws/build/classudp': CMAKE_PREFIX_PATH=${CMAKE_PREFIX_PATH}:/opt/ros/jazzy DEBUGINFOD_URLS=https://debuginfod.ubuntu.com /usr/bin/cmake --build /home/naoko/develop_ws/build/classudp -- -j12 -l12
[0.026s] -- Found ament_cmake: 2.5.4 (/opt/ros/jazzy/share/ament_cmake/cmake)
[0.165s] -- Found rclcpp: 28.1.10 (/opt/ros/jazzy/share/rclcpp/cmake)
[0.181s] -- Found rosidl_generator_c: 4.6.5 (/opt/ros/jazzy/share/rosidl_generator_c/cmake)
[0.186s] -- Found rosidl_generator_cpp: 4.6.5 (/opt/ros/jazzy/share/rosidl_generator_cpp/cmake)
[0.192s] -- Using all available rosidl_typesupport_c: rosidl_typesupport_fastrtps_c;rosidl_typesupport_introspection_c
[0.200s] -- Using all available rosidl_typesupport_cpp: rosidl_typesupport_fastrtps_cpp;rosidl_typesupport_introspection_cpp
[0.238s] -- Found rmw_implementation_cmake: 7.3.2 (/opt/ros/jazzy/share/rmw_implementation_cmake/cmake)
[0.238s] -- Found rmw_fastrtps_cpp: 8.4.2 (/opt/ros/jazzy/share/rmw_fastrtps_cpp/cmake)
[0.278s] -- Using RMW implementation 'rmw_fastrtps_cpp' as default
[0.372s] -- Configuring done (0.3s)
[0.377s] -- Generating done (0.0s)
[0.379s] -- Build files have been written to: /home/naoko/develop_ws/build/classudp
[0.404s] [ 50%] [32mBuilding CXX object CMakeFiles/catch_publisher.dir/src/catch_publisher.cpp.o[0m
[2.018s] [100%] [32m[1mLinking CXX executable catch_publisher[0m
[2.090s] [100%] Built target catch_publisher
[2.099s] Invoked command in '/home/naoko/develop_ws/build/classudp' returned '0': CMAKE_PREFIX_PATH=${CMAKE_PREFIX_PATH}:/opt/ros/jazzy DEBUGINFOD_URLS=https://debuginfod.ubuntu.com /usr/bin/cmake --build /home/naoko/develop_ws/build/classudp -- -j12 -l12
[2.105s] Invoking command in '/home/naoko/develop_ws/build/classudp': CMAKE_PREFIX_PATH=${CMAKE_PREFIX_PATH}:/opt/ros/jazzy DEBUGINFOD_URLS=https://debuginfod.ubuntu.com /usr/bin/cmake --install /home/naoko/develop_ws/build/classudp
[2.112s] -- Install configuration: ""
[2.112s] -- Installing: /home/naoko/develop_ws/install/classudp/lib/classudp/catch_publisher
[2.113s] -- Set non-toolchain portion of runtime path of "/home/naoko/develop_ws/install/classudp/lib/classudp/catch_publisher" to ""
[2.113s] -- Installing: /home/naoko/develop_ws/install/classudp/share/ament_index/resource_index/package_run_dependencies/classudp
[2.113s] -- Up-to-date: /home/naoko/develop_ws/install/classudp/share/ament_index/resource_index/parent_prefix_path/classudp
[2.113s] -- Up-to-date: /home/naoko/develop_ws/install/classudp/share/classudp/environment/ament_prefix_path.sh
[2.113s] -- Up-to-date: /home/naoko/develop_ws/install/classudp/share/classudp/environment/ament_prefix_path.dsv
[2.113s] -- Up-to-date: /home/naoko/develop_ws/install/classudp/share/classudp/environment/path.sh
[2.113s] -- Up-to-date: /home/naoko/develop_ws/install/classudp/share/classudp/environment/path.dsv
[2.113s] -- Up-to-date: /home/naoko/develop_ws/install/classudp/share/classudp/local_setup.bash
[2.113s] -- Up-to-date: /home/naoko/develop_ws/install/classudp/share/classudp/local_setup.sh
[2.113s] -- Up-to-date: /home/naoko/develop_ws/install/classudp/share/classudp/local_setup.zsh
[2.113s] -- Up-to-date: /home/naoko/develop_ws/install/classudp/share/classudp/local_setup.dsv
[2.113s] -- Installing: /home/naoko/develop_ws/install/classudp/share/classudp/package.dsv
[2.113s] -- Up-to-date: /home/naoko/develop_ws/install/classudp/share/ament_index/resource_index/packages/classudp
[2.113s] -- Up-to-date: /home/naoko/develop_ws/install/classudp/share/classudp/cmake/classudpConfig.cmake
[2.113s] -- Up-to-date: /home/naoko/develop_ws/install/classudp/share/classudp/cmake/classudpConfig-version.cmake
[2.113s] -- Installing: /home/naoko/develop_ws/install/classudp/share/classudp/package.xml
[2.115s] Invoked command in '/home/naoko/develop_ws/build/classudp' returned '0': CMAKE_PREFIX_PATH=${CMAKE_PREFIX_PATH}:/opt/ros/jazzy DEBUGINFOD_URLS=https://debuginfod.ubuntu.com /usr/bin/cmake --install /home/naoko/develop_ws/build/classudp
