[0.268s] Invoking command in '/home/naoko/develop_ws/build/turtlebot3_gazebo': CMAKE_PREFIX_PATH=${CMAKE_PREFIX_PATH}:/opt/ros/jazzy DEBUGINFOD_URLS=https://debuginfod.ubuntu.com /usr/bin/cmake /home/naoko/develop_ws/src/turtlebot3_simulations/turtlebot3_gazebo -DAMENT_CMAKE_SYMLINK_INSTALL=1 -DCMAKE_INSTALL_PREFIX=/home/naoko/develop_ws/install/turtlebot3_gazebo
[0.616s] -- The C compiler identification is GNU 13.3.0
[0.616s] -- The CXX compiler identification is GNU 13.3.0
[0.616s] -- Detecting C compiler ABI info
[0.617s] -- Detecting C compiler ABI info - done
[0.617s] -- Check for working C compiler: /usr/bin/cc - skipped
[0.617s] -- Detecting C compile features
[0.617s] -- Detecting C compile features - done
[0.617s] -- Detecting CXX compiler ABI info
[0.678s] -- Detecting CXX compiler ABI info - done
[0.695s] -- Check for working CXX compiler: /usr/bin/c++ - skipped
[0.696s] -- Detecting CXX compile features
[0.697s] -- Detecting CXX compile features - done
[0.705s] -- Found ament_cmake: 2.5.4 (/opt/ros/jazzy/share/ament_cmake/cmake)
[0.933s] -- Found Python3: /usr/bin/python3 (found version "3.12.3") found components: Interpreter 
[1.041s] -- Override CMake install command with custom implementation using symlinks instead of copying resources
[1.148s] -- Found ros_gz_sim: 1.0.16 (/opt/ros/jazzy/share/ros_gz_sim/cmake)
[1.269s] -- Found rosidl_generator_c: 4.6.5 (/opt/ros/jazzy/share/rosidl_generator_c/cmake)
[1.303s] -- Found rosidl_generator_cpp: 4.6.5 (/opt/ros/jazzy/share/rosidl_generator_cpp/cmake)
[1.343s] -- Using all available rosidl_typesupport_c: rosidl_typesupport_fastrtps_c;rosidl_typesupport_introspection_c
[1.386s] -- Using all available rosidl_typesupport_cpp: rosidl_typesupport_fastrtps_cpp;rosidl_typesupport_introspection_cpp
[1.561s] -- Found rmw_implementation_cmake: 7.3.2 (/opt/ros/jazzy/share/rmw_implementation_cmake/cmake)
[1.572s] -- Found rmw_fastrtps_cpp: 8.4.2 (/opt/ros/jazzy/share/rmw_fastrtps_cpp/cmake)
[1.722s] -- Found OpenSSL: /usr/lib/x86_64-linux-gnu/libcrypto.so (found version "3.0.13")  
[1.752s] -- Found FastRTPS: /opt/ros/jazzy/include (Required is at least version "2.13") 
[1.779s] -- Using RMW implementation 'rmw_fastrtps_cpp' as default
[2.281s] -- Found nav_msgs: 5.3.6 (/opt/ros/jazzy/share/nav_msgs/cmake)
[2.332s] -- Found sensor_msgs: 5.3.6 (/opt/ros/jazzy/share/sensor_msgs/cmake)
[2.380s] -- Found gz_math_vendor: 0.0.8 (/opt/ros/jazzy/share/gz_math_vendor/cmake)
[2.405s] -- Looking for gz-math7 -- found version 7.5.2
[2.432s] -- Searching for dependencies of gz-math7
[2.437s] -- Looking for gz-utils2 -- found version 2.2.1
[2.437s] -- Searching for dependencies of gz-utils2
[2.451s] -- Found gz_sim_vendor: 0.0.8 (/opt/ros/jazzy/share/gz_sim_vendor/cmake)
[2.651s] -- Looking for gz-sim8 -- found version 8.9.0
[2.652s] -- Searching for dependencies of gz-sim8
[2.661s] -- Looking for sdformat14 -- found version 14.8.0
[2.662s] -- Searching for dependencies of sdformat14
[2.671s] -- Checking for module 'tinyxml2'
[2.707s] --   Found tinyxml2, version 10.0.0
[2.829s] -- Looking for gz-math7 -- found version 7.5.2
[2.843s] -- Looking for gz-utils2 -- found version 2.2.1
[2.844s] -- Searching for dependencies of gz-utils2
[2.844s] -- Searching for <gz-utils2> component [cli]
[2.857s] -- Looking for gz-utils2-cli -- found version 2.2.1
[2.858s] -- Searching for dependencies of gz-utils2-cli
[2.884s] -- Looking for gz-plugin2 -- found version 2.0.4
[2.884s] -- Searching for dependencies of gz-plugin2
[2.884s] -- Looking for gz-utils2 -- found version 2.2.1
[2.886s] -- Searching for <gz-plugin2> component [loader]
[2.900s] -- Looking for gz-plugin2-loader -- found version 2.0.4
[2.900s] -- Searching for dependencies of gz-plugin2-loader
[2.904s] -- Searching for <gz-plugin2> component [register]
[2.917s] -- Looking for gz-plugin2-register -- found version 2.0.4
[2.917s] -- Searching for dependencies of gz-plugin2-register
[2.931s] -- Looking for gz-transport13 -- found version 13.4.1
[2.939s] -- Searching for dependencies of gz-transport13
[3.380s] -- Found Protobuf: /usr/lib/x86_64-linux-gnu/libprotobuf.so (found version "3.21.12") 
[3.445s] -- Config-file not installed for ZeroMQ -- checking for pkg-config
[3.463s] -- Checking for module 'libzmq >= 4'
[3.531s] --   Found libzmq, version 4.3.5
[3.664s] -- Found ZeroMQ: TRUE (Required is at least version "4") 
[3.688s] -- Checking for module 'uuid'
[3.744s] --   Found uuid, version 2.39.3
[3.861s] -- Found UUID: TRUE  
[3.866s] -- Looking for gz-utils2 -- found version 2.2.1
[3.883s] -- Looking for gz-msgs10 -- found version 10.3.2
[3.889s] -- Searching for dependencies of gz-msgs10
[3.962s] -- Looking for gz-utils2 -- found version 2.2.1
[3.966s] -- Looking for gz-math7 -- found version 7.5.2
[4.001s] -- Searching for <gz-transport13> component [log]
[4.007s] -- Looking for gz-transport13-log -- found version 13.4.1
[4.008s] -- Searching for dependencies of gz-transport13-log
[4.015s] -- Searching for <gz-transport13> component [parameters]
[4.022s] -- Looking for gz-transport13-parameters -- found version 13.4.1
[4.023s] -- Searching for dependencies of gz-transport13-parameters
[4.032s] -- Looking for gz-msgs10 -- found version 10.3.2
[4.044s] -- Looking for gz-common5 -- found version 5.7.1
[4.044s] -- Searching for dependencies of gz-common5
[4.044s] -- Looking for gz-utils2 -- found version 2.2.1
[4.051s] -- Looking for dlfcn.h - found
[4.052s] -- Looking for libdl - found
[4.058s] -- Found DL: TRUE  
[4.085s] -- Searching for <gz-common5> component [av]
[4.096s] -- Looking for gz-common5-av -- found version 5.7.1
[4.096s] -- Searching for dependencies of gz-common5-av
[4.113s] -- Checking for module 'libswscale'
[4.172s] --   Found libswscale, version 7.5.100
[4.243s] -- Found SWSCALE: TRUE  
[4.278s] -- Checking for module 'libavdevice >= 56.4.100'
[4.338s] --   Found libavdevice, version 60.3.100
[4.514s] -- Found AVDEVICE: TRUE (Required is at least version "56.4.100") 
[4.540s] -- Checking for module 'libavformat'
[4.601s] --   Found libavformat, version 60.16.100
[4.760s] -- Found AVFORMAT: TRUE  
[4.783s] -- Checking for module 'libavcodec'
[4.856s] --   Found libavcodec, version 60.31.102
[4.964s] -- Found AVCODEC: TRUE  
[4.994s] -- Checking for module 'libavutil'
[5.059s] --   Found libavutil, version 58.29.100
[5.193s] -- Found AVUTIL: TRUE  
[5.201s] -- Searching for <gz-common5> component [events]
[5.209s] -- Looking for gz-common5-events -- found version 5.7.1
[5.209s] -- Searching for dependencies of gz-common5-events
[5.215s] -- Looking for gz-math7 -- found version 7.5.2
[5.219s] -- Searching for <gz-common5> component [graphics]
[5.226s] -- Looking for gz-common5-graphics -- found version 5.7.1
[5.226s] -- Searching for dependencies of gz-common5-graphics
[5.232s] -- Looking for gz-math7 -- found version 7.5.2
[5.256s] -- Found GzAssimp: TRUE (found version "5.3.0") 
[5.257s] -- Searching for <gz-common5> component [io]
[5.270s] -- Looking for gz-common5-io -- found version 5.7.1
[5.270s] -- Searching for dependencies of gz-common5-io
[5.277s] -- Searching for <gz-common5> component [profiler]
[5.284s] -- Looking for gz-common5-profiler -- found version 5.7.1
[5.285s] -- Searching for dependencies of gz-common5-profiler
[5.306s] -- Looking for gz-fuel_tools9 -- found version 9.1.1
[5.306s] -- Searching for dependencies of gz-fuel_tools9
[5.579s] -- Found CURL: /usr/lib/x86_64-linux-gnu/libcurl.so (found version "8.5.0")  
[5.632s] -- Checking for module 'jsoncpp'
[5.714s] --   Found jsoncpp, version 1.9.5
[5.842s] -- Found JSONCPP: TRUE  
[5.976s] -- Checking for module 'yaml-0.1'
[6.068s] --   Found yaml-0.1, version 0.2.5
[6.202s] -- Found YAML: TRUE  
[6.225s] -- Checking for module 'libzip'
[6.302s] --   Found libzip, version 1.7.3
[6.437s] -- Found ZIP: TRUE  
[6.442s] -- Looking for gz-utils2 -- found version 2.2.1
[6.450s] -- Looking for gz-common5 -- found version 5.7.1
[6.458s] -- Searching for dependencies of gz-common5
[6.458s] -- Looking for gz-utils2 -- found version 2.2.1
[6.458s] -- Looking for dlfcn.h - found
[6.459s] -- Looking for libdl - found
[6.486s] -- Searching for <gz-common5> component [testing]
[6.501s] -- Looking for gz-common5-testing -- found version 5.7.1
[6.504s] -- Searching for dependencies of gz-common5-testing
[6.512s] -- Looking for gz-math7 -- found version 7.5.2
[6.513s] -- Looking for gz-msgs10 -- found version 10.3.2
[6.533s] -- Looking for gz-gui8 -- found version 8.4.0
[6.533s] -- Searching for dependencies of gz-gui8
[6.631s] -- Looking for gz-utils2 -- found version 2.2.1
[6.631s] -- Looking for gz-math7 -- found version 7.5.2
[6.631s] -- Looking for gz-common5 -- found version 5.7.1
[6.633s] -- Looking for gz-plugin2 -- found version 2.0.4
[6.640s] -- Looking for gz-transport13 -- found version 13.4.1
[6.647s] -- Looking for gz-rendering8 -- found version 8.2.2
[6.647s] -- Searching for dependencies of gz-rendering8
[6.654s] -- Looking for gz-math7 -- found version 7.5.2
[6.654s] -- Searching for dependencies of gz-math7
[6.654s] -- Looking for gz-utils2 -- found version 2.2.1
[6.658s] -- Searching for <gz-math7> component [eigen3]
[6.668s] -- Looking for gz-math7-eigen3 -- found version 7.5.2
[6.668s] -- Searching for dependencies of gz-math7-eigen3
[6.714s] -- Looking for gz-common5 -- found version 5.7.1
[6.714s] -- Searching for dependencies of gz-common5
[6.714s] -- Looking for gz-utils2 -- found version 2.2.1
[6.714s] -- Looking for dlfcn.h - found
[6.718s] -- Looking for libdl - found
[6.740s] -- Searching for <gz-common5> component [graphics]
[6.744s] -- Searching for <gz-common5> component [events]
[6.745s] -- Searching for <gz-common5> component [geospatial]
[6.759s] -- Looking for gz-common5-geospatial -- found version 5.7.1
[6.760s] -- Searching for dependencies of gz-common5-geospatial
[6.760s] -- Looking for gz-math7 -- found version 7.5.2
[6.765s] -- Looking for gz-common5 -- found version 5.7.1
[6.768s] -- Looking for gz-plugin2 -- found version 2.0.4
[6.776s] -- Searching for dependencies of gz-plugin2
[6.776s] -- Looking for gz-utils2 -- found version 2.2.1
[6.776s] -- Searching for <gz-plugin2> component [all]
[6.786s] -- Looking for all libraries of gz-plugin2 -- found version 2.0.4
[6.787s] -- Looking for gz-plugin2 -- found version 2.0.4
[6.794s] -- Looking for gz-utils2 -- found version 2.2.1
[6.869s] -- Found OpenGL: /usr/lib/x86_64-linux-gnu/libOpenGL.so  found components: OpenGL 
[6.882s] -- Looking for gz-msgs10 -- found version 10.3.2
[7.056s] -- Looking for gz-physics7 -- found version 7.5.0
[7.061s] -- Searching for dependencies of gz-physics7
[7.061s] -- Looking for gz-common5 -- found version 5.7.1
[7.062s] -- Looking for gz-math7 -- found version 7.5.2
[7.064s] -- Looking for gz-plugin2 -- found version 2.0.4
[7.071s] -- Looking for gz-utils2 -- found version 2.2.1
[7.073s] -- Searching for <gz-physics7> component [heightmap]
[7.088s] -- Looking for gz-physics7-heightmap -- found version 7.5.0
[7.088s] -- Searching for dependencies of gz-physics7-heightmap
[7.088s] -- Looking for gz-common5 -- found version 5.7.1
[7.097s] -- Searching for <gz-physics7> component [mesh]
[7.107s] -- Looking for gz-physics7-mesh -- found version 7.5.0
[7.107s] -- Searching for dependencies of gz-physics7-mesh
[7.108s] -- Looking for gz-common5 -- found version 5.7.1
[7.113s] -- Searching for <gz-physics7> component [sdf]
[7.125s] -- Looking for gz-physics7-sdf -- found version 7.5.0
[7.126s] -- Searching for dependencies of gz-physics7-sdf
[7.126s] -- Looking for sdformat14 -- found version 14.8.0
[7.150s] -- Looking for gz-sensors8 -- found version 8.2.2
[7.151s] -- Searching for dependencies of gz-sensors8
[7.249s] -- Looking for gz-math7 -- found version 7.5.2
[7.249s] -- Looking for gz-common5 -- found version 5.7.1
[7.250s] -- Looking for gz-transport13 -- found version 13.4.1
[7.250s] -- Looking for gz-rendering8 -- found version 8.2.2
[7.251s] -- Looking for gz-msgs10 -- found version 10.3.2
[7.258s] -- Looking for sdformat14 -- found version 14.8.0
[7.269s] -- Searching for <gz-sensors8> component [air_pressure]
[7.280s] -- Looking for gz-sensors8-air_pressure -- found version 8.2.2
[7.281s] -- Searching for dependencies of gz-sensors8-air_pressure
[7.285s] -- Searching for <gz-sensors8> component [air_speed]
[7.300s] -- Looking for gz-sensors8-air_speed -- found version 8.2.2
[7.301s] -- Searching for dependencies of gz-sensors8-air_speed
[7.306s] -- Searching for <gz-sensors8> component [altimeter]
[7.315s] -- Looking for gz-sensors8-altimeter -- found version 8.2.2
[7.321s] -- Searching for dependencies of gz-sensors8-altimeter
[7.321s] -- Searching for <gz-sensors8> component [imu]
[7.337s] -- Looking for gz-sensors8-imu -- found version 8.2.2
[7.337s] -- Searching for dependencies of gz-sensors8-imu
[7.338s] -- Searching for <gz-sensors8> component [force_torque]
[7.362s] -- Looking for gz-sensors8-force_torque -- found version 8.2.2
[7.362s] -- Searching for dependencies of gz-sensors8-force_torque
[7.362s] -- Searching for <gz-sensors8> component [logical_camera]
[7.375s] -- Looking for gz-sensors8-logical_camera -- found version 8.2.2
[7.375s] -- Searching for dependencies of gz-sensors8-logical_camera
[7.380s] -- Searching for <gz-sensors8> component [magnetometer]
[7.392s] -- Looking for gz-sensors8-magnetometer -- found version 8.2.2
[7.393s] -- Searching for dependencies of gz-sensors8-magnetometer
[7.400s] -- Searching for <gz-sensors8> component [navsat]
[7.410s] -- Looking for gz-sensors8-navsat -- found version 8.2.2
[7.412s] -- Searching for dependencies of gz-sensors8-navsat
[7.418s] -- Searching for <gz-sensors8> component [dvl]
[7.432s] -- Looking for gz-sensors8-dvl -- found version 8.2.2
[7.432s] -- Searching for dependencies of gz-sensors8-dvl
[7.432s] -- Looking for gz-sensors8 -- found version 8.2.2
[7.434s] -- Searching for dependencies of gz-sensors8
[7.525s] -- Looking for gz-math7 -- found version 7.5.2
[7.529s] -- Looking for gz-common5 -- found version 5.7.1
[7.535s] -- Looking for gz-transport13 -- found version 13.4.1
[7.535s] -- Looking for gz-rendering8 -- found version 8.2.2
[7.538s] -- Looking for gz-msgs10 -- found version 10.3.2
[7.542s] -- Looking for sdformat14 -- found version 14.8.0
[7.549s] -- Searching for <gz-sensors8> component [rendering]
[7.559s] -- Looking for gz-sensors8-rendering -- found version 8.2.2
[7.561s] -- Searching for dependencies of gz-sensors8-rendering
[7.576s] -- Searching for <gz-sensors8> component [rendering]
[7.576s] -- Searching for <gz-sensors8> component [lidar]
[7.581s] -- Looking for gz-sensors8-lidar -- found version 8.2.2
[7.582s] -- Searching for dependencies of gz-sensors8-lidar
[7.585s] -- Looking for gz-sensors8 -- found version 8.2.2
[7.590s] -- Searching for <gz-sensors8> component [gpu_lidar]
[7.601s] -- Looking for gz-sensors8-gpu_lidar -- found version 8.2.2
[7.604s] -- Searching for dependencies of gz-sensors8-gpu_lidar
[7.604s] -- Looking for gz-sensors8 -- found version 8.2.2
[7.609s] -- Searching for <gz-sensors8> component [camera]
[7.620s] -- Looking for gz-sensors8-camera -- found version 8.2.2
[7.621s] -- Searching for dependencies of gz-sensors8-camera
[7.622s] -- Looking for gz-sensors8 -- found version 8.2.2
[7.628s] -- Searching for <gz-sensors8> component [boundingbox_camera]
[7.637s] -- Looking for gz-sensors8-boundingbox_camera -- found version 8.2.2
[7.640s] -- Searching for dependencies of gz-sensors8-boundingbox_camera
[7.643s] -- Searching for <gz-sensors8> component [segmentation_camera]
[7.655s] -- Looking for gz-sensors8-segmentation_camera -- found version 8.2.2
[7.659s] -- Searching for dependencies of gz-sensors8-segmentation_camera
[7.661s] -- Searching for <gz-sensors8> component [depth_camera]
[7.672s] -- Looking for gz-sensors8-depth_camera -- found version 8.2.2
[7.673s] -- Searching for dependencies of gz-sensors8-depth_camera
[7.675s] -- Looking for gz-sensors8 -- found version 8.2.2
[7.683s] -- Searching for <gz-sensors8> component [rgbd_camera]
[7.689s] -- Looking for gz-sensors8-rgbd_camera -- found version 8.2.2
[7.691s] -- Searching for dependencies of gz-sensors8-rgbd_camera
[7.693s] -- Looking for gz-sensors8 -- found version 8.2.2
[7.699s] -- Searching for <gz-sensors8> component [thermal_camera]
[7.709s] -- Looking for gz-sensors8-thermal_camera -- found version 8.2.2
[7.710s] -- Searching for dependencies of gz-sensors8-thermal_camera
[7.712s] -- Looking for gz-sensors8 -- found version 8.2.2
[7.717s] -- Searching for <gz-sensors8> component [wide_angle_camera]
[7.728s] -- Looking for gz-sensors8-wide_angle_camera -- found version 8.2.2
[7.730s] -- Searching for dependencies of gz-sensors8-wide_angle_camera
[7.735s] -- Looking for gz-rendering8 -- found version 8.2.2
[7.735s] -- Looking for gz-math7 -- found version 7.5.2
[7.736s] -- Looking for gz-utils2 -- found version 2.2.1
[7.840s] -- Looking for gz-plugin2 -- found version 2.0.4
[8.180s] -- Configuring done (7.9s)
[8.306s] -- Generating done (0.1s)
[8.341s] -- Build files have been written to: /home/naoko/develop_ws/build/turtlebot3_gazebo
[8.392s] Invoked command in '/home/naoko/develop_ws/build/turtlebot3_gazebo' returned '0': CMAKE_PREFIX_PATH=${CMAKE_PREFIX_PATH}:/opt/ros/jazzy DEBUGINFOD_URLS=https://debuginfod.ubuntu.com /usr/bin/cmake /home/naoko/develop_ws/src/turtlebot3_simulations/turtlebot3_gazebo -DAMENT_CMAKE_SYMLINK_INSTALL=1 -DCMAKE_INSTALL_PREFIX=/home/naoko/develop_ws/install/turtlebot3_gazebo
[8.394s] Invoking command in '/home/naoko/develop_ws/build/turtlebot3_gazebo': CMAKE_PREFIX_PATH=${CMAKE_PREFIX_PATH}:/opt/ros/jazzy DEBUGINFOD_URLS=https://debuginfod.ubuntu.com /usr/bin/cmake --build /home/naoko/develop_ws/build/turtlebot3_gazebo -- -j12 -l12
[8.617s] [ 12%] [32mBuilding CXX object CMakeFiles/turtlebot3_drive.dir/src/turtlebot3_drive.cpp.o[0m
[8.621s] [ 25%] [32mBuilding CXX object CMakeFiles/obstacle1.dir/src/obstacle1.cpp.o[0m
[8.622s] [ 37%] [32mBuilding CXX object CMakeFiles/obstacles.dir/src/obstacles.cpp.o[0m
[8.633s] [ 50%] [32mBuilding CXX object CMakeFiles/obstacle2.dir/src/obstacle2.cpp.o[0m
[14.617s] [ 62%] [32m[1mLinking CXX shared library libobstacle1.so[0m
[14.642s] [ 75%] [32m[1mLinking CXX shared library libobstacle2.so[0m
[15.150s] [ 75%] Built target obstacle1
[15.358s] [ 75%] Built target obstacle2
[17.366s] [ 87%] [32m[1mLinking CXX shared library libobstacles.so[0m
[17.820s] [ 87%] Built target obstacles
[27.158s] [100%] [32m[1mLinking CXX executable turtlebot3_drive[0m
[27.593s] [100%] Built target turtlebot3_drive
[27.609s] Invoked command in '/home/naoko/develop_ws/build/turtlebot3_gazebo' returned '0': CMAKE_PREFIX_PATH=${CMAKE_PREFIX_PATH}:/opt/ros/jazzy DEBUGINFOD_URLS=https://debuginfod.ubuntu.com /usr/bin/cmake --build /home/naoko/develop_ws/build/turtlebot3_gazebo -- -j12 -l12
[27.610s] Invoking command in '/home/naoko/develop_ws/build/turtlebot3_gazebo': CMAKE_PREFIX_PATH=${CMAKE_PREFIX_PATH}:/opt/ros/jazzy DEBUGINFOD_URLS=https://debuginfod.ubuntu.com /usr/bin/cmake --install /home/naoko/develop_ws/build/turtlebot3_gazebo
[27.618s] -- Install configuration: ""
[27.619s] -- Execute custom install script
[27.619s] -- Symlinking: /home/naoko/develop_ws/install/turtlebot3_gazebo/lib/turtlebot3_gazebo/turtlebot3_drive
[27.632s] -- Symlinking: /home/naoko/develop_ws/install/turtlebot3_gazebo/lib/turtlebot3_gazebo/libobstacles.so
[27.642s] -- Symlinking: /home/naoko/develop_ws/install/turtlebot3_gazebo/lib/turtlebot3_gazebo/libobstacle1.so
[27.651s] -- Symlinking: /home/naoko/develop_ws/install/turtlebot3_gazebo/lib/turtlebot3_gazebo/libobstacle2.so
[27.666s] -- Symlinking: /home/naoko/develop_ws/install/turtlebot3_gazebo/share/turtlebot3_gazebo//launch/empty_world.launch.py
[27.679s] -- Symlinking: /home/naoko/develop_ws/install/turtlebot3_gazebo/share/turtlebot3_gazebo//launch/robot_state_publisher.launch.py
[27.690s] -- Symlinking: /home/naoko/develop_ws/install/turtlebot3_gazebo/share/turtlebot3_gazebo//launch/spawn_turtlebot3.launch.py
[27.701s] -- Symlinking: /home/naoko/develop_ws/install/turtlebot3_gazebo/share/turtlebot3_gazebo//launch/turtlebot3_dqn_stage1.launch.py
[27.712s] -- Symlinking: /home/naoko/develop_ws/install/turtlebot3_gazebo/share/turtlebot3_gazebo//launch/turtlebot3_dqn_stage2.launch.py
[27.722s] -- Symlinking: /home/naoko/develop_ws/install/turtlebot3_gazebo/share/turtlebot3_gazebo//launch/turtlebot3_dqn_stage3.launch.py
[27.736s] -- Symlinking: /home/naoko/develop_ws/install/turtlebot3_gazebo/share/turtlebot3_gazebo//launch/turtlebot3_dqn_stage4.launch.py
[27.746s] -- Symlinking: /home/naoko/develop_ws/install/turtlebot3_gazebo/share/turtlebot3_gazebo//launch/turtlebot3_house.launch.py
[27.759s] -- Symlinking: /home/naoko/develop_ws/install/turtlebot3_gazebo/share/turtlebot3_gazebo//launch/turtlebot3_world.launch.py
[27.783s] -- Symlinking: /home/naoko/develop_ws/install/turtlebot3_gazebo/share/turtlebot3_gazebo//models/turtlebot3_burger/model-1_4.sdf
[27.796s] -- Symlinking: /home/naoko/develop_ws/install/turtlebot3_gazebo/share/turtlebot3_gazebo//models/turtlebot3_burger/model.config
[27.809s] -- Symlinking: /home/naoko/develop_ws/install/turtlebot3_gazebo/share/turtlebot3_gazebo//models/turtlebot3_burger/model.sdf
[27.822s] -- Symlinking: /home/naoko/develop_ws/install/turtlebot3_gazebo/share/turtlebot3_gazebo//models/turtlebot3_burger_cam/model-1_4.sdf
[27.832s] -- Symlinking: /home/naoko/develop_ws/install/turtlebot3_gazebo/share/turtlebot3_gazebo//models/turtlebot3_burger_cam/model.config
[27.842s] -- Symlinking: /home/naoko/develop_ws/install/turtlebot3_gazebo/share/turtlebot3_gazebo//models/turtlebot3_burger_cam/model.sdf
[27.852s] -- Symlinking: /home/naoko/develop_ws/install/turtlebot3_gazebo/share/turtlebot3_gazebo//models/turtlebot3_common/meshes/bases/burger_base.stl
[27.862s] -- Symlinking: /home/naoko/develop_ws/install/turtlebot3_gazebo/share/turtlebot3_gazebo//models/turtlebot3_common/meshes/bases/waffle_base.stl
[27.875s] -- Symlinking: /home/naoko/develop_ws/install/turtlebot3_gazebo/share/turtlebot3_gazebo//models/turtlebot3_common/meshes/bases/waffle_pi_base.stl
[27.887s] -- Symlinking: /home/naoko/develop_ws/install/turtlebot3_gazebo/share/turtlebot3_gazebo//models/turtlebot3_common/meshes/burger_base.dae
[27.896s] -- Symlinking: /home/naoko/develop_ws/install/turtlebot3_gazebo/share/turtlebot3_gazebo//models/turtlebot3_common/meshes/lds.dae
[27.908s] -- Symlinking: /home/naoko/develop_ws/install/turtlebot3_gazebo/share/turtlebot3_gazebo//models/turtlebot3_common/meshes/r200.dae
[27.921s] -- Symlinking: /home/naoko/develop_ws/install/turtlebot3_gazebo/share/turtlebot3_gazebo//models/turtlebot3_common/meshes/sensors/astra.dae
[27.936s] -- Symlinking: /home/naoko/develop_ws/install/turtlebot3_gazebo/share/turtlebot3_gazebo//models/turtlebot3_common/meshes/sensors/astra.jpg
[27.948s] -- Symlinking: /home/naoko/develop_ws/install/turtlebot3_gazebo/share/turtlebot3_gazebo//models/turtlebot3_common/meshes/sensors/lds.stl
[27.961s] -- Symlinking: /home/naoko/develop_ws/install/turtlebot3_gazebo/share/turtlebot3_gazebo//models/turtlebot3_common/meshes/sensors/r200.dae
[27.969s] -- Symlinking: /home/naoko/develop_ws/install/turtlebot3_gazebo/share/turtlebot3_gazebo//models/turtlebot3_common/meshes/sensors/r200.jpg
[27.978s] -- Symlinking: /home/naoko/develop_ws/install/turtlebot3_gazebo/share/turtlebot3_gazebo//models/turtlebot3_common/meshes/tire.dae
[27.989s] -- Symlinking: /home/naoko/develop_ws/install/turtlebot3_gazebo/share/turtlebot3_gazebo//models/turtlebot3_common/meshes/waffle_base.dae
[28.003s] -- Symlinking: /home/naoko/develop_ws/install/turtlebot3_gazebo/share/turtlebot3_gazebo//models/turtlebot3_common/meshes/waffle_pi_base.dae
[28.015s] -- Symlinking: /home/naoko/develop_ws/install/turtlebot3_gazebo/share/turtlebot3_gazebo//models/turtlebot3_common/meshes/wheels/left_tire.stl
[28.023s] -- Symlinking: /home/naoko/develop_ws/install/turtlebot3_gazebo/share/turtlebot3_gazebo//models/turtlebot3_common/meshes/wheels/right_tire.stl
[28.034s] -- Symlinking: /home/naoko/develop_ws/install/turtlebot3_gazebo/share/turtlebot3_gazebo//models/turtlebot3_common/model.config
[28.047s] -- Symlinking: /home/naoko/develop_ws/install/turtlebot3_gazebo/share/turtlebot3_gazebo//models/turtlebot3_dqn_world/goal_box/model.config
[28.060s] -- Symlinking: /home/naoko/develop_ws/install/turtlebot3_gazebo/share/turtlebot3_gazebo//models/turtlebot3_dqn_world/goal_box/model.sdf
[28.074s] -- Symlinking: /home/naoko/develop_ws/install/turtlebot3_gazebo/share/turtlebot3_gazebo//models/turtlebot3_dqn_world/inner_walls/model.config
[28.088s] -- Symlinking: /home/naoko/develop_ws/install/turtlebot3_gazebo/share/turtlebot3_gazebo//models/turtlebot3_dqn_world/inner_walls/model.sdf
[28.098s] -- Symlinking: /home/naoko/develop_ws/install/turtlebot3_gazebo/share/turtlebot3_gazebo//models/turtlebot3_dqn_world/inner_walls/textures/wood.png
[28.107s] -- Symlinking: /home/naoko/develop_ws/install/turtlebot3_gazebo/share/turtlebot3_gazebo//models/turtlebot3_dqn_world/model.config
[28.116s] -- Symlinking: /home/naoko/develop_ws/install/turtlebot3_gazebo/share/turtlebot3_gazebo//models/turtlebot3_dqn_world/model.sdf
[28.128s] -- Symlinking: /home/naoko/develop_ws/install/turtlebot3_gazebo/share/turtlebot3_gazebo//models/turtlebot3_dqn_world/obstacle1/model.config
[28.139s] -- Symlinking: /home/naoko/develop_ws/install/turtlebot3_gazebo/share/turtlebot3_gazebo//models/turtlebot3_dqn_world/obstacle1/model.sdf
[28.150s] -- Symlinking: /home/naoko/develop_ws/install/turtlebot3_gazebo/share/turtlebot3_gazebo//models/turtlebot3_dqn_world/obstacle2/model.config
[28.163s] -- Symlinking: /home/naoko/develop_ws/install/turtlebot3_gazebo/share/turtlebot3_gazebo//models/turtlebot3_dqn_world/obstacle2/model.sdf
[28.177s] -- Symlinking: /home/naoko/develop_ws/install/turtlebot3_gazebo/share/turtlebot3_gazebo//models/turtlebot3_dqn_world/obstacles/model.config
[28.193s] -- Symlinking: /home/naoko/develop_ws/install/turtlebot3_gazebo/share/turtlebot3_gazebo//models/turtlebot3_dqn_world/obstacles/model.sdf
[28.207s] -- Symlinking: /home/naoko/develop_ws/install/turtlebot3_gazebo/share/turtlebot3_gazebo//models/turtlebot3_dqn_world/textures/wood.png
[28.219s] -- Symlinking: /home/naoko/develop_ws/install/turtlebot3_gazebo/share/turtlebot3_gazebo//models/turtlebot3_house/cafe_table/materials/textures/Maple.jpg
[28.233s] -- Symlinking: /home/naoko/develop_ws/install/turtlebot3_gazebo/share/turtlebot3_gazebo//models/turtlebot3_house/cafe_table/materials/textures/Wood_Floor_Dark.jpg
[28.247s] -- Symlinking: /home/naoko/develop_ws/install/turtlebot3_gazebo/share/turtlebot3_gazebo//models/turtlebot3_house/cafe_table/meshes/cafe_table.dae
[28.260s] -- Symlinking: /home/naoko/develop_ws/install/turtlebot3_gazebo/share/turtlebot3_gazebo//models/turtlebot3_house/cafe_table/model-1_4.sdf
[28.276s] -- Symlinking: /home/naoko/develop_ws/install/turtlebot3_gazebo/share/turtlebot3_gazebo//models/turtlebot3_house/cafe_table/model.config
[28.292s] -- Symlinking: /home/naoko/develop_ws/install/turtlebot3_gazebo/share/turtlebot3_gazebo//models/turtlebot3_house/cafe_table/model.sdf
[28.303s] -- Symlinking: /home/naoko/develop_ws/install/turtlebot3_gazebo/share/turtlebot3_gazebo//models/turtlebot3_house/first_2015_trash_can/meshes/trash_can.dae
[28.319s] -- Symlinking: /home/naoko/develop_ws/install/turtlebot3_gazebo/share/turtlebot3_gazebo//models/turtlebot3_house/first_2015_trash_can/model.config
[28.333s] -- Symlinking: /home/naoko/develop_ws/install/turtlebot3_gazebo/share/turtlebot3_gazebo//models/turtlebot3_house/first_2015_trash_can/model.sdf
[28.346s] -- Symlinking: /home/naoko/develop_ws/install/turtlebot3_gazebo/share/turtlebot3_gazebo//models/turtlebot3_house/mailbox/materials/scripts/mailbox.material
[28.361s] -- Symlinking: /home/naoko/develop_ws/install/turtlebot3_gazebo/share/turtlebot3_gazebo//models/turtlebot3_house/mailbox/materials/textures/Mailbox_Diffuse.png
[28.376s] -- Symlinking: /home/naoko/develop_ws/install/turtlebot3_gazebo/share/turtlebot3_gazebo//models/turtlebot3_house/mailbox/materials/textures/Mailbox_Diffuse.tga.orig
[28.392s] -- Symlinking: /home/naoko/develop_ws/install/turtlebot3_gazebo/share/turtlebot3_gazebo//models/turtlebot3_house/mailbox/materials/textures/Mailbox_Spec.png
[28.407s] -- Symlinking: /home/naoko/develop_ws/install/turtlebot3_gazebo/share/turtlebot3_gazebo//models/turtlebot3_house/mailbox/meshes/mailbox.dae
[28.418s] -- Symlinking: /home/naoko/develop_ws/install/turtlebot3_gazebo/share/turtlebot3_gazebo//models/turtlebot3_house/mailbox/model-1_3.sdf
[28.433s] -- Symlinking: /home/naoko/develop_ws/install/turtlebot3_gazebo/share/turtlebot3_gazebo//models/turtlebot3_house/mailbox/model-1_4.sdf
[28.448s] -- Symlinking: /home/naoko/develop_ws/install/turtlebot3_gazebo/share/turtlebot3_gazebo//models/turtlebot3_house/mailbox/model.config
[28.457s] -- Symlinking: /home/naoko/develop_ws/install/turtlebot3_gazebo/share/turtlebot3_gazebo//models/turtlebot3_house/mailbox/model.sdf
[28.466s] -- Symlinking: /home/naoko/develop_ws/install/turtlebot3_gazebo/share/turtlebot3_gazebo//models/turtlebot3_house/model.config
[28.479s] -- Symlinking: /home/naoko/develop_ws/install/turtlebot3_gazebo/share/turtlebot3_gazebo//models/turtlebot3_house/model.sdf
[28.492s] -- Symlinking: /home/naoko/develop_ws/install/turtlebot3_gazebo/share/turtlebot3_gazebo//models/turtlebot3_house/table_marble/materials/scripts/table_lightmap.material
[28.503s] -- Symlinking: /home/naoko/develop_ws/install/turtlebot3_gazebo/share/turtlebot3_gazebo//models/turtlebot3_house/table_marble/materials/textures/marble.png
[28.512s] -- Symlinking: /home/naoko/develop_ws/install/turtlebot3_gazebo/share/turtlebot3_gazebo//models/turtlebot3_house/table_marble/materials/textures/table_lightmap.png
[28.525s] -- Symlinking: /home/naoko/develop_ws/install/turtlebot3_gazebo/share/turtlebot3_gazebo//models/turtlebot3_house/table_marble/meshes/table_lightmap.dae
[28.534s] -- Symlinking: /home/naoko/develop_ws/install/turtlebot3_gazebo/share/turtlebot3_gazebo//models/turtlebot3_house/table_marble/model-1_4.sdf
[28.543s] -- Symlinking: /home/naoko/develop_ws/install/turtlebot3_gazebo/share/turtlebot3_gazebo//models/turtlebot3_house/table_marble/model.config
[28.552s] -- Symlinking: /home/naoko/develop_ws/install/turtlebot3_gazebo/share/turtlebot3_gazebo//models/turtlebot3_house/table_marble/model.sdf
[28.565s] -- Symlinking: /home/naoko/develop_ws/install/turtlebot3_gazebo/share/turtlebot3_gazebo//models/turtlebot3_house/textures/bricks.png
[28.579s] -- Symlinking: /home/naoko/develop_ws/install/turtlebot3_gazebo/share/turtlebot3_gazebo//models/turtlebot3_house/textures/wood.png
[28.592s] -- Symlinking: /home/naoko/develop_ws/install/turtlebot3_gazebo/share/turtlebot3_gazebo//models/turtlebot3_waffle/model-1_4.sdf
[28.606s] -- Symlinking: /home/naoko/develop_ws/install/turtlebot3_gazebo/share/turtlebot3_gazebo//models/turtlebot3_waffle/model.config
[28.614s] -- Symlinking: /home/naoko/develop_ws/install/turtlebot3_gazebo/share/turtlebot3_gazebo//models/turtlebot3_waffle/model.sdf
[28.627s] -- Symlinking: /home/naoko/develop_ws/install/turtlebot3_gazebo/share/turtlebot3_gazebo//models/turtlebot3_waffle_pi/model-1_4_.sdf
[28.637s] -- Symlinking: /home/naoko/develop_ws/install/turtlebot3_gazebo/share/turtlebot3_gazebo//models/turtlebot3_waffle_pi/model.config
[28.648s] -- Symlinking: /home/naoko/develop_ws/install/turtlebot3_gazebo/share/turtlebot3_gazebo//models/turtlebot3_waffle_pi/model.sdf
[28.663s] -- Symlinking: /home/naoko/develop_ws/install/turtlebot3_gazebo/share/turtlebot3_gazebo//models/turtlebot3_world/meshes/hexagon.dae
[28.676s] -- Symlinking: /home/naoko/develop_ws/install/turtlebot3_gazebo/share/turtlebot3_gazebo//models/turtlebot3_world/meshes/wall.dae
[28.689s] -- Symlinking: /home/naoko/develop_ws/install/turtlebot3_gazebo/share/turtlebot3_gazebo//models/turtlebot3_world/model-1_4.sdf
[28.700s] -- Symlinking: /home/naoko/develop_ws/install/turtlebot3_gazebo/share/turtlebot3_gazebo//models/turtlebot3_world/model.config
[28.713s] -- Symlinking: /home/naoko/develop_ws/install/turtlebot3_gazebo/share/turtlebot3_gazebo//models/turtlebot3_world/model.sdf
[28.727s] -- Symlinking: /home/naoko/develop_ws/install/turtlebot3_gazebo/share/turtlebot3_gazebo//params/turtlebot3_burger_bridge.yaml
[28.740s] -- Symlinking: /home/naoko/develop_ws/install/turtlebot3_gazebo/share/turtlebot3_gazebo//params/turtlebot3_burger_cam_bridge.yaml
[28.752s] -- Symlinking: /home/naoko/develop_ws/install/turtlebot3_gazebo/share/turtlebot3_gazebo//params/turtlebot3_waffle_bridge.yaml
[28.762s] -- Symlinking: /home/naoko/develop_ws/install/turtlebot3_gazebo/share/turtlebot3_gazebo//params/turtlebot3_waffle_pi_bridge.yaml
[28.778s] -- Symlinking: /home/naoko/develop_ws/install/turtlebot3_gazebo/share/turtlebot3_gazebo//rviz/tb3_gazebo.rviz
[28.792s] -- Symlinking: /home/naoko/develop_ws/install/turtlebot3_gazebo/share/turtlebot3_gazebo//urdf/common_properties.urdf
[28.806s] -- Symlinking: /home/naoko/develop_ws/install/turtlebot3_gazebo/share/turtlebot3_gazebo//urdf/turtlebot3_burger.urdf
[28.818s] -- Symlinking: /home/naoko/develop_ws/install/turtlebot3_gazebo/share/turtlebot3_gazebo//urdf/turtlebot3_burger_cam.urdf
[28.831s] -- Symlinking: /home/naoko/develop_ws/install/turtlebot3_gazebo/share/turtlebot3_gazebo//urdf/turtlebot3_waffle.urdf
[28.845s] -- Symlinking: /home/naoko/develop_ws/install/turtlebot3_gazebo/share/turtlebot3_gazebo//urdf/turtlebot3_waffle_pi.urdf
[28.857s] -- Symlinking: /home/naoko/develop_ws/install/turtlebot3_gazebo/share/turtlebot3_gazebo//worlds/empty_world.world
[28.871s] -- Symlinking: /home/naoko/develop_ws/install/turtlebot3_gazebo/share/turtlebot3_gazebo//worlds/turtlebot3_autorace_2020.world
[28.881s] -- Symlinking: /home/naoko/develop_ws/install/turtlebot3_gazebo/share/turtlebot3_gazebo//worlds/turtlebot3_dqn_stage1.world
[28.894s] -- Symlinking: /home/naoko/develop_ws/install/turtlebot3_gazebo/share/turtlebot3_gazebo//worlds/turtlebot3_dqn_stage2.world
[28.906s] -- Symlinking: /home/naoko/develop_ws/install/turtlebot3_gazebo/share/turtlebot3_gazebo//worlds/turtlebot3_dqn_stage3.world
[28.919s] -- Symlinking: /home/naoko/develop_ws/install/turtlebot3_gazebo/share/turtlebot3_gazebo//worlds/turtlebot3_dqn_stage4.world
[28.934s] -- Symlinking: /home/naoko/develop_ws/install/turtlebot3_gazebo/share/turtlebot3_gazebo//worlds/turtlebot3_house.world
[28.943s] -- Symlinking: /home/naoko/develop_ws/install/turtlebot3_gazebo/share/turtlebot3_gazebo//worlds/turtlebot3_world.world
[28.957s] -- Symlinking: /home/naoko/develop_ws/install/turtlebot3_gazebo/include//turtlebot3_gazebo/obstacle1.hpp
[28.970s] -- Symlinking: /home/naoko/develop_ws/install/turtlebot3_gazebo/include//turtlebot3_gazebo/obstacle2.hpp
[28.983s] -- Symlinking: /home/naoko/develop_ws/install/turtlebot3_gazebo/include//turtlebot3_gazebo/obstacles.hpp
[28.993s] -- Symlinking: /home/naoko/develop_ws/install/turtlebot3_gazebo/include//turtlebot3_gazebo/traffic_bar_plugin.hpp
[29.006s] -- Symlinking: /home/naoko/develop_ws/install/turtlebot3_gazebo/include//turtlebot3_gazebo/traffic_light_plugin.hpp
[29.019s] -- Symlinking: /home/naoko/develop_ws/install/turtlebot3_gazebo/include//turtlebot3_gazebo/turtlebot3_drive.hpp
[29.032s] -- Symlinking: /home/naoko/develop_ws/install/turtlebot3_gazebo/share/ament_index/resource_index/package_run_dependencies/turtlebot3_gazebo
[29.042s] -- Symlinking: /home/naoko/develop_ws/install/turtlebot3_gazebo/share/ament_index/resource_index/parent_prefix_path/turtlebot3_gazebo
[29.053s] -- Symlinking: /home/naoko/develop_ws/install/turtlebot3_gazebo/share/turtlebot3_gazebo/environment/ament_prefix_path.sh
[29.066s] -- Symlinking: /home/naoko/develop_ws/install/turtlebot3_gazebo/share/turtlebot3_gazebo/environment/ament_prefix_path.dsv
[29.078s] -- Symlinking: /home/naoko/develop_ws/install/turtlebot3_gazebo/share/turtlebot3_gazebo/environment/path.sh
[29.089s] -- Symlinking: /home/naoko/develop_ws/install/turtlebot3_gazebo/share/turtlebot3_gazebo/environment/path.dsv
[29.099s] -- Symlinking: /home/naoko/develop_ws/install/turtlebot3_gazebo/share/turtlebot3_gazebo/local_setup.bash
[29.108s] -- Symlinking: /home/naoko/develop_ws/install/turtlebot3_gazebo/share/turtlebot3_gazebo/local_setup.sh
[29.120s] -- Symlinking: /home/naoko/develop_ws/install/turtlebot3_gazebo/share/turtlebot3_gazebo/local_setup.zsh
[29.133s] -- Symlinking: /home/naoko/develop_ws/install/turtlebot3_gazebo/share/turtlebot3_gazebo/local_setup.dsv
[29.144s] -- Symlinking: /home/naoko/develop_ws/install/turtlebot3_gazebo/share/turtlebot3_gazebo/package.dsv
[29.158s] -- Symlinking: /home/naoko/develop_ws/install/turtlebot3_gazebo/share/ament_index/resource_index/packages/turtlebot3_gazebo
[29.172s] -- Symlinking: /home/naoko/develop_ws/install/turtlebot3_gazebo/share/turtlebot3_gazebo/cmake/ament_cmake_export_include_directories-extras.cmake
[29.185s] -- Symlinking: /home/naoko/develop_ws/install/turtlebot3_gazebo/share/turtlebot3_gazebo/cmake/ament_cmake_export_dependencies-extras.cmake
[29.197s] -- Symlinking: /home/naoko/develop_ws/install/turtlebot3_gazebo/share/turtlebot3_gazebo/cmake/turtlebot3_gazeboConfig.cmake
[29.210s] -- Symlinking: /home/naoko/develop_ws/install/turtlebot3_gazebo/share/turtlebot3_gazebo/cmake/turtlebot3_gazeboConfig-version.cmake
[29.221s] -- Symlinking: /home/naoko/develop_ws/install/turtlebot3_gazebo/share/turtlebot3_gazebo/package.xml
[29.237s] Invoked command in '/home/naoko/develop_ws/build/turtlebot3_gazebo' returned '0': CMAKE_PREFIX_PATH=${CMAKE_PREFIX_PATH}:/opt/ros/jazzy DEBUGINFOD_URLS=https://debuginfod.ubuntu.com /usr/bin/cmake --install /home/naoko/develop_ws/build/turtlebot3_gazebo
