[0.047s] Invoking command in '/home/naoko/develop_ws/build/turtlebot3_cartographer': CMAKE_PREFIX_PATH=${CMAKE_PREFIX_PATH}:/opt/ros/jazzy DEBUGINFOD_URLS=https://debuginfod.ubuntu.com /usr/bin/cmake --build /home/naoko/develop_ws/build/turtlebot3_cartographer -- -j12 -l12
[0.476s] Invoked command in '/home/naoko/develop_ws/build/turtlebot3_cartographer' returned '0': CMAKE_PREFIX_PATH=${CMAKE_PREFIX_PATH}:/opt/ros/jazzy DEBUGINFOD_URLS=https://debuginfod.ubuntu.com /usr/bin/cmake --build /home/naoko/develop_ws/build/turtlebot3_cartographer -- -j12 -l12
[0.476s] Invoking command in '/home/naoko/develop_ws/build/turtlebot3_cartographer': CMAKE_PREFIX_PATH=${CMAKE_PREFIX_PATH}:/opt/ros/jazzy DEBUGINFOD_URLS=https://debuginfod.ubuntu.com /usr/bin/cmake --install /home/naoko/develop_ws/build/turtlebot3_cartographer
[0.496s] -- Install configuration: ""
[0.496s] -- Execute custom install script
[0.497s] -- Up-to-date symlink: /home/naoko/develop_ws/install/turtlebot3_cartographer/share/turtlebot3_cartographer/config/turtlebot3_lds_2d.lua
[0.497s] -- Up-to-date symlink: /home/naoko/develop_ws/install/turtlebot3_cartographer/share/turtlebot3_cartographer/launch/cartographer.launch.py
[0.497s] -- Up-to-date symlink: /home/naoko/develop_ws/install/turtlebot3_cartographer/share/turtlebot3_cartographer/launch/occupancy_grid.launch.py
[0.497s] -- Up-to-date symlink: /home/naoko/develop_ws/install/turtlebot3_cartographer/share/turtlebot3_cartographer/rviz/tb3_cartographer.rviz
[0.497s] -- Up-to-date symlink: /home/naoko/develop_ws/install/turtlebot3_cartographer/share/ament_index/resource_index/package_run_dependencies/turtlebot3_cartographer
[0.497s] -- Up-to-date symlink: /home/naoko/develop_ws/install/turtlebot3_cartographer/share/ament_index/resource_index/parent_prefix_path/turtlebot3_cartographer
[0.497s] -- Up-to-date symlink: /home/naoko/develop_ws/install/turtlebot3_cartographer/share/turtlebot3_cartographer/environment/ament_prefix_path.sh
[0.497s] -- Up-to-date symlink: /home/naoko/develop_ws/install/turtlebot3_cartographer/share/turtlebot3_cartographer/environment/ament_prefix_path.dsv
[0.497s] -- Up-to-date symlink: /home/naoko/develop_ws/install/turtlebot3_cartographer/share/turtlebot3_cartographer/environment/path.sh
[0.499s] -- Up-to-date symlink: /home/naoko/develop_ws/install/turtlebot3_cartographer/share/turtlebot3_cartographer/environment/path.dsv
[0.499s] -- Up-to-date symlink: /home/naoko/develop_ws/install/turtlebot3_cartographer/share/turtlebot3_cartographer/local_setup.bash
[0.499s] -- Up-to-date symlink: /home/naoko/develop_ws/install/turtlebot3_cartographer/share/turtlebot3_cartographer/local_setup.sh
[0.500s] -- Up-to-date symlink: /home/naoko/develop_ws/install/turtlebot3_cartographer/share/turtlebot3_cartographer/local_setup.zsh
[0.501s] -- Up-to-date symlink: /home/naoko/develop_ws/install/turtlebot3_cartographer/share/turtlebot3_cartographer/local_setup.dsv
[0.501s] -- Symlinking: /home/naoko/develop_ws/install/turtlebot3_cartographer/share/turtlebot3_cartographer/package.dsv
[0.516s] -- Up-to-date symlink: /home/naoko/develop_ws/install/turtlebot3_cartographer/share/ament_index/resource_index/packages/turtlebot3_cartographer
[0.516s] -- Up-to-date symlink: /home/naoko/develop_ws/install/turtlebot3_cartographer/share/turtlebot3_cartographer/cmake/turtlebot3_cartographerConfig.cmake
[0.516s] -- Up-to-date symlink: /home/naoko/develop_ws/install/turtlebot3_cartographer/share/turtlebot3_cartographer/cmake/turtlebot3_cartographerConfig-version.cmake
[0.517s] -- Up-to-date symlink: /home/naoko/develop_ws/install/turtlebot3_cartographer/share/turtlebot3_cartographer/package.xml
[0.551s] Invoked command in '/home/naoko/develop_ws/build/turtlebot3_cartographer' returned '0': CMAKE_PREFIX_PATH=${CMAKE_PREFIX_PATH}:/opt/ros/jazzy DEBUGINFOD_URLS=https://debuginfod.ubuntu.com /usr/bin/cmake --install /home/naoko/develop_ws/build/turtlebot3_cartographer
