[0.031s] Invoking command in '/home/naoko/develop_ws/build/turtlebot3_description': CMAKE_PREFIX_PATH=${CMAKE_PREFIX_PATH}:/opt/ros/jazzy DEBUGINFOD_URLS=https://debuginfod.ubuntu.com /usr/bin/cmake /home/naoko/develop_ws/src/turtlebot3/turtlebot3_description -DCMAKE_INSTALL_PREFIX=/home/naoko/develop_ws/install/turtlebot3_description
[0.191s] -- The C compiler identification is GNU 13.3.0
[0.191s] -- The CXX compiler identification is GNU 13.3.0
[0.198s] -- Detecting C compiler ABI info
[0.282s] -- Detecting C compiler ABI info - done
[0.294s] -- Check for working C compiler: /usr/bin/cc - skipped
[0.294s] -- Detecting C compile features
[0.295s] -- Detecting C compile features - done
[0.305s] -- Detecting CXX compiler ABI info
[0.392s] -- Detecting CXX compiler ABI info - done
[0.406s] -- Check for working CXX compiler: /usr/bin/c++ - skipped
[0.406s] -- Detecting CXX compile features
[0.407s] -- Detecting CXX compile features - done
[0.429s] -- Found ament_cmake: 2.5.4 (/opt/ros/jazzy/share/ament_cmake/cmake)
[0.598s] -- Found Python3: /usr/bin/python3 (found version "3.12.3") found components: Interpreter 
[0.747s] -- Found urdf: 2.10.0 (/opt/ros/jazzy/share/urdf/cmake)
[0.825s] -- Found TinyXML2 via Config file: /usr/lib/x86_64-linux-gnu/cmake/tinyxml2
[0.954s] -- Configuring done (0.9s)
[0.957s] -- Generating done (0.0s)
[0.958s] -- Build files have been written to: /home/naoko/develop_ws/build/turtlebot3_description
[0.966s] Invoked command in '/home/naoko/develop_ws/build/turtlebot3_description' returned '0': CMAKE_PREFIX_PATH=${CMAKE_PREFIX_PATH}:/opt/ros/jazzy DEBUGINFOD_URLS=https://debuginfod.ubuntu.com /usr/bin/cmake /home/naoko/develop_ws/src/turtlebot3/turtlebot3_description -DCMAKE_INSTALL_PREFIX=/home/naoko/develop_ws/install/turtlebot3_description
[0.967s] Invoking command in '/home/naoko/develop_ws/build/turtlebot3_description': CMAKE_PREFIX_PATH=${CMAKE_PREFIX_PATH}:/opt/ros/jazzy DEBUGINFOD_URLS=https://debuginfod.ubuntu.com /usr/bin/cmake --build /home/naoko/develop_ws/build/turtlebot3_description -- -j12 -l12
[1.020s] Invoked command in '/home/naoko/develop_ws/build/turtlebot3_description' returned '0': CMAKE_PREFIX_PATH=${CMAKE_PREFIX_PATH}:/opt/ros/jazzy DEBUGINFOD_URLS=https://debuginfod.ubuntu.com /usr/bin/cmake --build /home/naoko/develop_ws/build/turtlebot3_description -- -j12 -l12
[1.024s] Invoking command in '/home/naoko/develop_ws/build/turtlebot3_description': CMAKE_PREFIX_PATH=${CMAKE_PREFIX_PATH}:/opt/ros/jazzy DEBUGINFOD_URLS=https://debuginfod.ubuntu.com /usr/bin/cmake --install /home/naoko/develop_ws/build/turtlebot3_description
[1.032s] -- Install configuration: ""
[1.032s] -- Installing: /home/naoko/develop_ws/install/turtlebot3_description/share/turtlebot3_description/meshes
[1.032s] -- Installing: /home/naoko/develop_ws/install/turtlebot3_description/share/turtlebot3_description/meshes/sensors
[1.032s] -- Installing: /home/naoko/develop_ws/install/turtlebot3_description/share/turtlebot3_description/meshes/sensors/astra.dae
[1.041s] -- Installing: /home/naoko/develop_ws/install/turtlebot3_description/share/turtlebot3_description/meshes/sensors/lds.stl
[1.042s] -- Installing: /home/naoko/develop_ws/install/turtlebot3_description/share/turtlebot3_description/meshes/sensors/astra.jpg
[1.042s] -- Installing: /home/naoko/develop_ws/install/turtlebot3_description/share/turtlebot3_description/meshes/sensors/r200.jpg
[1.042s] -- Installing: /home/naoko/develop_ws/install/turtlebot3_description/share/turtlebot3_description/meshes/sensors/r200.dae
[1.042s] -- Installing: /home/naoko/develop_ws/install/turtlebot3_description/share/turtlebot3_description/meshes/bases
[1.042s] -- Installing: /home/naoko/develop_ws/install/turtlebot3_description/share/turtlebot3_description/meshes/bases/waffle_pi_base.stl
[1.050s] -- Installing: /home/naoko/develop_ws/install/turtlebot3_description/share/turtlebot3_description/meshes/bases/waffle_base.stl
[1.065s] -- Installing: /home/naoko/develop_ws/install/turtlebot3_description/share/turtlebot3_description/meshes/bases/burger_base.stl
[1.070s] -- Installing: /home/naoko/develop_ws/install/turtlebot3_description/share/turtlebot3_description/meshes/wheels
[1.070s] -- Installing: /home/naoko/develop_ws/install/turtlebot3_description/share/turtlebot3_description/meshes/wheels/right_tire.stl
[1.071s] -- Installing: /home/naoko/develop_ws/install/turtlebot3_description/share/turtlebot3_description/meshes/wheels/left_tire.stl
[1.072s] -- Installing: /home/naoko/develop_ws/install/turtlebot3_description/share/turtlebot3_description/rviz
[1.072s] -- Installing: /home/naoko/develop_ws/install/turtlebot3_description/share/turtlebot3_description/rviz/model.rviz
[1.072s] -- Installing: /home/naoko/develop_ws/install/turtlebot3_description/share/turtlebot3_description/urdf
[1.073s] -- Installing: /home/naoko/develop_ws/install/turtlebot3_description/share/turtlebot3_description/urdf/turtlebot3_waffle.urdf
[1.073s] -- Installing: /home/naoko/develop_ws/install/turtlebot3_description/share/turtlebot3_description/urdf/turtlebot3_burger.urdf
[1.073s] -- Installing: /home/naoko/develop_ws/install/turtlebot3_description/share/turtlebot3_description/urdf/common_properties.urdf
[1.073s] -- Installing: /home/naoko/develop_ws/install/turtlebot3_description/share/turtlebot3_description/urdf/turtlebot3_waffle_pi.urdf
[1.073s] -- Installing: /home/naoko/develop_ws/install/turtlebot3_description/share/ament_index/resource_index/package_run_dependencies/turtlebot3_description
[1.073s] -- Installing: /home/naoko/develop_ws/install/turtlebot3_description/share/ament_index/resource_index/parent_prefix_path/turtlebot3_description
[1.073s] -- Installing: /home/naoko/develop_ws/install/turtlebot3_description/share/turtlebot3_description/environment/ament_prefix_path.sh
[1.074s] -- Installing: /home/naoko/develop_ws/install/turtlebot3_description/share/turtlebot3_description/environment/ament_prefix_path.dsv
[1.074s] -- Installing: /home/naoko/develop_ws/install/turtlebot3_description/share/turtlebot3_description/environment/path.sh
[1.074s] -- Installing: /home/naoko/develop_ws/install/turtlebot3_description/share/turtlebot3_description/environment/path.dsv
[1.074s] -- Installing: /home/naoko/develop_ws/install/turtlebot3_description/share/turtlebot3_description/local_setup.bash
[1.074s] -- Installing: /home/naoko/develop_ws/install/turtlebot3_description/share/turtlebot3_description/local_setup.sh
[1.074s] -- Installing: /home/naoko/develop_ws/install/turtlebot3_description/share/turtlebot3_description/local_setup.zsh
[1.074s] -- Installing: /home/naoko/develop_ws/install/turtlebot3_description/share/turtlebot3_description/local_setup.dsv
[1.074s] -- Installing: /home/naoko/develop_ws/install/turtlebot3_description/share/turtlebot3_description/package.dsv
[1.075s] -- Installing: /home/naoko/develop_ws/install/turtlebot3_description/share/ament_index/resource_index/packages/turtlebot3_description
[1.075s] -- Installing: /home/naoko/develop_ws/install/turtlebot3_description/share/turtlebot3_description/cmake/turtlebot3_descriptionConfig.cmake
[1.075s] -- Installing: /home/naoko/develop_ws/install/turtlebot3_description/share/turtlebot3_description/cmake/turtlebot3_descriptionConfig-version.cmake
[1.075s] -- Installing: /home/naoko/develop_ws/install/turtlebot3_description/share/turtlebot3_description/package.xml
[1.078s] Invoked command in '/home/naoko/develop_ws/build/turtlebot3_description' returned '0': CMAKE_PREFIX_PATH=${CMAKE_PREFIX_PATH}:/opt/ros/jazzy DEBUGINFOD_URLS=https://debuginfod.ubuntu.com /usr/bin/cmake --install /home/naoko/develop_ws/build/turtlebot3_description
