[0.265s] Invoking command in '/home/naoko/develop_ws/build/turtlebot3_navigation2': CMAKE_PREFIX_PATH=${CMAKE_PREFIX_PATH}:/opt/ros/jazzy DEBUGINFOD_URLS=https://debuginfod.ubuntu.com /usr/bin/cmake /home/naoko/develop_ws/src/turtlebot3/turtlebot3_navigation2 -DAMENT_CMAKE_SYMLINK_INSTALL=1 -DCMAKE_INSTALL_PREFIX=/home/naoko/develop_ws/install/turtlebot3_navigation2
[0.613s] -- The C compiler identification is GNU 13.3.0
[0.614s] -- The CXX compiler identification is GNU 13.3.0
[0.614s] -- Detecting C compiler ABI info
[0.614s] -- Detecting C compiler ABI info - done
[0.614s] -- Check for working C compiler: /usr/bin/cc - skipped
[0.615s] -- Detecting C compile features
[0.615s] -- Detecting C compile features - done
[0.615s] -- Detecting CXX compiler ABI info
[0.649s] -- Detecting CXX compiler ABI info - done
[0.668s] -- Check for working CXX compiler: /usr/bin/c++ - skipped
[0.668s] -- Detecting CXX compile features
[0.669s] -- Detecting CXX compile features - done
[0.678s] -- Found ament_cmake: 2.5.4 (/opt/ros/jazzy/share/ament_cmake/cmake)
[0.911s] -- Found Python3: /usr/bin/python3 (found version "3.12.3") found components: Interpreter 
[1.038s] -- Override CMake install command with custom implementation using symlinks instead of copying resources
[1.247s] -- Configuring done (1.0s)
[1.252s] -- Generating done (0.0s)
[1.254s] -- Build files have been written to: /home/naoko/develop_ws/build/turtlebot3_navigation2
[1.260s] Invoked command in '/home/naoko/develop_ws/build/turtlebot3_navigation2' returned '0': CMAKE_PREFIX_PATH=${CMAKE_PREFIX_PATH}:/opt/ros/jazzy DEBUGINFOD_URLS=https://debuginfod.ubuntu.com /usr/bin/cmake /home/naoko/develop_ws/src/turtlebot3/turtlebot3_navigation2 -DAMENT_CMAKE_SYMLINK_INSTALL=1 -DCMAKE_INSTALL_PREFIX=/home/naoko/develop_ws/install/turtlebot3_navigation2
[1.264s] Invoking command in '/home/naoko/develop_ws/build/turtlebot3_navigation2': CMAKE_PREFIX_PATH=${CMAKE_PREFIX_PATH}:/opt/ros/jazzy DEBUGINFOD_URLS=https://debuginfod.ubuntu.com /usr/bin/cmake --build /home/naoko/develop_ws/build/turtlebot3_navigation2 -- -j12 -l12
[1.318s] Invoked command in '/home/naoko/develop_ws/build/turtlebot3_navigation2' returned '0': CMAKE_PREFIX_PATH=${CMAKE_PREFIX_PATH}:/opt/ros/jazzy DEBUGINFOD_URLS=https://debuginfod.ubuntu.com /usr/bin/cmake --build /home/naoko/develop_ws/build/turtlebot3_navigation2 -- -j12 -l12
[1.320s] Invoking command in '/home/naoko/develop_ws/build/turtlebot3_navigation2': CMAKE_PREFIX_PATH=${CMAKE_PREFIX_PATH}:/opt/ros/jazzy DEBUGINFOD_URLS=https://debuginfod.ubuntu.com /usr/bin/cmake --install /home/naoko/develop_ws/build/turtlebot3_navigation2
[1.331s] -- Install configuration: ""
[1.332s] -- Execute custom install script
[1.333s] -- Symlinking: /home/naoko/develop_ws/install/turtlebot3_navigation2/share/turtlebot3_navigation2/launch/navigation2.launch.py
[1.346s] -- Symlinking: /home/naoko/develop_ws/install/turtlebot3_navigation2/share/turtlebot3_navigation2/map/map.pgm
[1.360s] -- Symlinking: /home/naoko/develop_ws/install/turtlebot3_navigation2/share/turtlebot3_navigation2/map/map.yaml
[1.373s] -- Symlinking: /home/naoko/develop_ws/install/turtlebot3_navigation2/share/turtlebot3_navigation2/param/burger.yaml
[1.385s] -- Symlinking: /home/naoko/develop_ws/install/turtlebot3_navigation2/share/turtlebot3_navigation2/param/burger_cam.yaml
[1.397s] -- Symlinking: /home/naoko/develop_ws/install/turtlebot3_navigation2/share/turtlebot3_navigation2/param/humble/burger.yaml
[1.410s] -- Symlinking: /home/naoko/develop_ws/install/turtlebot3_navigation2/share/turtlebot3_navigation2/param/humble/burger_cam.yaml
[1.420s] -- Symlinking: /home/naoko/develop_ws/install/turtlebot3_navigation2/share/turtlebot3_navigation2/param/humble/waffle.yaml
[1.432s] -- Symlinking: /home/naoko/develop_ws/install/turtlebot3_navigation2/share/turtlebot3_navigation2/param/humble/waffle_pi.yaml
[1.445s] -- Symlinking: /home/naoko/develop_ws/install/turtlebot3_navigation2/share/turtlebot3_navigation2/param/waffle.yaml
[1.455s] -- Symlinking: /home/naoko/develop_ws/install/turtlebot3_navigation2/share/turtlebot3_navigation2/param/waffle_pi.yaml
[1.467s] -- Symlinking: /home/naoko/develop_ws/install/turtlebot3_navigation2/share/turtlebot3_navigation2/rviz/tb3_navigation2.rviz
[1.480s] -- Symlinking: /home/naoko/develop_ws/install/turtlebot3_navigation2/share/ament_index/resource_index/package_run_dependencies/turtlebot3_navigation2
[1.489s] -- Symlinking: /home/naoko/develop_ws/install/turtlebot3_navigation2/share/ament_index/resource_index/parent_prefix_path/turtlebot3_navigation2
[1.502s] -- Symlinking: /home/naoko/develop_ws/install/turtlebot3_navigation2/share/turtlebot3_navigation2/environment/ament_prefix_path.sh
[1.514s] -- Symlinking: /home/naoko/develop_ws/install/turtlebot3_navigation2/share/turtlebot3_navigation2/environment/ament_prefix_path.dsv
[1.525s] -- Symlinking: /home/naoko/develop_ws/install/turtlebot3_navigation2/share/turtlebot3_navigation2/environment/path.sh
[1.535s] -- Symlinking: /home/naoko/develop_ws/install/turtlebot3_navigation2/share/turtlebot3_navigation2/environment/path.dsv
[1.544s] -- Symlinking: /home/naoko/develop_ws/install/turtlebot3_navigation2/share/turtlebot3_navigation2/local_setup.bash
[1.552s] -- Symlinking: /home/naoko/develop_ws/install/turtlebot3_navigation2/share/turtlebot3_navigation2/local_setup.sh
[1.561s] -- Symlinking: /home/naoko/develop_ws/install/turtlebot3_navigation2/share/turtlebot3_navigation2/local_setup.zsh
[1.575s] -- Symlinking: /home/naoko/develop_ws/install/turtlebot3_navigation2/share/turtlebot3_navigation2/local_setup.dsv
[1.588s] -- Symlinking: /home/naoko/develop_ws/install/turtlebot3_navigation2/share/turtlebot3_navigation2/package.dsv
[1.602s] -- Symlinking: /home/naoko/develop_ws/install/turtlebot3_navigation2/share/ament_index/resource_index/packages/turtlebot3_navigation2
[1.616s] -- Symlinking: /home/naoko/develop_ws/install/turtlebot3_navigation2/share/turtlebot3_navigation2/cmake/turtlebot3_navigation2Config.cmake
[1.625s] -- Symlinking: /home/naoko/develop_ws/install/turtlebot3_navigation2/share/turtlebot3_navigation2/cmake/turtlebot3_navigation2Config-version.cmake
[1.638s] -- Symlinking: /home/naoko/develop_ws/install/turtlebot3_navigation2/share/turtlebot3_navigation2/package.xml
[1.649s] Invoked command in '/home/naoko/develop_ws/build/turtlebot3_navigation2' returned '0': CMAKE_PREFIX_PATH=${CMAKE_PREFIX_PATH}:/opt/ros/jazzy DEBUGINFOD_URLS=https://debuginfod.ubuntu.com /usr/bin/cmake --install /home/naoko/develop_ws/build/turtlebot3_navigation2
