[0.008s] Invoking command in '/home/naoko/develop_ws/build/classudp': CMAKE_PREFIX_PATH=${CMAKE_PREFIX_PATH}:/opt/ros/jazzy DEBUGINFOD_URLS=https://debuginfod.ubuntu.com /usr/bin/cmake --build /home/naoko/develop_ws/build/classudp -- -j12 -l12
[0.051s] [100%] Built target catch_publisher
[0.058s] Invoked command in '/home/naoko/develop_ws/build/classudp' returned '0': CMAKE_PREFIX_PATH=${CMAKE_PREFIX_PATH}:/opt/ros/jazzy DEBUGINFOD_URLS=https://debuginfod.ubuntu.com /usr/bin/cmake --build /home/naoko/develop_ws/build/classudp -- -j12 -l12
[0.066s] Invoking command in '/home/naoko/develop_ws/build/classudp': CMAKE_PREFIX_PATH=${CMAKE_PREFIX_PATH}:/opt/ros/jazzy DEBUGINFOD_URLS=https://debuginfod.ubuntu.com /usr/bin/cmake --install /home/naoko/develop_ws/build/classudp
[0.073s] -- Install configuration: ""
[0.073s] -- Up-to-date: /home/naoko/develop_ws/install/classudp/lib/classudp/catch_publisher
[0.073s] -- Up-to-date: /home/naoko/develop_ws/install/classudp/share/ament_index/resource_index/package_run_dependencies/classudp
[0.073s] -- Up-to-date: /home/naoko/develop_ws/install/classudp/share/ament_index/resource_index/parent_prefix_path/classudp
[0.073s] -- Up-to-date: /home/naoko/develop_ws/install/classudp/share/classudp/environment/ament_prefix_path.sh
[0.073s] -- Up-to-date: /home/naoko/develop_ws/install/classudp/share/classudp/environment/ament_prefix_path.dsv
[0.073s] -- Up-to-date: /home/naoko/develop_ws/install/classudp/share/classudp/environment/path.sh
[0.073s] -- Up-to-date: /home/naoko/develop_ws/install/classudp/share/classudp/environment/path.dsv
[0.073s] -- Up-to-date: /home/naoko/develop_ws/install/classudp/share/classudp/local_setup.bash
[0.073s] -- Up-to-date: /home/naoko/develop_ws/install/classudp/share/classudp/local_setup.sh
[0.073s] -- Up-to-date: /home/naoko/develop_ws/install/classudp/share/classudp/local_setup.zsh
[0.074s] -- Up-to-date: /home/naoko/develop_ws/install/classudp/share/classudp/local_setup.dsv
[0.074s] -- Installing: /home/naoko/develop_ws/install/classudp/share/classudp/package.dsv
[0.074s] -- Up-to-date: /home/naoko/develop_ws/install/classudp/share/ament_index/resource_index/packages/classudp
[0.074s] -- Up-to-date: /home/naoko/develop_ws/install/classudp/share/classudp/cmake/classudpConfig.cmake
[0.074s] -- Up-to-date: /home/naoko/develop_ws/install/classudp/share/classudp/cmake/classudpConfig-version.cmake
[0.074s] -- Up-to-date: /home/naoko/develop_ws/install/classudp/share/classudp/package.xml
[0.075s] Invoked command in '/home/naoko/develop_ws/build/classudp' returned '0': CMAKE_PREFIX_PATH=${CMAKE_PREFIX_PATH}:/opt/ros/jazzy DEBUGINFOD_URLS=https://debuginfod.ubuntu.com /usr/bin/cmake --install /home/naoko/develop_ws/build/classudp
