[ 50%] [32mBuilding CXX object CMakeFiles/catch_publisher.dir/src/catch_publisher.cpp.o[0m
[ 75%] Built target catch_subscriber
[100%] [32m[1mLinking CXX executable catch_publisher[0m
[100%] Built target catch_publisher
-- Install configuration: ""
-- Installing: /home/naoko/develop_ws/install/classudp/lib/classudp/catch_publisher
-- Set non-toolchain portion of runtime path of "/home/naoko/develop_ws/install/classudp/lib/classudp/catch_publisher" to ""
-- Up-to-date: /home/naoko/develop_ws/install/classudp/lib/classudp/catch_subscriber
-- Up-to-date: /home/naoko/develop_ws/install/classudp/share/ament_index/resource_index/package_run_dependencies/classudp
-- Up-to-date: /home/naoko/develop_ws/install/classudp/share/ament_index/resource_index/parent_prefix_path/classudp
-- Up-to-date: /home/naoko/develop_ws/install/classudp/share/classudp/environment/ament_prefix_path.sh
-- Up-to-date: /home/naoko/develop_ws/install/classudp/share/classudp/environment/ament_prefix_path.dsv
-- Up-to-date: /home/naoko/develop_ws/install/classudp/share/classudp/environment/path.sh
-- Up-to-date: /home/naoko/develop_ws/install/classudp/share/classudp/environment/path.dsv
-- Up-to-date: /home/naoko/develop_ws/install/classudp/share/classudp/local_setup.bash
-- Up-to-date: /home/naoko/develop_ws/install/classudp/share/classudp/local_setup.sh
-- Up-to-date: /home/naoko/develop_ws/install/classudp/share/classudp/local_setup.zsh
-- Up-to-date: /home/naoko/develop_ws/install/classudp/share/classudp/local_setup.dsv
-- Installing: /home/naoko/develop_ws/install/classudp/share/classudp/package.dsv
-- Up-to-date: /home/naoko/develop_ws/install/classudp/share/ament_index/resource_index/packages/classudp
-- Up-to-date: /home/naoko/develop_ws/install/classudp/share/classudp/cmake/classudpConfig.cmake
-- Up-to-date: /home/naoko/develop_ws/install/classudp/share/classudp/cmake/classudpConfig-version.cmake
-- Up-to-date: /home/naoko/develop_ws/install/classudp/share/classudp/package.xml
