[0.052s] Invoking command in '/home/naoko/develop_ws/build/turtlebot3_node': CMAKE_PREFIX_PATH=${CMAKE_PREFIX_PATH}:/opt/ros/jazzy DEBUGINFOD_URLS=https://debuginfod.ubuntu.com /usr/bin/cmake --build /home/naoko/develop_ws/build/turtlebot3_node -- -j12 -l12
[0.471s] [ 85%] Built target turtlebot3_node_lib
[0.471s] [100%] Built target turtlebot3_ros
[0.485s] Invoked command in '/home/naoko/develop_ws/build/turtlebot3_node' returned '0': CMAKE_PREFIX_PATH=${CMAKE_PREFIX_PATH}:/opt/ros/jazzy DEBUGINFOD_URLS=https://debuginfod.ubuntu.com /usr/bin/cmake --build /home/naoko/develop_ws/build/turtlebot3_node -- -j12 -l12
[0.485s] Invoking command in '/home/naoko/develop_ws/build/turtlebot3_node': CMAKE_PREFIX_PATH=${CMAKE_PREFIX_PATH}:/opt/ros/jazzy DEBUGINFOD_URLS=https://debuginfod.ubuntu.com /usr/bin/cmake --install /home/naoko/develop_ws/build/turtlebot3_node
[0.499s] -- Install configuration: ""
[0.499s] -- Execute custom install script
[0.500s] -- Up-to-date symlink: /home/naoko/develop_ws/install/turtlebot3_node/share/turtlebot3_node/param/burger.yaml
[0.500s] -- Up-to-date symlink: /home/naoko/develop_ws/install/turtlebot3_node/share/turtlebot3_node/param/waffle.yaml
[0.501s] -- Up-to-date symlink: /home/naoko/develop_ws/install/turtlebot3_node/share/turtlebot3_node/param/waffle_pi.yaml
[0.501s] -- Up-to-date symlink: /home/naoko/develop_ws/install/turtlebot3_node/lib/turtlebot3_node/turtlebot3_ros
[0.501s] -- Up-to-date symlink: /home/naoko/develop_ws/install/turtlebot3_node/share/ament_index/resource_index/package_run_dependencies/turtlebot3_node
[0.501s] -- Up-to-date symlink: /home/naoko/develop_ws/install/turtlebot3_node/share/ament_index/resource_index/parent_prefix_path/turtlebot3_node
[0.501s] -- Up-to-date symlink: /home/naoko/develop_ws/install/turtlebot3_node/share/turtlebot3_node/environment/ament_prefix_path.sh
[0.501s] -- Up-to-date symlink: /home/naoko/develop_ws/install/turtlebot3_node/share/turtlebot3_node/environment/ament_prefix_path.dsv
[0.501s] -- Up-to-date symlink: /home/naoko/develop_ws/install/turtlebot3_node/share/turtlebot3_node/environment/path.sh
[0.501s] -- Up-to-date symlink: /home/naoko/develop_ws/install/turtlebot3_node/share/turtlebot3_node/environment/path.dsv
[0.503s] -- Up-to-date symlink: /home/naoko/develop_ws/install/turtlebot3_node/share/turtlebot3_node/local_setup.bash
[0.504s] -- Up-to-date symlink: /home/naoko/develop_ws/install/turtlebot3_node/share/turtlebot3_node/local_setup.sh
[0.504s] -- Up-to-date symlink: /home/naoko/develop_ws/install/turtlebot3_node/share/turtlebot3_node/local_setup.zsh
[0.505s] -- Up-to-date symlink: /home/naoko/develop_ws/install/turtlebot3_node/share/turtlebot3_node/local_setup.dsv
[0.507s] -- Symlinking: /home/naoko/develop_ws/install/turtlebot3_node/share/turtlebot3_node/package.dsv
[0.520s] -- Up-to-date symlink: /home/naoko/develop_ws/install/turtlebot3_node/share/ament_index/resource_index/packages/turtlebot3_node
[0.521s] -- Up-to-date symlink: /home/naoko/develop_ws/install/turtlebot3_node/share/turtlebot3_node/cmake/ament_cmake_export_dependencies-extras.cmake
[0.521s] -- Up-to-date symlink: /home/naoko/develop_ws/install/turtlebot3_node/share/turtlebot3_node/cmake/ament_cmake_export_include_directories-extras.cmake
[0.521s] -- Up-to-date symlink: /home/naoko/develop_ws/install/turtlebot3_node/share/turtlebot3_node/cmake/turtlebot3_nodeConfig.cmake
[0.521s] -- Up-to-date symlink: /home/naoko/develop_ws/install/turtlebot3_node/share/turtlebot3_node/cmake/turtlebot3_nodeConfig-version.cmake
[0.521s] -- Up-to-date symlink: /home/naoko/develop_ws/install/turtlebot3_node/share/turtlebot3_node/package.xml
[0.529s] Invoked command in '/home/naoko/develop_ws/build/turtlebot3_node' returned '0': CMAKE_PREFIX_PATH=${CMAKE_PREFIX_PATH}:/opt/ros/jazzy DEBUGINFOD_URLS=https://debuginfod.ubuntu.com /usr/bin/cmake --install /home/naoko/develop_ws/build/turtlebot3_node
