[0.007s] Invoking command in '/home/naoko/develop_ws/build/classudp': CMAKE_PREFIX_PATH=${CMAKE_PREFIX_PATH}:/opt/ros/jazzy DEBUGINFOD_URLS=https://debuginfod.ubuntu.com /usr/bin/cmake /home/naoko/develop_ws/src/classudp -DCMAKE_INSTALL_PREFIX=/home/naoko/develop_ws/install/classudp
[0.046s] -- The C compiler identification is GNU 13.3.0
[0.081s] -- The CXX compiler identification is GNU 13.3.0
[0.095s] -- Detecting C compiler ABI info
[0.162s] -- Detecting C compiler ABI info - done
[0.170s] -- Check for working C compiler: /usr/bin/cc - skipped
[0.170s] -- Detecting C compile features
[0.170s] -- Detecting C compile features - done
[0.177s] -- Detecting CXX compiler ABI info
[0.250s] -- Detecting CXX compiler ABI info - done
[0.259s] -- Check for working CXX compiler: /usr/bin/c++ - skipped
[0.259s] -- Detecting CXX compile features
[0.260s] -- Detecting CXX compile features - done
[0.261s] -- Found ament_cmake: 2.5.4 (/opt/ros/jazzy/share/ament_cmake/cmake)
[0.360s] -- Found Python3: /usr/bin/python3 (found version "3.12.3") found components: Interpreter 
[0.419s] -- Found ament_lint_auto: 0.17.2 (/opt/ros/jazzy/share/ament_lint_auto/cmake)
[0.486s] -- Added test 'lint_cmake' to check CMake code style
[0.487s] -- Added test 'xmllint' to check XML markup files
[0.488s] -- Configuring done (0.5s)
[0.489s] -- Generating done (0.0s)
[0.490s] -- Build files have been written to: /home/naoko/develop_ws/build/classudp
[0.494s] Invoked command in '/home/naoko/develop_ws/build/classudp' returned '0': CMAKE_PREFIX_PATH=${CMAKE_PREFIX_PATH}:/opt/ros/jazzy DEBUGINFOD_URLS=https://debuginfod.ubuntu.com /usr/bin/cmake /home/naoko/develop_ws/src/classudp -DCMAKE_INSTALL_PREFIX=/home/naoko/develop_ws/install/classudp
[0.494s] Invoking command in '/home/naoko/develop_ws/build/classudp': CMAKE_PREFIX_PATH=${CMAKE_PREFIX_PATH}:/opt/ros/jazzy DEBUGINFOD_URLS=https://debuginfod.ubuntu.com /usr/bin/cmake --build /home/naoko/develop_ws/build/classudp -- -j12 -l12
[0.525s] Invoked command in '/home/naoko/develop_ws/build/classudp' returned '0': CMAKE_PREFIX_PATH=${CMAKE_PREFIX_PATH}:/opt/ros/jazzy DEBUGINFOD_URLS=https://debuginfod.ubuntu.com /usr/bin/cmake --build /home/naoko/develop_ws/build/classudp -- -j12 -l12
[0.532s] Invoking command in '/home/naoko/develop_ws/build/classudp': CMAKE_PREFIX_PATH=${CMAKE_PREFIX_PATH}:/opt/ros/jazzy DEBUGINFOD_URLS=https://debuginfod.ubuntu.com /usr/bin/cmake --install /home/naoko/develop_ws/build/classudp
[0.538s] -- Install configuration: ""
[0.538s] -- Installing: /home/naoko/develop_ws/install/classudp/share/ament_index/resource_index/package_run_dependencies/classudp
[0.539s] -- Installing: /home/naoko/develop_ws/install/classudp/share/ament_index/resource_index/parent_prefix_path/classudp
[0.539s] -- Installing: /home/naoko/develop_ws/install/classudp/share/classudp/environment/ament_prefix_path.sh
[0.539s] -- Installing: /home/naoko/develop_ws/install/classudp/share/classudp/environment/ament_prefix_path.dsv
[0.539s] -- Installing: /home/naoko/develop_ws/install/classudp/share/classudp/environment/path.sh
[0.539s] -- Installing: /home/naoko/develop_ws/install/classudp/share/classudp/environment/path.dsv
[0.539s] -- Installing: /home/naoko/develop_ws/install/classudp/share/classudp/local_setup.bash
[0.539s] -- Installing: /home/naoko/develop_ws/install/classudp/share/classudp/local_setup.sh
[0.539s] -- Installing: /home/naoko/develop_ws/install/classudp/share/classudp/local_setup.zsh
[0.539s] -- Installing: /home/naoko/develop_ws/install/classudp/share/classudp/local_setup.dsv
[0.540s] -- Installing: /home/naoko/develop_ws/install/classudp/share/classudp/package.dsv
[0.540s] -- Installing: /home/naoko/develop_ws/install/classudp/share/ament_index/resource_index/packages/classudp
[0.540s] -- Installing: /home/naoko/develop_ws/install/classudp/share/classudp/cmake/classudpConfig.cmake
[0.540s] -- Installing: /home/naoko/develop_ws/install/classudp/share/classudp/cmake/classudpConfig-version.cmake
[0.540s] -- Installing: /home/naoko/develop_ws/install/classudp/share/classudp/package.xml
[0.541s] Invoked command in '/home/naoko/develop_ws/build/classudp' returned '0': CMAKE_PREFIX_PATH=${CMAKE_PREFIX_PATH}:/opt/ros/jazzy DEBUGINFOD_URLS=https://debuginfod.ubuntu.com /usr/bin/cmake --install /home/naoko/develop_ws/build/classudp
