[0.007s] Invoking command in '/home/naoko/develop_ws/build/turtlebot3_bringup': AMENT_PREFIX_PATH=/home/naoko/develop_ws/install/turtlebot3_node:/home/naoko/develop_ws/install/turtlebot3_description:${AMENT_PREFIX_PATH} CMAKE_PREFIX_PATH=/home/naoko/develop_ws/install/turtlebot3_node:/home/naoko/develop_ws/install/turtlebot3_description:/home/naoko/ritsmaycan_ws/install/ritsmaycan:/home/naoko/trial_ws/install/trial:/home/naoko/Natsurobo2025/natsu_ws/install/natsuudp:/home/naoko/ros2_ws/install/tukurotto:/home/naoko/ros2_ws/install/ros2udp_core:/home/naoko/ros2_ws/install/ros2udp_apollo4:/home/naoko/ros2_ws/install/ros2udp:/home/naoko/ros2_ws/install/ros2esp:/home/naoko/ros2_ws/install/natsuudp:/home/naoko/ros2_ws/install/example:/home/naoko/ros2_ws/install/cr25tashiron:/home/naoko/ros2_ws/install/actuator_msg:/opt/ros/jazzy/opt/gz_sim_vendor:/opt/ros/jazzy/opt/gz_sensors_vendor:/opt/ros/jazzy/opt/gz_physics_vendor:/opt/ros/jazzy/opt/sdformat_vendor:/opt/ros/jazzy/opt/gz_gui_vendor:/opt/ros/jazzy/opt/gz_transport_vendor:/opt/ros/jazzy/opt/gz_rendering_vendor:/opt/ros/jazzy/opt/gz_plugin_vendor:/opt/ros/jazzy/opt/gz_fuel_tools_vendor:/opt/ros/jazzy/opt/gz_msgs_vendor:/opt/ros/jazzy/opt/gz_common_vendor:/opt/ros/jazzy/opt/gz_math_vendor:/opt/ros/jazzy/opt/gz_utils_vendor:/opt/ros/jazzy/opt/gz_tools_vendor:/opt/ros/jazzy/opt/gz_ogre_next_vendor:/opt/ros/jazzy/opt/gz_dartsim_vendor:/opt/ros/jazzy/opt/gz_cmake_vendor:/opt/ros/jazzy DEBUGINFOD_URLS=https://debuginfod.ubuntu.com /usr/bin/cmake /home/naoko/develop_ws/src/turtlebot3/turtlebot3_bringup -DCMAKE_INSTALL_PREFIX=/home/naoko/develop_ws/install/turtlebot3_bringup
[0.048s] -- The C compiler identification is GNU 13.3.0
[0.085s] -- The CXX compiler identification is GNU 13.3.0
[0.099s] -- Detecting C compiler ABI info
[0.170s] -- Detecting C compiler ABI info - done
[0.175s] -- Check for working C compiler: /usr/bin/cc - skipped
[0.176s] -- Detecting C compile features
[0.176s] -- Detecting C compile features - done
[0.184s] -- Detecting CXX compiler ABI info
[0.261s] -- Detecting CXX compiler ABI info - done
[0.267s] -- Check for working CXX compiler: /usr/bin/c++ - skipped
[0.268s] -- Detecting CXX compile features
[0.268s] -- Detecting CXX compile features - done
[0.271s] -- Found ament_cmake: 2.5.4 (/opt/ros/jazzy/share/ament_cmake/cmake)
[0.383s] -- Found Python3: /usr/bin/python3 (found version "3.12.3") found components: Interpreter 
[0.541s] -- Configuring done (0.5s)
[0.542s] -- Generating done (0.0s)
[0.543s] -- Build files have been written to: /home/naoko/develop_ws/build/turtlebot3_bringup
[0.548s] Invoked command in '/home/naoko/develop_ws/build/turtlebot3_bringup' returned '0': AMENT_PREFIX_PATH=/home/naoko/develop_ws/install/turtlebot3_node:/home/naoko/develop_ws/install/turtlebot3_description:${AMENT_PREFIX_PATH} CMAKE_PREFIX_PATH=/home/naoko/develop_ws/install/turtlebot3_node:/home/naoko/develop_ws/install/turtlebot3_description:/home/naoko/ritsmaycan_ws/install/ritsmaycan:/home/naoko/trial_ws/install/trial:/home/naoko/Natsurobo2025/natsu_ws/install/natsuudp:/home/naoko/ros2_ws/install/tukurotto:/home/naoko/ros2_ws/install/ros2udp_core:/home/naoko/ros2_ws/install/ros2udp_apollo4:/home/naoko/ros2_ws/install/ros2udp:/home/naoko/ros2_ws/install/ros2esp:/home/naoko/ros2_ws/install/natsuudp:/home/naoko/ros2_ws/install/example:/home/naoko/ros2_ws/install/cr25tashiron:/home/naoko/ros2_ws/install/actuator_msg:/opt/ros/jazzy/opt/gz_sim_vendor:/opt/ros/jazzy/opt/gz_sensors_vendor:/opt/ros/jazzy/opt/gz_physics_vendor:/opt/ros/jazzy/opt/sdformat_vendor:/opt/ros/jazzy/opt/gz_gui_vendor:/opt/ros/jazzy/opt/gz_transport_vendor:/opt/ros/jazzy/opt/gz_rendering_vendor:/opt/ros/jazzy/opt/gz_plugin_vendor:/opt/ros/jazzy/opt/gz_fuel_tools_vendor:/opt/ros/jazzy/opt/gz_msgs_vendor:/opt/ros/jazzy/opt/gz_common_vendor:/opt/ros/jazzy/opt/gz_math_vendor:/opt/ros/jazzy/opt/gz_utils_vendor:/opt/ros/jazzy/opt/gz_tools_vendor:/opt/ros/jazzy/opt/gz_ogre_next_vendor:/opt/ros/jazzy/opt/gz_dartsim_vendor:/opt/ros/jazzy/opt/gz_cmake_vendor:/opt/ros/jazzy DEBUGINFOD_URLS=https://debuginfod.ubuntu.com /usr/bin/cmake /home/naoko/develop_ws/src/turtlebot3/turtlebot3_bringup -DCMAKE_INSTALL_PREFIX=/home/naoko/develop_ws/install/turtlebot3_bringup
[0.548s] Invoking command in '/home/naoko/develop_ws/build/turtlebot3_bringup': AMENT_PREFIX_PATH=/home/naoko/develop_ws/install/turtlebot3_node:/home/naoko/develop_ws/install/turtlebot3_description:${AMENT_PREFIX_PATH} CMAKE_PREFIX_PATH=/home/naoko/develop_ws/install/turtlebot3_node:/home/naoko/develop_ws/install/turtlebot3_description:/home/naoko/ritsmaycan_ws/install/ritsmaycan:/home/naoko/trial_ws/install/trial:/home/naoko/Natsurobo2025/natsu_ws/install/natsuudp:/home/naoko/ros2_ws/install/tukurotto:/home/naoko/ros2_ws/install/ros2udp_core:/home/naoko/ros2_ws/install/ros2udp_apollo4:/home/naoko/ros2_ws/install/ros2udp:/home/naoko/ros2_ws/install/ros2esp:/home/naoko/ros2_ws/install/natsuudp:/home/naoko/ros2_ws/install/example:/home/naoko/ros2_ws/install/cr25tashiron:/home/naoko/ros2_ws/install/actuator_msg:/opt/ros/jazzy/opt/gz_sim_vendor:/opt/ros/jazzy/opt/gz_sensors_vendor:/opt/ros/jazzy/opt/gz_physics_vendor:/opt/ros/jazzy/opt/sdformat_vendor:/opt/ros/jazzy/opt/gz_gui_vendor:/opt/ros/jazzy/opt/gz_transport_vendor:/opt/ros/jazzy/opt/gz_rendering_vendor:/opt/ros/jazzy/opt/gz_plugin_vendor:/opt/ros/jazzy/opt/gz_fuel_tools_vendor:/opt/ros/jazzy/opt/gz_msgs_vendor:/opt/ros/jazzy/opt/gz_common_vendor:/opt/ros/jazzy/opt/gz_math_vendor:/opt/ros/jazzy/opt/gz_utils_vendor:/opt/ros/jazzy/opt/gz_tools_vendor:/opt/ros/jazzy/opt/gz_ogre_next_vendor:/opt/ros/jazzy/opt/gz_dartsim_vendor:/opt/ros/jazzy/opt/gz_cmake_vendor:/opt/ros/jazzy DEBUGINFOD_URLS=https://debuginfod.ubuntu.com /usr/bin/cmake --build /home/naoko/develop_ws/build/turtlebot3_bringup -- -j12 -l12
[0.580s] Invoked command in '/home/naoko/develop_ws/build/turtlebot3_bringup' returned '0': AMENT_PREFIX_PATH=/home/naoko/develop_ws/install/turtlebot3_node:/home/naoko/develop_ws/install/turtlebot3_description:${AMENT_PREFIX_PATH} CMAKE_PREFIX_PATH=/home/naoko/develop_ws/install/turtlebot3_node:/home/naoko/develop_ws/install/turtlebot3_description:/home/naoko/ritsmaycan_ws/install/ritsmaycan:/home/naoko/trial_ws/install/trial:/home/naoko/Natsurobo2025/natsu_ws/install/natsuudp:/home/naoko/ros2_ws/install/tukurotto:/home/naoko/ros2_ws/install/ros2udp_core:/home/naoko/ros2_ws/install/ros2udp_apollo4:/home/naoko/ros2_ws/install/ros2udp:/home/naoko/ros2_ws/install/ros2esp:/home/naoko/ros2_ws/install/natsuudp:/home/naoko/ros2_ws/install/example:/home/naoko/ros2_ws/install/cr25tashiron:/home/naoko/ros2_ws/install/actuator_msg:/opt/ros/jazzy/opt/gz_sim_vendor:/opt/ros/jazzy/opt/gz_sensors_vendor:/opt/ros/jazzy/opt/gz_physics_vendor:/opt/ros/jazzy/opt/sdformat_vendor:/opt/ros/jazzy/opt/gz_gui_vendor:/opt/ros/jazzy/opt/gz_transport_vendor:/opt/ros/jazzy/opt/gz_rendering_vendor:/opt/ros/jazzy/opt/gz_plugin_vendor:/opt/ros/jazzy/opt/gz_fuel_tools_vendor:/opt/ros/jazzy/opt/gz_msgs_vendor:/opt/ros/jazzy/opt/gz_common_vendor:/opt/ros/jazzy/opt/gz_math_vendor:/opt/ros/jazzy/opt/gz_utils_vendor:/opt/ros/jazzy/opt/gz_tools_vendor:/opt/ros/jazzy/opt/gz_ogre_next_vendor:/opt/ros/jazzy/opt/gz_dartsim_vendor:/opt/ros/jazzy/opt/gz_cmake_vendor:/opt/ros/jazzy DEBUGINFOD_URLS=https://debuginfod.ubuntu.com /usr/bin/cmake --build /home/naoko/develop_ws/build/turtlebot3_bringup -- -j12 -l12
[0.581s] Invoking command in '/home/naoko/develop_ws/build/turtlebot3_bringup': AMENT_PREFIX_PATH=/home/naoko/develop_ws/install/turtlebot3_node:/home/naoko/develop_ws/install/turtlebot3_description:${AMENT_PREFIX_PATH} CMAKE_PREFIX_PATH=/home/naoko/develop_ws/install/turtlebot3_node:/home/naoko/develop_ws/install/turtlebot3_description:/home/naoko/ritsmaycan_ws/install/ritsmaycan:/home/naoko/trial_ws/install/trial:/home/naoko/Natsurobo2025/natsu_ws/install/natsuudp:/home/naoko/ros2_ws/install/tukurotto:/home/naoko/ros2_ws/install/ros2udp_core:/home/naoko/ros2_ws/install/ros2udp_apollo4:/home/naoko/ros2_ws/install/ros2udp:/home/naoko/ros2_ws/install/ros2esp:/home/naoko/ros2_ws/install/natsuudp:/home/naoko/ros2_ws/install/example:/home/naoko/ros2_ws/install/cr25tashiron:/home/naoko/ros2_ws/install/actuator_msg:/opt/ros/jazzy/opt/gz_sim_vendor:/opt/ros/jazzy/opt/gz_sensors_vendor:/opt/ros/jazzy/opt/gz_physics_vendor:/opt/ros/jazzy/opt/sdformat_vendor:/opt/ros/jazzy/opt/gz_gui_vendor:/opt/ros/jazzy/opt/gz_transport_vendor:/opt/ros/jazzy/opt/gz_rendering_vendor:/opt/ros/jazzy/opt/gz_plugin_vendor:/opt/ros/jazzy/opt/gz_fuel_tools_vendor:/opt/ros/jazzy/opt/gz_msgs_vendor:/opt/ros/jazzy/opt/gz_common_vendor:/opt/ros/jazzy/opt/gz_math_vendor:/opt/ros/jazzy/opt/gz_utils_vendor:/opt/ros/jazzy/opt/gz_tools_vendor:/opt/ros/jazzy/opt/gz_ogre_next_vendor:/opt/ros/jazzy/opt/gz_dartsim_vendor:/opt/ros/jazzy/opt/gz_cmake_vendor:/opt/ros/jazzy DEBUGINFOD_URLS=https://debuginfod.ubuntu.com /usr/bin/cmake --install /home/naoko/develop_ws/build/turtlebot3_bringup
[0.586s] -- Install configuration: ""
[0.586s] -- Installing: /home/naoko/develop_ws/install/turtlebot3_bringup/share/turtlebot3_bringup/launch
[0.586s] -- Installing: /home/naoko/develop_ws/install/turtlebot3_bringup/share/turtlebot3_bringup/launch/turtlebot3_state_publisher.launch.py
[0.586s] -- Installing: /home/naoko/develop_ws/install/turtlebot3_bringup/share/turtlebot3_bringup/launch/robot.launch.py
[0.586s] -- Installing: /home/naoko/develop_ws/install/turtlebot3_bringup/share/turtlebot3_bringup/launch/camera.launch.py
[0.586s] -- Installing: /home/naoko/develop_ws/install/turtlebot3_bringup/share/turtlebot3_bringup/launch/rviz2.launch.py
[0.586s] -- Installing: /home/naoko/develop_ws/install/turtlebot3_bringup/share/turtlebot3_bringup/param
[0.586s] -- Installing: /home/naoko/develop_ws/install/turtlebot3_bringup/share/turtlebot3_bringup/param/burger.yaml
[0.586s] -- Installing: /home/naoko/develop_ws/install/turtlebot3_bringup/share/turtlebot3_bringup/param/waffle_pi.yaml
[0.586s] -- Installing: /home/naoko/develop_ws/install/turtlebot3_bringup/share/turtlebot3_bringup/param/humble
[0.587s] -- Installing: /home/naoko/develop_ws/install/turtlebot3_bringup/share/turtlebot3_bringup/param/humble/burger.yaml
[0.587s] -- Installing: /home/naoko/develop_ws/install/turtlebot3_bringup/share/turtlebot3_bringup/param/humble/waffle_pi.yaml
[0.587s] -- Installing: /home/naoko/develop_ws/install/turtlebot3_bringup/share/turtlebot3_bringup/param/humble/waffle.yaml
[0.587s] -- Installing: /home/naoko/develop_ws/install/turtlebot3_bringup/share/turtlebot3_bringup/param/waffle.yaml
[0.587s] -- Installing: /home/naoko/develop_ws/install/turtlebot3_bringup/share/turtlebot3_bringup/script
[0.587s] -- Installing: /home/naoko/develop_ws/install/turtlebot3_bringup/share/turtlebot3_bringup/script/99-turtlebot3-cdc.rules
[0.587s] -- Installing: /home/naoko/develop_ws/install/turtlebot3_bringup/share/turtlebot3_bringup/script/create_udev_rules
[0.587s] -- Installing: /home/naoko/develop_ws/install/turtlebot3_bringup/share/ament_index/resource_index/package_run_dependencies/turtlebot3_bringup
[0.587s] -- Installing: /home/naoko/develop_ws/install/turtlebot3_bringup/share/ament_index/resource_index/parent_prefix_path/turtlebot3_bringup
[0.587s] -- Installing: /home/naoko/develop_ws/install/turtlebot3_bringup/share/turtlebot3_bringup/environment/ament_prefix_path.sh
[0.587s] -- Installing: /home/naoko/develop_ws/install/turtlebot3_bringup/share/turtlebot3_bringup/environment/ament_prefix_path.dsv
[0.587s] -- Installing: /home/naoko/develop_ws/install/turtlebot3_bringup/share/turtlebot3_bringup/environment/path.sh
[0.587s] -- Installing: /home/naoko/develop_ws/install/turtlebot3_bringup/share/turtlebot3_bringup/environment/path.dsv
[0.588s] -- Installing: /home/naoko/develop_ws/install/turtlebot3_bringup/share/turtlebot3_bringup/local_setup.bash
[0.588s] -- Installing: /home/naoko/develop_ws/install/turtlebot3_bringup/share/turtlebot3_bringup/local_setup.sh
[0.588s] -- Installing: /home/naoko/develop_ws/install/turtlebot3_bringup/share/turtlebot3_bringup/local_setup.zsh
[0.588s] -- Installing: /home/naoko/develop_ws/install/turtlebot3_bringup/share/turtlebot3_bringup/local_setup.dsv
[0.588s] -- Installing: /home/naoko/develop_ws/install/turtlebot3_bringup/share/turtlebot3_bringup/package.dsv
[0.588s] -- Installing: /home/naoko/develop_ws/install/turtlebot3_bringup/share/ament_index/resource_index/packages/turtlebot3_bringup
[0.588s] -- Installing: /home/naoko/develop_ws/install/turtlebot3_bringup/share/turtlebot3_bringup/cmake/turtlebot3_bringupConfig.cmake
[0.588s] -- Installing: /home/naoko/develop_ws/install/turtlebot3_bringup/share/turtlebot3_bringup/cmake/turtlebot3_bringupConfig-version.cmake
[0.588s] -- Installing: /home/naoko/develop_ws/install/turtlebot3_bringup/share/turtlebot3_bringup/package.xml
[0.589s] Invoked command in '/home/naoko/develop_ws/build/turtlebot3_bringup' returned '0': AMENT_PREFIX_PATH=/home/naoko/develop_ws/install/turtlebot3_node:/home/naoko/develop_ws/install/turtlebot3_description:${AMENT_PREFIX_PATH} CMAKE_PREFIX_PATH=/home/naoko/develop_ws/install/turtlebot3_node:/home/naoko/develop_ws/install/turtlebot3_description:/home/naoko/ritsmaycan_ws/install/ritsmaycan:/home/naoko/trial_ws/install/trial:/home/naoko/Natsurobo2025/natsu_ws/install/natsuudp:/home/naoko/ros2_ws/install/tukurotto:/home/naoko/ros2_ws/install/ros2udp_core:/home/naoko/ros2_ws/install/ros2udp_apollo4:/home/naoko/ros2_ws/install/ros2udp:/home/naoko/ros2_ws/install/ros2esp:/home/naoko/ros2_ws/install/natsuudp:/home/naoko/ros2_ws/install/example:/home/naoko/ros2_ws/install/cr25tashiron:/home/naoko/ros2_ws/install/actuator_msg:/opt/ros/jazzy/opt/gz_sim_vendor:/opt/ros/jazzy/opt/gz_sensors_vendor:/opt/ros/jazzy/opt/gz_physics_vendor:/opt/ros/jazzy/opt/sdformat_vendor:/opt/ros/jazzy/opt/gz_gui_vendor:/opt/ros/jazzy/opt/gz_transport_vendor:/opt/ros/jazzy/opt/gz_rendering_vendor:/opt/ros/jazzy/opt/gz_plugin_vendor:/opt/ros/jazzy/opt/gz_fuel_tools_vendor:/opt/ros/jazzy/opt/gz_msgs_vendor:/opt/ros/jazzy/opt/gz_common_vendor:/opt/ros/jazzy/opt/gz_math_vendor:/opt/ros/jazzy/opt/gz_utils_vendor:/opt/ros/jazzy/opt/gz_tools_vendor:/opt/ros/jazzy/opt/gz_ogre_next_vendor:/opt/ros/jazzy/opt/gz_dartsim_vendor:/opt/ros/jazzy/opt/gz_cmake_vendor:/opt/ros/jazzy DEBUGINFOD_URLS=https://debuginfod.ubuntu.com /usr/bin/cmake --install /home/naoko/develop_ws/build/turtlebot3_bringup
