[0.758s] Invoking command in '/home/naoko/develop_ws/src/turtlebot3/turtlebot3_example': DEBUGINFOD_URLS=https://debuginfod.ubuntu.com PYTHONPATH=/home/naoko/develop_ws/build/turtlebot3_example/prefix_override:/usr/lib/python3/dist-packages/colcon_core/task/python/colcon_distutils_commands:/home/naoko/develop_ws/install/turtlebot3_example/lib/python3.12/site-packages:${PYTHONPATH} /usr/bin/python3 -W ignore:setup.py install is deprecated -W ignore:easy_install command is deprecated setup.py egg_info --egg-base ../../../build/turtlebot3_example build --build-base /home/naoko/develop_ws/build/turtlebot3_example/build install --record /home/naoko/develop_ws/build/turtlebot3_example/install.log --single-version-externally-managed install_data
[0.941s] running egg_info
[0.954s] writing ../../../build/turtlebot3_example/turtlebot3_example.egg-info/PKG-INFO
[0.954s] writing dependency_links to ../../../build/turtlebot3_example/turtlebot3_example.egg-info/dependency_links.txt
[0.954s] writing entry points to ../../../build/turtlebot3_example/turtlebot3_example.egg-info/entry_points.txt
[0.954s] writing requirements to ../../../build/turtlebot3_example/turtlebot3_example.egg-info/requires.txt
[0.954s] writing top-level names to ../../../build/turtlebot3_example/turtlebot3_example.egg-info/top_level.txt
[0.980s] reading manifest file '../../../build/turtlebot3_example/turtlebot3_example.egg-info/SOURCES.txt'
[0.981s] writing manifest file '../../../build/turtlebot3_example/turtlebot3_example.egg-info/SOURCES.txt'
[0.981s] running build
[0.981s] running build_py
[0.981s] running install
[0.986s] running install_lib
[1.000s] running install_data
[1.000s] running install_egg_info
[1.013s] removing '/home/naoko/develop_ws/install/turtlebot3_example/lib/python3.12/site-packages/turtlebot3_example-2.3.3-py3.12.egg-info' (and everything under it)
[1.013s] Copying ../../../build/turtlebot3_example/turtlebot3_example.egg-info to /home/naoko/develop_ws/install/turtlebot3_example/lib/python3.12/site-packages/turtlebot3_example-2.3.3-py3.12.egg-info
[1.014s] running install_scripts
[1.100s] Installing turtlebot3_absolute_move script to /home/naoko/develop_ws/install/turtlebot3_example/lib/turtlebot3_example
[1.100s] Installing turtlebot3_interactive_marker script to /home/naoko/develop_ws/install/turtlebot3_example/lib/turtlebot3_example
[1.100s] Installing turtlebot3_obstacle_detection script to /home/naoko/develop_ws/install/turtlebot3_example/lib/turtlebot3_example
[1.100s] Installing turtlebot3_patrol_client script to /home/naoko/develop_ws/install/turtlebot3_example/lib/turtlebot3_example
[1.100s] Installing turtlebot3_patrol_server script to /home/naoko/develop_ws/install/turtlebot3_example/lib/turtlebot3_example
[1.100s] Installing turtlebot3_relative_move script to /home/naoko/develop_ws/install/turtlebot3_example/lib/turtlebot3_example
[1.101s] writing list of installed files to '/home/naoko/develop_ws/build/turtlebot3_example/install.log'
[1.120s] Invoked command in '/home/naoko/develop_ws/src/turtlebot3/turtlebot3_example' returned '0': DEBUGINFOD_URLS=https://debuginfod.ubuntu.com PYTHONPATH=/home/naoko/develop_ws/build/turtlebot3_example/prefix_override:/usr/lib/python3/dist-packages/colcon_core/task/python/colcon_distutils_commands:/home/naoko/develop_ws/install/turtlebot3_example/lib/python3.12/site-packages:${PYTHONPATH} /usr/bin/python3 -W ignore:setup.py install is deprecated -W ignore:easy_install command is deprecated setup.py egg_info --egg-base ../../../build/turtlebot3_example build --build-base /home/naoko/develop_ws/build/turtlebot3_example/build install --record /home/naoko/develop_ws/build/turtlebot3_example/install.log --single-version-externally-managed install_data
