[0.012s] Invoking command in '/home/naoko/develop_ws/build/classudp': CMAKE_PREFIX_PATH=${CMAKE_PREFIX_PATH}:/opt/ros/jazzy DEBUGINFOD_URLS=https://debuginfod.ubuntu.com /usr/bin/cmake --build /home/naoko/develop_ws/build/classudp -- -j12 -l12
[0.069s] [ 50%] [32mBuilding CXX object CMakeFiles/catch_publisher.dir/src/catch_publisher.cpp.o[0m
[1.359s] [01m[K/home/naoko/develop_ws/src/classudp/src/catch_publisher.cpp:[m[K In constructor ‘[01m[KCatch_Publisher::[01;32m[KCatch_Publisher[m[K(const std::string&, int)[m[K’:
[1.359s] [01m[K/home/naoko/develop_ws/src/classudp/src/catch_publisher.cpp:8:44:[m[K [01;35m[Kwarning: [m[Kunused parameter ‘[01m[Kip[m[K’ [[01;35m[K]8;;https://gcc.gnu.org/onlinedocs/gcc/Warning-Options.html#index-Wunused-parameter-Wunused-parameter]8;;[m[K]
[1.359s]     8 |         Catch_Publisher([01;35m[Kconst std::string &ip[m[K, int port)
[1.359s]       |                         [01;35m[K~~~~~~~~~~~~~~~~~~~^~[m[K
[1.359s] [01m[K/home/naoko/develop_ws/src/classudp/src/catch_publisher.cpp:8:52:[m[K [01;35m[Kwarning: [m[Kunused parameter ‘[01m[Kport[m[K’ [[01;35m[K]8;;https://gcc.gnu.org/onlinedocs/gcc/Warning-Options.html#index-Wunused-parameter-Wunused-parameter]8;;[m[K]
[1.359s]     8 |         Catch_Publisher(const std::string &ip, [01;35m[Kint port[m[K)
[1.359s]       |                                                [01;35m[K~~~~^~~~[m[K
[1.670s] In file included from [01m[K/usr/include/c++/13/bits/stl_tempbuf.h:61[m[K,
[1.670s]                  from [01m[K/usr/include/c++/13/memory:66[m[K,
[1.670s]                  from [01m[K/opt/ros/jazzy/include/rclcpp/rclcpp/rclcpp.hpp:169[m[K,
[1.670s]                  from [01m[K/home/naoko/develop_ws/src/classudp/src/catch_publisher.cpp:3[m[K:
[1.670s] /usr/include/c++/13/bits/stl_construct.h: In instantiation of ‘[01m[Kvoid std::[01;32m[K_Construct[m[K(_Tp*, _Args&& ...) [35m[K[with _Tp = Catch_Publisher; _Args = {}][m[K[m[K’:
[1.670s] [01m[K/usr/include/c++/13/bits/alloc_traits.h:661:19:[m[K   required from ‘[01m[Kstatic void std::allocator_traits<std::allocator<void> >::[01;32m[Kconstruct[m[K(allocator_type&, _Up*, _Args&& ...) [35m[K[with _Up = Catch_Publisher; _Args = {}; allocator_type = std::allocator<void>][m[K[m[K’
[1.670s] [01m[K/usr/include/c++/13/bits/shared_ptr_base.h:604:39:[m[K   required from ‘[01m[Kstd::_Sp_counted_ptr_inplace<_Tp, _Alloc, _Lp>::[01;32m[K_Sp_counted_ptr_inplace[m[K(_Alloc, _Args&& ...) [35m[K[with _Args = {}; _Tp = Catch_Publisher; _Alloc = std::allocator<void>; __gnu_cxx::_Lock_policy _Lp = __gnu_cxx::_S_atomic][m[K[m[K’
[1.670s] [01m[K/usr/include/c++/13/bits/shared_ptr_base.h:971:16:[m[K   required from ‘[01m[Kstd::__shared_count<_Lp>::[01;32m[K__shared_count[m[K(_Tp*&, std::_Sp_alloc_shared_tag<_Alloc>, _Args&& ...) [35m[K[with _Tp = Catch_Publisher; _Alloc = std::allocator<void>; _Args = {}; __gnu_cxx::_Lock_policy _Lp = __gnu_cxx::_S_atomic][m[K[m[K’
[1.670s] [01m[K/usr/include/c++/13/bits/shared_ptr_base.h:1712:14:[m[K   required from ‘[01m[Kstd::__shared_ptr<_Tp, _Lp>::[01;32m[K__shared_ptr[m[K(std::_Sp_alloc_shared_tag<_Tp>, _Args&& ...) [35m[K[with _Alloc = std::allocator<void>; _Args = {}; _Tp = Catch_Publisher; __gnu_cxx::_Lock_policy _Lp = __gnu_cxx::_S_atomic][m[K[m[K’
[1.670s] [01m[K/usr/include/c++/13/bits/shared_ptr.h:464:59:[m[K   required from ‘[01m[Kstd::shared_ptr<_Tp>::[01;32m[Kshared_ptr[m[K(std::_Sp_alloc_shared_tag<_Tp>, _Args&& ...) [35m[K[with _Alloc = std::allocator<void>; _Args = {}; _Tp = Catch_Publisher][m[K[m[K’
[1.670s] [01m[K/usr/include/c++/13/bits/shared_ptr.h:1009:14:[m[K   required from ‘[01m[Kstd::shared_ptr<typename std::enable_if<(! std::is_array< <template-parameter-1-1> >::value), _Tp>::type> std::[01;32m[Kmake_shared[m[K(_Args&& ...) [35m[K[with _Tp = Catch_Publisher; _Args = {}; typename enable_if<(! is_array< <template-parameter-1-1> >::value), _Tp>::type = Catch_Publisher][m[K[m[K’
[1.671s] [01m[K/home/naoko/develop_ws/src/classudp/src/catch_publisher.cpp:18:50:[m[K   required from here
[1.671s] [01m[K/usr/include/c++/13/bits/stl_construct.h:119:7:[m[K [01;31m[Kerror: [m[Kno matching function for call to ‘[01m[KCatch_Publisher::Catch_Publisher()[m[K’
[1.671s]   119 |       [01;31m[K::new((void*)__p) _Tp(std::forward<_Args>(__args)...)[m[K;
[1.671s]       |       [01;31m[K^~~~~~~~~~~~~~~~~~~~~~~~~~~~~~~~~~~~~~~~~~~~~~~~~~~~~[m[K
[1.671s] [01m[K/home/naoko/develop_ws/src/classudp/src/catch_publisher.cpp:8:9:[m[K [01;36m[Knote: [m[Kcandidate: ‘[01m[KCatch_Publisher::[01;32m[KCatch_Publisher[m[K(const std::string&, int)[m[K’
[1.671s]     8 |         [01;36m[KCatch_Publisher[m[K(const std::string &ip, int port)
[1.671s]       |         [01;36m[K^~~~~~~~~~~~~~~[m[K
[1.671s] [01m[K/home/naoko/develop_ws/src/classudp/src/catch_publisher.cpp:8:9:[m[K [01;36m[Knote: [m[K  candidate expects 2 arguments, 0 provided
[1.724s] gmake[2]: *** [CMakeFiles/catch_publisher.dir/build.make:76: CMakeFiles/catch_publisher.dir/src/catch_publisher.cpp.o] Error 1
[1.725s] gmake[1]: *** [CMakeFiles/Makefile2:137: CMakeFiles/catch_publisher.dir/all] Error 2
[1.725s] gmake: *** [Makefile:146: all] Error 2
[1.727s] Invoked command in '/home/naoko/develop_ws/build/classudp' returned '2': CMAKE_PREFIX_PATH=${CMAKE_PREFIX_PATH}:/opt/ros/jazzy DEBUGINFOD_URLS=https://debuginfod.ubuntu.com /usr/bin/cmake --build /home/naoko/develop_ws/build/classudp -- -j12 -l12
