[0.046s] Invoking command in '/home/naoko/develop_ws/build/turtlebot3_cartographer': CMAKE_PREFIX_PATH=${CMAKE_PREFIX_PATH}:/opt/ros/jazzy DEBUGINFOD_URLS=https://debuginfod.ubuntu.com /usr/bin/cmake /home/naoko/develop_ws/src/turtlebot3/turtlebot3_cartographer -DAMENT_CMAKE_SYMLINK_INSTALL=1 -DCMAKE_INSTALL_PREFIX=/home/naoko/develop_ws/install/turtlebot3_cartographer
[0.629s] -- The C compiler identification is GNU 13.3.0
[0.630s] -- The CXX compiler identification is GNU 13.3.0
[0.630s] -- Detecting C compiler ABI info
[0.630s] -- Detecting C compiler ABI info - done
[0.630s] -- Check for working C compiler: /usr/bin/cc - skipped
[0.630s] -- Detecting C compile features
[0.630s] -- Detecting C compile features - done
[0.630s] -- Detecting CXX compiler ABI info
[0.630s] -- Detecting CXX compiler ABI info - done
[0.631s] -- Check for working CXX compiler: /usr/bin/c++ - skipped
[0.631s] -- Detecting CXX compile features
[0.631s] -- Detecting CXX compile features - done
[0.631s] -- Found ament_cmake: 2.5.4 (/opt/ros/jazzy/share/ament_cmake/cmake)
[0.653s] -- Found Python3: /usr/bin/python3 (found version "3.12.3") found components: Interpreter 
[0.780s] -- Override CMake install command with custom implementation using symlinks instead of copying resources
[1.006s] -- Configuring done (0.9s)
[1.010s] -- Generating done (0.0s)
[1.012s] -- Build files have been written to: /home/naoko/develop_ws/build/turtlebot3_cartographer
[1.019s] Invoked command in '/home/naoko/develop_ws/build/turtlebot3_cartographer' returned '0': CMAKE_PREFIX_PATH=${CMAKE_PREFIX_PATH}:/opt/ros/jazzy DEBUGINFOD_URLS=https://debuginfod.ubuntu.com /usr/bin/cmake /home/naoko/develop_ws/src/turtlebot3/turtlebot3_cartographer -DAMENT_CMAKE_SYMLINK_INSTALL=1 -DCMAKE_INSTALL_PREFIX=/home/naoko/develop_ws/install/turtlebot3_cartographer
[1.021s] Invoking command in '/home/naoko/develop_ws/build/turtlebot3_cartographer': CMAKE_PREFIX_PATH=${CMAKE_PREFIX_PATH}:/opt/ros/jazzy DEBUGINFOD_URLS=https://debuginfod.ubuntu.com /usr/bin/cmake --build /home/naoko/develop_ws/build/turtlebot3_cartographer -- -j12 -l12
[1.074s] Invoked command in '/home/naoko/develop_ws/build/turtlebot3_cartographer' returned '0': CMAKE_PREFIX_PATH=${CMAKE_PREFIX_PATH}:/opt/ros/jazzy DEBUGINFOD_URLS=https://debuginfod.ubuntu.com /usr/bin/cmake --build /home/naoko/develop_ws/build/turtlebot3_cartographer -- -j12 -l12
[1.086s] Invoking command in '/home/naoko/develop_ws/build/turtlebot3_cartographer': CMAKE_PREFIX_PATH=${CMAKE_PREFIX_PATH}:/opt/ros/jazzy DEBUGINFOD_URLS=https://debuginfod.ubuntu.com /usr/bin/cmake --install /home/naoko/develop_ws/build/turtlebot3_cartographer
[1.098s] -- Install configuration: ""
[1.099s] -- Execute custom install script
[1.100s] -- Symlinking: /home/naoko/develop_ws/install/turtlebot3_cartographer/share/turtlebot3_cartographer/config/turtlebot3_lds_2d.lua
[1.113s] -- Symlinking: /home/naoko/develop_ws/install/turtlebot3_cartographer/share/turtlebot3_cartographer/launch/cartographer.launch.py
[1.126s] -- Symlinking: /home/naoko/develop_ws/install/turtlebot3_cartographer/share/turtlebot3_cartographer/launch/occupancy_grid.launch.py
[1.142s] -- Symlinking: /home/naoko/develop_ws/install/turtlebot3_cartographer/share/turtlebot3_cartographer/rviz/tb3_cartographer.rviz
[1.153s] -- Symlinking: /home/naoko/develop_ws/install/turtlebot3_cartographer/share/ament_index/resource_index/package_run_dependencies/turtlebot3_cartographer
[1.166s] -- Symlinking: /home/naoko/develop_ws/install/turtlebot3_cartographer/share/ament_index/resource_index/parent_prefix_path/turtlebot3_cartographer
[1.179s] -- Symlinking: /home/naoko/develop_ws/install/turtlebot3_cartographer/share/turtlebot3_cartographer/environment/ament_prefix_path.sh
[1.192s] -- Symlinking: /home/naoko/develop_ws/install/turtlebot3_cartographer/share/turtlebot3_cartographer/environment/ament_prefix_path.dsv
[1.206s] -- Symlinking: /home/naoko/develop_ws/install/turtlebot3_cartographer/share/turtlebot3_cartographer/environment/path.sh
[1.221s] -- Symlinking: /home/naoko/develop_ws/install/turtlebot3_cartographer/share/turtlebot3_cartographer/environment/path.dsv
[1.234s] -- Symlinking: /home/naoko/develop_ws/install/turtlebot3_cartographer/share/turtlebot3_cartographer/local_setup.bash
[1.249s] -- Symlinking: /home/naoko/develop_ws/install/turtlebot3_cartographer/share/turtlebot3_cartographer/local_setup.sh
[1.260s] -- Symlinking: /home/naoko/develop_ws/install/turtlebot3_cartographer/share/turtlebot3_cartographer/local_setup.zsh
[1.269s] -- Symlinking: /home/naoko/develop_ws/install/turtlebot3_cartographer/share/turtlebot3_cartographer/local_setup.dsv
[1.285s] -- Symlinking: /home/naoko/develop_ws/install/turtlebot3_cartographer/share/turtlebot3_cartographer/package.dsv
[1.297s] -- Symlinking: /home/naoko/develop_ws/install/turtlebot3_cartographer/share/ament_index/resource_index/packages/turtlebot3_cartographer
[1.310s] -- Symlinking: /home/naoko/develop_ws/install/turtlebot3_cartographer/share/turtlebot3_cartographer/cmake/turtlebot3_cartographerConfig.cmake
[1.323s] -- Symlinking: /home/naoko/develop_ws/install/turtlebot3_cartographer/share/turtlebot3_cartographer/cmake/turtlebot3_cartographerConfig-version.cmake
[1.333s] -- Symlinking: /home/naoko/develop_ws/install/turtlebot3_cartographer/share/turtlebot3_cartographer/package.xml
[1.346s] Invoked command in '/home/naoko/develop_ws/build/turtlebot3_cartographer' returned '0': CMAKE_PREFIX_PATH=${CMAKE_PREFIX_PATH}:/opt/ros/jazzy DEBUGINFOD_URLS=https://debuginfod.ubuntu.com /usr/bin/cmake --install /home/naoko/develop_ws/build/turtlebot3_cartographer
