[1.534s] Invoking command in '/home/naoko/develop_ws/build/turtlebot3_teleop': DEBUGINFOD_URLS=https://debuginfod.ubuntu.com PYTHONPATH=/home/naoko/develop_ws/build/turtlebot3_teleop/prefix_override:/usr/lib/python3/dist-packages/colcon_core/task/python/colcon_distutils_commands:/home/naoko/develop_ws/install/turtlebot3_teleop/lib/python3.12/site-packages:${PYTHONPATH} /usr/bin/python3 -W ignore:setup.py install is deprecated -W ignore:easy_install command is deprecated setup.py develop --editable --build-directory /home/naoko/develop_ws/build/turtlebot3_teleop/build --no-deps symlink_data
[2.088s] running develop
[2.514s] running egg_info
[2.515s] creating turtlebot3_teleop.egg-info
[2.559s] writing turtlebot3_teleop.egg-info/PKG-INFO
[2.560s] writing dependency_links to turtlebot3_teleop.egg-info/dependency_links.txt
[2.561s] writing entry points to turtlebot3_teleop.egg-info/entry_points.txt
[2.561s] writing requirements to turtlebot3_teleop.egg-info/requires.txt
[2.561s] writing top-level names to turtlebot3_teleop.egg-info/top_level.txt
[2.561s] writing manifest file 'turtlebot3_teleop.egg-info/SOURCES.txt'
[2.651s] reading manifest file 'turtlebot3_teleop.egg-info/SOURCES.txt'
[2.651s] writing manifest file 'turtlebot3_teleop.egg-info/SOURCES.txt'
[2.698s] running build_ext
[2.698s] Creating /home/naoko/develop_ws/install/turtlebot3_teleop/lib/python3.12/site-packages/turtlebot3-teleop.egg-link (link to .)
[2.700s] Installing teleop_keyboard script to /home/naoko/develop_ws/install/turtlebot3_teleop/lib/turtlebot3_teleop
[2.700s] 
[2.701s] Installed /home/naoko/develop_ws/build/turtlebot3_teleop
[2.701s] running symlink_data
[2.702s] creating /home/naoko/develop_ws/install/turtlebot3_teleop/share/ament_index
[2.702s] creating /home/naoko/develop_ws/install/turtlebot3_teleop/share/ament_index/resource_index
[2.703s] creating /home/naoko/develop_ws/install/turtlebot3_teleop/share/ament_index/resource_index/packages
[2.704s] symbolically linking /home/naoko/develop_ws/build/turtlebot3_teleop/resource/turtlebot3_teleop -> /home/naoko/develop_ws/install/turtlebot3_teleop/share/ament_index/resource_index/packages
[2.704s] symbolically linking /home/naoko/develop_ws/build/turtlebot3_teleop/package.xml -> /home/naoko/develop_ws/install/turtlebot3_teleop/share/turtlebot3_teleop
[2.786s] Invoked command in '/home/naoko/develop_ws/build/turtlebot3_teleop' returned '0': DEBUGINFOD_URLS=https://debuginfod.ubuntu.com PYTHONPATH=/home/naoko/develop_ws/build/turtlebot3_teleop/prefix_override:/usr/lib/python3/dist-packages/colcon_core/task/python/colcon_distutils_commands:/home/naoko/develop_ws/install/turtlebot3_teleop/lib/python3.12/site-packages:${PYTHONPATH} /usr/bin/python3 -W ignore:setup.py install is deprecated -W ignore:easy_install command is deprecated setup.py develop --editable --build-directory /home/naoko/develop_ws/build/turtlebot3_teleop/build --no-deps symlink_data
