[0.049s] Invoking command in '/home/naoko/develop_ws/build/turtlebot3_node': CMAKE_PREFIX_PATH=${CMAKE_PREFIX_PATH}:/opt/ros/jazzy DEBUGINFOD_URLS=https://debuginfod.ubuntu.com /usr/bin/cmake /home/naoko/develop_ws/src/turtlebot3/turtlebot3_node -DAMENT_CMAKE_SYMLINK_INSTALL=1 -DCMAKE_INSTALL_PREFIX=/home/naoko/develop_ws/install/turtlebot3_node
[0.632s] -- The C compiler identification is GNU 13.3.0
[0.632s] -- The CXX compiler identification is GNU 13.3.0
[0.632s] -- Detecting C compiler ABI info
[0.633s] -- Detecting C compiler ABI info - done
[0.633s] -- Check for working C compiler: /usr/bin/cc - skipped
[0.633s] -- Detecting C compile features
[0.633s] -- Detecting C compile features - done
[0.633s] -- Detecting CXX compiler ABI info
[0.633s] -- Detecting CXX compiler ABI info - done
[0.633s] -- Check for working CXX compiler: /usr/bin/c++ - skipped
[0.634s] -- Detecting CXX compile features
[0.634s] -- Detecting CXX compile features - done
[0.635s] -- Found ament_cmake: 2.5.4 (/opt/ros/jazzy/share/ament_cmake/cmake)
[0.652s] -- Found Python3: /usr/bin/python3 (found version "3.12.3") found components: Interpreter 
[0.777s] -- Override CMake install command with custom implementation using symlinks instead of copying resources
[0.881s] -- Found dynamixel_sdk: 3.8.4 (/opt/ros/jazzy/share/dynamixel_sdk/cmake)
[0.896s] -- Found geometry_msgs: 5.3.6 (/opt/ros/jazzy/share/geometry_msgs/cmake)
[1.009s] -- Found rosidl_generator_c: 4.6.5 (/opt/ros/jazzy/share/rosidl_generator_c/cmake)
[1.034s] -- Found rosidl_generator_cpp: 4.6.5 (/opt/ros/jazzy/share/rosidl_generator_cpp/cmake)
[1.065s] -- Using all available rosidl_typesupport_c: rosidl_typesupport_fastrtps_c;rosidl_typesupport_introspection_c
[1.093s] -- Using all available rosidl_typesupport_cpp: rosidl_typesupport_fastrtps_cpp;rosidl_typesupport_introspection_cpp
[1.169s] -- Found message_filters: 4.11.6 (/opt/ros/jazzy/share/message_filters/cmake)
[1.336s] -- Found rmw_implementation_cmake: 7.3.2 (/opt/ros/jazzy/share/rmw_implementation_cmake/cmake)
[1.345s] -- Found rmw_fastrtps_cpp: 8.4.2 (/opt/ros/jazzy/share/rmw_fastrtps_cpp/cmake)
[1.491s] -- Found OpenSSL: /usr/lib/x86_64-linux-gnu/libcrypto.so (found version "3.0.13")  
[1.529s] -- Found FastRTPS: /opt/ros/jazzy/include (Required is at least version "2.13") 
[1.563s] -- Using RMW implementation 'rmw_fastrtps_cpp' as default
[1.725s] -- Found nav_msgs: 5.3.6 (/opt/ros/jazzy/share/nav_msgs/cmake)
[1.759s] -- Found sensor_msgs: 5.3.6 (/opt/ros/jazzy/share/sensor_msgs/cmake)
[1.797s] -- Found std_srvs: 5.3.6 (/opt/ros/jazzy/share/std_srvs/cmake)
[1.836s] -- Found tf2: 0.36.12 (/opt/ros/jazzy/share/tf2/cmake)
[1.853s] -- Found tf2_ros: 0.36.12 (/opt/ros/jazzy/share/tf2_ros/cmake)
[2.356s] -- Found turtlebot3_msgs: 2.4.0 (/opt/ros/jazzy/share/turtlebot3_msgs/cmake)
[2.610s] -- Configuring done (2.6s)
[2.653s] -- Generating done (0.0s)
[2.663s] -- Build files have been written to: /home/naoko/develop_ws/build/turtlebot3_node
[2.677s] Invoked command in '/home/naoko/develop_ws/build/turtlebot3_node' returned '0': CMAKE_PREFIX_PATH=${CMAKE_PREFIX_PATH}:/opt/ros/jazzy DEBUGINFOD_URLS=https://debuginfod.ubuntu.com /usr/bin/cmake /home/naoko/develop_ws/src/turtlebot3/turtlebot3_node -DAMENT_CMAKE_SYMLINK_INSTALL=1 -DCMAKE_INSTALL_PREFIX=/home/naoko/develop_ws/install/turtlebot3_node
[2.682s] Invoking command in '/home/naoko/develop_ws/build/turtlebot3_node': CMAKE_PREFIX_PATH=${CMAKE_PREFIX_PATH}:/opt/ros/jazzy DEBUGINFOD_URLS=https://debuginfod.ubuntu.com /usr/bin/cmake --build /home/naoko/develop_ws/build/turtlebot3_node -- -j12 -l12
[2.783s] [  7%] [32mBuilding CXX object CMakeFiles/turtlebot3_node_lib.dir/src/devices/motor_power.cpp.o[0m
[2.789s] [ 14%] [32mBuilding CXX object CMakeFiles/turtlebot3_node_lib.dir/src/devices/sound.cpp.o[0m
[2.794s] [ 21%] [32mBuilding CXX object CMakeFiles/turtlebot3_node_lib.dir/src/devices/reset.cpp.o[0m
[2.804s] [ 28%] [32mBuilding CXX object CMakeFiles/turtlebot3_node_lib.dir/src/dynamixel_sdk_wrapper.cpp.o[0m
[2.804s] [ 35%] [32mBuilding CXX object CMakeFiles/turtlebot3_node_lib.dir/src/diff_drive_controller.cpp.o[0m
[2.804s] [ 42%] [32mBuilding CXX object CMakeFiles/turtlebot3_node_lib.dir/src/odometry.cpp.o[0m
[2.806s] [ 50%] [32mBuilding CXX object CMakeFiles/turtlebot3_node_lib.dir/src/turtlebot3.cpp.o[0m
[2.806s] [ 57%] [32mBuilding CXX object CMakeFiles/turtlebot3_node_lib.dir/src/sensors/battery_state.cpp.o[0m
[2.814s] [ 64%] [32mBuilding CXX object CMakeFiles/turtlebot3_node_lib.dir/src/sensors/imu.cpp.o[0m
[2.821s] [ 71%] [32mBuilding CXX object CMakeFiles/turtlebot3_node_lib.dir/src/sensors/sensor_state.cpp.o[0m
[2.821s] [ 78%] [32mBuilding CXX object CMakeFiles/turtlebot3_node_lib.dir/src/sensors/joint_state.cpp.o[0m
[30.558s] [ 85%] [32m[1mLinking CXX static library libturtlebot3_node_lib.a[0m
[31.029s] [ 85%] Built target turtlebot3_node_lib
[31.054s] [ 92%] [32mBuilding CXX object CMakeFiles/turtlebot3_ros.dir/src/node_main.cpp.o[0m
[33.597s] [100%] [32m[1mLinking CXX executable turtlebot3_ros[0m
[34.584s] [100%] Built target turtlebot3_ros
[34.594s] Invoked command in '/home/naoko/develop_ws/build/turtlebot3_node' returned '0': CMAKE_PREFIX_PATH=${CMAKE_PREFIX_PATH}:/opt/ros/jazzy DEBUGINFOD_URLS=https://debuginfod.ubuntu.com /usr/bin/cmake --build /home/naoko/develop_ws/build/turtlebot3_node -- -j12 -l12
[34.595s] Invoking command in '/home/naoko/develop_ws/build/turtlebot3_node': CMAKE_PREFIX_PATH=${CMAKE_PREFIX_PATH}:/opt/ros/jazzy DEBUGINFOD_URLS=https://debuginfod.ubuntu.com /usr/bin/cmake --install /home/naoko/develop_ws/build/turtlebot3_node
[34.605s] -- Install configuration: ""
[34.606s] -- Execute custom install script
[34.606s] -- Symlinking: /home/naoko/develop_ws/install/turtlebot3_node/share/turtlebot3_node/param/burger.yaml
[34.615s] -- Symlinking: /home/naoko/develop_ws/install/turtlebot3_node/share/turtlebot3_node/param/waffle.yaml
[34.623s] -- Symlinking: /home/naoko/develop_ws/install/turtlebot3_node/share/turtlebot3_node/param/waffle_pi.yaml
[34.635s] -- Symlinking: /home/naoko/develop_ws/install/turtlebot3_node/lib/turtlebot3_node/turtlebot3_ros
[34.642s] -- Symlinking: /home/naoko/develop_ws/install/turtlebot3_node/share/ament_index/resource_index/package_run_dependencies/turtlebot3_node
[34.649s] -- Symlinking: /home/naoko/develop_ws/install/turtlebot3_node/share/ament_index/resource_index/parent_prefix_path/turtlebot3_node
[34.658s] -- Symlinking: /home/naoko/develop_ws/install/turtlebot3_node/share/turtlebot3_node/environment/ament_prefix_path.sh
[34.666s] -- Symlinking: /home/naoko/develop_ws/install/turtlebot3_node/share/turtlebot3_node/environment/ament_prefix_path.dsv
[34.677s] -- Symlinking: /home/naoko/develop_ws/install/turtlebot3_node/share/turtlebot3_node/environment/path.sh
[34.687s] -- Symlinking: /home/naoko/develop_ws/install/turtlebot3_node/share/turtlebot3_node/environment/path.dsv
[34.696s] -- Symlinking: /home/naoko/develop_ws/install/turtlebot3_node/share/turtlebot3_node/local_setup.bash
[34.707s] -- Symlinking: /home/naoko/develop_ws/install/turtlebot3_node/share/turtlebot3_node/local_setup.sh
[34.716s] -- Symlinking: /home/naoko/develop_ws/install/turtlebot3_node/share/turtlebot3_node/local_setup.zsh
[34.724s] -- Symlinking: /home/naoko/develop_ws/install/turtlebot3_node/share/turtlebot3_node/local_setup.dsv
[34.734s] -- Symlinking: /home/naoko/develop_ws/install/turtlebot3_node/share/turtlebot3_node/package.dsv
[34.746s] -- Symlinking: /home/naoko/develop_ws/install/turtlebot3_node/share/ament_index/resource_index/packages/turtlebot3_node
[34.755s] -- Symlinking: /home/naoko/develop_ws/install/turtlebot3_node/share/turtlebot3_node/cmake/ament_cmake_export_dependencies-extras.cmake
[34.766s] -- Symlinking: /home/naoko/develop_ws/install/turtlebot3_node/share/turtlebot3_node/cmake/ament_cmake_export_include_directories-extras.cmake
[34.778s] -- Symlinking: /home/naoko/develop_ws/install/turtlebot3_node/share/turtlebot3_node/cmake/turtlebot3_nodeConfig.cmake
[34.789s] -- Symlinking: /home/naoko/develop_ws/install/turtlebot3_node/share/turtlebot3_node/cmake/turtlebot3_nodeConfig-version.cmake
[34.800s] -- Symlinking: /home/naoko/develop_ws/install/turtlebot3_node/share/turtlebot3_node/package.xml
[34.810s] Invoked command in '/home/naoko/develop_ws/build/turtlebot3_node' returned '0': CMAKE_PREFIX_PATH=${CMAKE_PREFIX_PATH}:/opt/ros/jazzy DEBUGINFOD_URLS=https://debuginfod.ubuntu.com /usr/bin/cmake --install /home/naoko/develop_ws/build/turtlebot3_node
