[0.028s] Invoking command in '/home/naoko/develop_ws/build/turtlebot3_node': CMAKE_PREFIX_PATH=${CMAKE_PREFIX_PATH}:/opt/ros/jazzy DEBUGINFOD_URLS=https://debuginfod.ubuntu.com /usr/bin/cmake /home/naoko/develop_ws/src/turtlebot3/turtlebot3_node -DCMAKE_INSTALL_PREFIX=/home/naoko/develop_ws/install/turtlebot3_node
[0.186s] -- The C compiler identification is GNU 13.3.0
[0.187s] -- The CXX compiler identification is GNU 13.3.0
[0.194s] -- Detecting C compiler ABI info
[0.282s] -- Detecting C compiler ABI info - done
[0.293s] -- Check for working C compiler: /usr/bin/cc - skipped
[0.293s] -- Detecting C compile features
[0.294s] -- Detecting C compile features - done
[0.303s] -- Detecting CXX compiler ABI info
[0.410s] -- Detecting CXX compiler ABI info - done
[0.423s] -- Check for working CXX compiler: /usr/bin/c++ - skipped
[0.424s] -- Detecting CXX compile features
[0.424s] -- Detecting CXX compile features - done
[0.430s] -- Found ament_cmake: 2.5.4 (/opt/ros/jazzy/share/ament_cmake/cmake)
[0.633s] -- Found Python3: /usr/bin/python3 (found version "3.12.3") found components: Interpreter 
[0.815s] -- Found dynamixel_sdk: 3.8.4 (/opt/ros/jazzy/share/dynamixel_sdk/cmake)
[0.825s] -- Found geometry_msgs: 5.3.6 (/opt/ros/jazzy/share/geometry_msgs/cmake)
[0.921s] -- Found rosidl_generator_c: 4.6.6 (/opt/ros/jazzy/share/rosidl_generator_c/cmake)
[0.951s] -- Found rosidl_generator_cpp: 4.6.6 (/opt/ros/jazzy/share/rosidl_generator_cpp/cmake)
[0.992s] -- Using all available rosidl_typesupport_c: rosidl_typesupport_fastrtps_c;rosidl_typesupport_introspection_c
[1.034s] -- Using all available rosidl_typesupport_cpp: rosidl_typesupport_fastrtps_cpp;rosidl_typesupport_introspection_cpp
[1.116s] -- Found message_filters: 4.11.8 (/opt/ros/jazzy/share/message_filters/cmake)
[1.238s] -- Found rmw_implementation_cmake: 7.3.2 (/opt/ros/jazzy/share/rmw_implementation_cmake/cmake)
[1.245s] -- Found rmw_fastrtps_cpp: 8.4.3 (/opt/ros/jazzy/share/rmw_fastrtps_cpp/cmake)
[1.356s] -- Found OpenSSL: /usr/lib/x86_64-linux-gnu/libcrypto.so (found version "3.0.13")  
[1.375s] -- Found FastRTPS: /opt/ros/jazzy/include (Required is at least version "2.13") 
[1.403s] -- Using RMW implementation 'rmw_fastrtps_cpp' as default
[1.529s] -- Found nav_msgs: 5.3.6 (/opt/ros/jazzy/share/nav_msgs/cmake)
[1.579s] -- Found sensor_msgs: 5.3.6 (/opt/ros/jazzy/share/sensor_msgs/cmake)
[1.623s] -- Found std_srvs: 5.3.6 (/opt/ros/jazzy/share/std_srvs/cmake)
[1.651s] -- Found tf2: 0.36.14 (/opt/ros/jazzy/share/tf2/cmake)
[1.661s] -- Found tf2_ros: 0.36.14 (/opt/ros/jazzy/share/tf2_ros/cmake)
[1.799s] -- Found turtlebot3_msgs: 2.4.0 (/opt/ros/jazzy/share/turtlebot3_msgs/cmake)
[1.890s] -- Configuring done (1.8s)
[1.905s] -- Generating done (0.0s)
[1.908s] -- Build files have been written to: /home/naoko/develop_ws/build/turtlebot3_node
[1.917s] Invoked command in '/home/naoko/develop_ws/build/turtlebot3_node' returned '0': CMAKE_PREFIX_PATH=${CMAKE_PREFIX_PATH}:/opt/ros/jazzy DEBUGINFOD_URLS=https://debuginfod.ubuntu.com /usr/bin/cmake /home/naoko/develop_ws/src/turtlebot3/turtlebot3_node -DCMAKE_INSTALL_PREFIX=/home/naoko/develop_ws/install/turtlebot3_node
[1.918s] Invoking command in '/home/naoko/develop_ws/build/turtlebot3_node': CMAKE_PREFIX_PATH=${CMAKE_PREFIX_PATH}:/opt/ros/jazzy DEBUGINFOD_URLS=https://debuginfod.ubuntu.com /usr/bin/cmake --build /home/naoko/develop_ws/build/turtlebot3_node -- -j12 -l12
[1.968s] [ 14%] [32mBuilding CXX object CMakeFiles/turtlebot3_node_lib.dir/src/diff_drive_controller.cpp.o[0m
[1.968s] [ 21%] [32mBuilding CXX object CMakeFiles/turtlebot3_node_lib.dir/src/devices/sound.cpp.o[0m
[1.968s] [ 28%] [32mBuilding CXX object CMakeFiles/turtlebot3_node_lib.dir/src/turtlebot3.cpp.o[0m
[1.968s] [ 35%] [32mBuilding CXX object CMakeFiles/turtlebot3_node_lib.dir/src/dynamixel_sdk_wrapper.cpp.o[0m
[1.968s] [ 42%] [32mBuilding CXX object CMakeFiles/turtlebot3_node_lib.dir/src/sensors/battery_state.cpp.o[0m
[1.968s] [ 42%] [32mBuilding CXX object CMakeFiles/turtlebot3_node_lib.dir/src/devices/reset.cpp.o[0m
[1.970s] [ 57%] [32mBuilding CXX object CMakeFiles/turtlebot3_node_lib.dir/src/sensors/joint_state.cpp.o[0m
[1.970s] [ 57%] [32mBuilding CXX object CMakeFiles/turtlebot3_node_lib.dir/src/sensors/imu.cpp.o[0m
[1.970s] [ 64%] [32mBuilding CXX object CMakeFiles/turtlebot3_node_lib.dir/src/odometry.cpp.o[0m
[1.971s] [ 71%] [32mBuilding CXX object CMakeFiles/turtlebot3_node_lib.dir/src/sensors/sensor_state.cpp.o[0m
[1.973s] [ 78%] [32mBuilding CXX object CMakeFiles/turtlebot3_node_lib.dir/src/devices/motor_power.cpp.o[0m
[19.397s] [ 85%] [32m[1mLinking CXX static library libturtlebot3_node_lib.a[0m
[19.725s] [ 85%] Built target turtlebot3_node_lib
[19.743s] [ 92%] [32mBuilding CXX object CMakeFiles/turtlebot3_ros.dir/src/node_main.cpp.o[0m
[22.071s] [100%] [32m[1mLinking CXX executable turtlebot3_ros[0m
[22.899s] [100%] Built target turtlebot3_ros
[22.910s] Invoked command in '/home/naoko/develop_ws/build/turtlebot3_node' returned '0': CMAKE_PREFIX_PATH=${CMAKE_PREFIX_PATH}:/opt/ros/jazzy DEBUGINFOD_URLS=https://debuginfod.ubuntu.com /usr/bin/cmake --build /home/naoko/develop_ws/build/turtlebot3_node -- -j12 -l12
[22.911s] Invoking command in '/home/naoko/develop_ws/build/turtlebot3_node': CMAKE_PREFIX_PATH=${CMAKE_PREFIX_PATH}:/opt/ros/jazzy DEBUGINFOD_URLS=https://debuginfod.ubuntu.com /usr/bin/cmake --install /home/naoko/develop_ws/build/turtlebot3_node
[22.917s] -- Install configuration: ""
[22.917s] -- Installing: /home/naoko/develop_ws/install/turtlebot3_node/share/turtlebot3_node/param
[22.917s] -- Installing: /home/naoko/develop_ws/install/turtlebot3_node/share/turtlebot3_node/param/burger.yaml
[22.917s] -- Installing: /home/naoko/develop_ws/install/turtlebot3_node/share/turtlebot3_node/param/waffle_pi.yaml
[22.917s] -- Installing: /home/naoko/develop_ws/install/turtlebot3_node/share/turtlebot3_node/param/waffle.yaml
[22.917s] -- Installing: /home/naoko/develop_ws/install/turtlebot3_node/lib/turtlebot3_node/turtlebot3_ros
[22.927s] -- Set non-toolchain portion of runtime path of "/home/naoko/develop_ws/install/turtlebot3_node/lib/turtlebot3_node/turtlebot3_ros" to ""
[22.927s] -- Installing: /home/naoko/develop_ws/install/turtlebot3_node/share/ament_index/resource_index/package_run_dependencies/turtlebot3_node
[22.927s] -- Installing: /home/naoko/develop_ws/install/turtlebot3_node/share/ament_index/resource_index/parent_prefix_path/turtlebot3_node
[22.927s] -- Installing: /home/naoko/develop_ws/install/turtlebot3_node/share/turtlebot3_node/environment/ament_prefix_path.sh
[22.927s] -- Installing: /home/naoko/develop_ws/install/turtlebot3_node/share/turtlebot3_node/environment/ament_prefix_path.dsv
[22.927s] -- Installing: /home/naoko/develop_ws/install/turtlebot3_node/share/turtlebot3_node/environment/path.sh
[22.927s] -- Installing: /home/naoko/develop_ws/install/turtlebot3_node/share/turtlebot3_node/environment/path.dsv
[22.927s] -- Installing: /home/naoko/develop_ws/install/turtlebot3_node/share/turtlebot3_node/local_setup.bash
[22.927s] -- Installing: /home/naoko/develop_ws/install/turtlebot3_node/share/turtlebot3_node/local_setup.sh
[22.927s] -- Installing: /home/naoko/develop_ws/install/turtlebot3_node/share/turtlebot3_node/local_setup.zsh
[22.928s] -- Installing: /home/naoko/develop_ws/install/turtlebot3_node/share/turtlebot3_node/local_setup.dsv
[22.928s] -- Installing: /home/naoko/develop_ws/install/turtlebot3_node/share/turtlebot3_node/package.dsv
[22.928s] -- Installing: /home/naoko/develop_ws/install/turtlebot3_node/share/ament_index/resource_index/packages/turtlebot3_node
[22.928s] -- Installing: /home/naoko/develop_ws/install/turtlebot3_node/share/turtlebot3_node/cmake/ament_cmake_export_dependencies-extras.cmake
[22.928s] -- Installing: /home/naoko/develop_ws/install/turtlebot3_node/share/turtlebot3_node/cmake/ament_cmake_export_include_directories-extras.cmake
[22.928s] -- Installing: /home/naoko/develop_ws/install/turtlebot3_node/share/turtlebot3_node/cmake/turtlebot3_nodeConfig.cmake
[22.928s] -- Installing: /home/naoko/develop_ws/install/turtlebot3_node/share/turtlebot3_node/cmake/turtlebot3_nodeConfig-version.cmake
[22.928s] -- Installing: /home/naoko/develop_ws/install/turtlebot3_node/share/turtlebot3_node/package.xml
[22.929s] Invoked command in '/home/naoko/develop_ws/build/turtlebot3_node' returned '0': CMAKE_PREFIX_PATH=${CMAKE_PREFIX_PATH}:/opt/ros/jazzy DEBUGINFOD_URLS=https://debuginfod.ubuntu.com /usr/bin/cmake --install /home/naoko/develop_ws/build/turtlebot3_node
