-- Found ament_cmake: 2.5.4 (/opt/ros/jazzy/share/ament_cmake/cmake)
-- Override CMake install command with custom implementation using symlinks instead of copying resources
-- Found rclcpp: 28.1.10 (/opt/ros/jazzy/share/rclcpp/cmake)
-- Found rosidl_generator_c: 4.6.5 (/opt/ros/jazzy/share/rosidl_generator_c/cmake)
-- Found rosidl_generator_cpp: 4.6.5 (/opt/ros/jazzy/share/rosidl_generator_cpp/cmake)
-- Using all available rosidl_typesupport_c: rosidl_typesupport_fastrtps_c;rosidl_typesupport_introspection_c
-- Using all available rosidl_typesupport_cpp: rosidl_typesupport_fastrtps_cpp;rosidl_typesupport_introspection_cpp
-- Found rmw_implementation_cmake: 7.3.2 (/opt/ros/jazzy/share/rmw_implementation_cmake/cmake)
-- Found rmw_fastrtps_cpp: 8.4.2 (/opt/ros/jazzy/share/rmw_fastrtps_cpp/cmake)
-- Using RMW implementation 'rmw_fastrtps_cpp' as default
-- Found std_msgs: 5.3.6 (/opt/ros/jazzy/share/std_msgs/cmake)
-- Found sensor_msgs: 5.3.6 (/opt/ros/jazzy/share/sensor_msgs/cmake)
-- Configuring done (0.7s)
-- Generating done (0.0s)
-- Build files have been written to: /home/naoko/develop_ws/build/classudp
[ 33%] Built target my_turtle_controller
[ 66%] Built target catch_publisher
[100%] Built target catch_subscriber
-- Install configuration: ""
-- Execute custom install script
-- Up-to-date symlink: /home/naoko/develop_ws/install/classudp/lib/classudp/catch_publisher
-- Up-to-date symlink: /home/naoko/develop_ws/install/classudp/lib/classudp/catch_subscriber
-- Up-to-date symlink: /home/naoko/develop_ws/install/classudp/lib/classudp/my_turtle_controller
-- Up-to-date symlink: /home/naoko/develop_ws/install/classudp/share/ament_index/resource_index/package_run_dependencies/classudp
-- Up-to-date symlink: /home/naoko/develop_ws/install/classudp/share/ament_index/resource_index/parent_prefix_path/classudp
-- Up-to-date symlink: /home/naoko/develop_ws/install/classudp/share/classudp/environment/ament_prefix_path.sh
-- Up-to-date symlink: /home/naoko/develop_ws/install/classudp/share/classudp/environment/ament_prefix_path.dsv
-- Up-to-date symlink: /home/naoko/develop_ws/install/classudp/share/classudp/environment/path.sh
-- Up-to-date symlink: /home/naoko/develop_ws/install/classudp/share/classudp/environment/path.dsv
-- Up-to-date symlink: /home/naoko/develop_ws/install/classudp/share/classudp/local_setup.bash
-- Up-to-date symlink: /home/naoko/develop_ws/install/classudp/share/classudp/local_setup.sh
-- Up-to-date symlink: /home/naoko/develop_ws/install/classudp/share/classudp/local_setup.zsh
-- Up-to-date symlink: /home/naoko/develop_ws/install/classudp/share/classudp/local_setup.dsv
-- Symlinking: /home/naoko/develop_ws/install/classudp/share/classudp/package.dsv
-- Up-to-date symlink: /home/naoko/develop_ws/install/classudp/share/ament_index/resource_index/packages/classudp
-- Up-to-date symlink: /home/naoko/develop_ws/install/classudp/share/classudp/cmake/classudpConfig.cmake
-- Up-to-date symlink: /home/naoko/develop_ws/install/classudp/share/classudp/cmake/classudpConfig-version.cmake
-- Up-to-date symlink: /home/naoko/develop_ws/install/classudp/share/classudp/package.xml
