[0.458s] Invoking command in '/home/naoko/develop_ws/build/classudp': CMAKE_PREFIX_PATH=${CMAKE_PREFIX_PATH}:/opt/ros/jazzy DEBUGINFOD_URLS=https://debuginfod.ubuntu.com /usr/bin/cmake --build /home/naoko/develop_ws/build/classudp -- -j12 -l12
[0.494s] -- Found ament_cmake: 2.5.4 (/opt/ros/jazzy/share/ament_cmake/cmake)
[0.708s] -- Override CMake install command with custom implementation using symlinks instead of copying resources
[0.714s] -- Found rclcpp: 28.1.10 (/opt/ros/jazzy/share/rclcpp/cmake)
[0.744s] -- Found rosidl_generator_c: 4.6.5 (/opt/ros/jazzy/share/rosidl_generator_c/cmake)
[0.757s] -- Found rosidl_generator_cpp: 4.6.5 (/opt/ros/jazzy/share/rosidl_generator_cpp/cmake)
[0.773s] -- Using all available rosidl_typesupport_c: rosidl_typesupport_fastrtps_c;rosidl_typesupport_introspection_c
[0.788s] -- Using all available rosidl_typesupport_cpp: rosidl_typesupport_fastrtps_cpp;rosidl_typesupport_introspection_cpp
[0.856s] -- Found rmw_implementation_cmake: 7.3.2 (/opt/ros/jazzy/share/rmw_implementation_cmake/cmake)
[0.858s] -- Found rmw_fastrtps_cpp: 8.4.2 (/opt/ros/jazzy/share/rmw_fastrtps_cpp/cmake)
[0.929s] -- Using RMW implementation 'rmw_fastrtps_cpp' as default
[1.002s] -- Found std_msgs: 5.3.6 (/opt/ros/jazzy/share/std_msgs/cmake)
[1.023s] -- Found sensor_msgs: 5.3.6 (/opt/ros/jazzy/share/sensor_msgs/cmake)
[1.198s] -- Configuring done (0.7s)
[1.214s] -- Generating done (0.0s)
[1.219s] -- Build files have been written to: /home/naoko/develop_ws/build/classudp
[1.263s] [ 33%] Built target my_turtle_controller
[1.266s] [ 66%] Built target catch_publisher
[1.270s] [100%] Built target catch_subscriber
[1.282s] Invoked command in '/home/naoko/develop_ws/build/classudp' returned '0': CMAKE_PREFIX_PATH=${CMAKE_PREFIX_PATH}:/opt/ros/jazzy DEBUGINFOD_URLS=https://debuginfod.ubuntu.com /usr/bin/cmake --build /home/naoko/develop_ws/build/classudp -- -j12 -l12
[1.283s] Invoking command in '/home/naoko/develop_ws/build/classudp': CMAKE_PREFIX_PATH=${CMAKE_PREFIX_PATH}:/opt/ros/jazzy DEBUGINFOD_URLS=https://debuginfod.ubuntu.com /usr/bin/cmake --install /home/naoko/develop_ws/build/classudp
[1.292s] -- Install configuration: ""
[1.292s] -- Execute custom install script
[1.293s] -- Up-to-date symlink: /home/naoko/develop_ws/install/classudp/lib/classudp/catch_publisher
[1.293s] -- Up-to-date symlink: /home/naoko/develop_ws/install/classudp/lib/classudp/catch_subscriber
[1.293s] -- Up-to-date symlink: /home/naoko/develop_ws/install/classudp/lib/classudp/my_turtle_controller
[1.293s] -- Up-to-date symlink: /home/naoko/develop_ws/install/classudp/share/ament_index/resource_index/package_run_dependencies/classudp
[1.293s] -- Up-to-date symlink: /home/naoko/develop_ws/install/classudp/share/ament_index/resource_index/parent_prefix_path/classudp
[1.293s] -- Up-to-date symlink: /home/naoko/develop_ws/install/classudp/share/classudp/environment/ament_prefix_path.sh
[1.293s] -- Up-to-date symlink: /home/naoko/develop_ws/install/classudp/share/classudp/environment/ament_prefix_path.dsv
[1.294s] -- Up-to-date symlink: /home/naoko/develop_ws/install/classudp/share/classudp/environment/path.sh
[1.294s] -- Up-to-date symlink: /home/naoko/develop_ws/install/classudp/share/classudp/environment/path.dsv
[1.294s] -- Up-to-date symlink: /home/naoko/develop_ws/install/classudp/share/classudp/local_setup.bash
[1.294s] -- Up-to-date symlink: /home/naoko/develop_ws/install/classudp/share/classudp/local_setup.sh
[1.294s] -- Up-to-date symlink: /home/naoko/develop_ws/install/classudp/share/classudp/local_setup.zsh
[1.294s] -- Up-to-date symlink: /home/naoko/develop_ws/install/classudp/share/classudp/local_setup.dsv
[1.294s] -- Symlinking: /home/naoko/develop_ws/install/classudp/share/classudp/package.dsv
[1.304s] -- Up-to-date symlink: /home/naoko/develop_ws/install/classudp/share/ament_index/resource_index/packages/classudp
[1.304s] -- Up-to-date symlink: /home/naoko/develop_ws/install/classudp/share/classudp/cmake/classudpConfig.cmake
[1.304s] -- Up-to-date symlink: /home/naoko/develop_ws/install/classudp/share/classudp/cmake/classudpConfig-version.cmake
[1.304s] -- Up-to-date symlink: /home/naoko/develop_ws/install/classudp/share/classudp/package.xml
[1.307s] Invoked command in '/home/naoko/develop_ws/build/classudp' returned '0': CMAKE_PREFIX_PATH=${CMAKE_PREFIX_PATH}:/opt/ros/jazzy DEBUGINFOD_URLS=https://debuginfod.ubuntu.com /usr/bin/cmake --install /home/naoko/develop_ws/build/classudp
