[0.070s] Invoking command in '/home/naoko/develop_ws/build/turtlebot3_bringup': AMENT_PREFIX_PATH=/home/naoko/develop_ws/install/turtlebot3_node:/home/naoko/develop_ws/install/turtlebot3_description:${AMENT_PREFIX_PATH} CMAKE_PREFIX_PATH=/home/naoko/develop_ws/install/turtlebot3_node:/home/naoko/develop_ws/install/turtlebot3_description:/home/naoko/ritsmaycan_ws/install/ritsmaycan:/home/naoko/trial_ws/install/trial:/home/naoko/Natsurobo2025/natsu_ws/install/natsuudp:/home/naoko/ros2_ws/install/tukurotto:/home/naoko/ros2_ws/install/ros2udp_core:/home/naoko/ros2_ws/install/ros2udp_apollo4:/home/naoko/ros2_ws/install/ros2udp:/home/naoko/ros2_ws/install/ros2esp:/home/naoko/ros2_ws/install/natsuudp:/home/naoko/ros2_ws/install/example:/home/naoko/ros2_ws/install/cr25tashiron:/home/naoko/ros2_ws/install/actuator_msg:/opt/ros/jazzy/opt/gz_sim_vendor:/opt/ros/jazzy/opt/gz_sensors_vendor:/opt/ros/jazzy/opt/gz_physics_vendor:/opt/ros/jazzy/opt/sdformat_vendor:/opt/ros/jazzy/opt/gz_gui_vendor:/opt/ros/jazzy/opt/gz_transport_vendor:/opt/ros/jazzy/opt/gz_rendering_vendor:/opt/ros/jazzy/opt/gz_plugin_vendor:/opt/ros/jazzy/opt/gz_fuel_tools_vendor:/opt/ros/jazzy/opt/gz_msgs_vendor:/opt/ros/jazzy/opt/gz_common_vendor:/opt/ros/jazzy/opt/gz_math_vendor:/opt/ros/jazzy/opt/gz_utils_vendor:/opt/ros/jazzy/opt/gz_tools_vendor:/opt/ros/jazzy/opt/gz_ogre_next_vendor:/opt/ros/jazzy/opt/gz_dartsim_vendor:/opt/ros/jazzy/opt/gz_cmake_vendor:/opt/ros/jazzy DEBUGINFOD_URLS=https://debuginfod.ubuntu.com /usr/bin/cmake --build /home/naoko/develop_ws/build/turtlebot3_bringup -- -j12 -l12
[0.117s] Invoked command in '/home/naoko/develop_ws/build/turtlebot3_bringup' returned '0': AMENT_PREFIX_PATH=/home/naoko/develop_ws/install/turtlebot3_node:/home/naoko/develop_ws/install/turtlebot3_description:${AMENT_PREFIX_PATH} CMAKE_PREFIX_PATH=/home/naoko/develop_ws/install/turtlebot3_node:/home/naoko/develop_ws/install/turtlebot3_description:/home/naoko/ritsmaycan_ws/install/ritsmaycan:/home/naoko/trial_ws/install/trial:/home/naoko/Natsurobo2025/natsu_ws/install/natsuudp:/home/naoko/ros2_ws/install/tukurotto:/home/naoko/ros2_ws/install/ros2udp_core:/home/naoko/ros2_ws/install/ros2udp_apollo4:/home/naoko/ros2_ws/install/ros2udp:/home/naoko/ros2_ws/install/ros2esp:/home/naoko/ros2_ws/install/natsuudp:/home/naoko/ros2_ws/install/example:/home/naoko/ros2_ws/install/cr25tashiron:/home/naoko/ros2_ws/install/actuator_msg:/opt/ros/jazzy/opt/gz_sim_vendor:/opt/ros/jazzy/opt/gz_sensors_vendor:/opt/ros/jazzy/opt/gz_physics_vendor:/opt/ros/jazzy/opt/sdformat_vendor:/opt/ros/jazzy/opt/gz_gui_vendor:/opt/ros/jazzy/opt/gz_transport_vendor:/opt/ros/jazzy/opt/gz_rendering_vendor:/opt/ros/jazzy/opt/gz_plugin_vendor:/opt/ros/jazzy/opt/gz_fuel_tools_vendor:/opt/ros/jazzy/opt/gz_msgs_vendor:/opt/ros/jazzy/opt/gz_common_vendor:/opt/ros/jazzy/opt/gz_math_vendor:/opt/ros/jazzy/opt/gz_utils_vendor:/opt/ros/jazzy/opt/gz_tools_vendor:/opt/ros/jazzy/opt/gz_ogre_next_vendor:/opt/ros/jazzy/opt/gz_dartsim_vendor:/opt/ros/jazzy/opt/gz_cmake_vendor:/opt/ros/jazzy DEBUGINFOD_URLS=https://debuginfod.ubuntu.com /usr/bin/cmake --build /home/naoko/develop_ws/build/turtlebot3_bringup -- -j12 -l12
[0.119s] Invoking command in '/home/naoko/develop_ws/build/turtlebot3_bringup': AMENT_PREFIX_PATH=/home/naoko/develop_ws/install/turtlebot3_node:/home/naoko/develop_ws/install/turtlebot3_description:${AMENT_PREFIX_PATH} CMAKE_PREFIX_PATH=/home/naoko/develop_ws/install/turtlebot3_node:/home/naoko/develop_ws/install/turtlebot3_description:/home/naoko/ritsmaycan_ws/install/ritsmaycan:/home/naoko/trial_ws/install/trial:/home/naoko/Natsurobo2025/natsu_ws/install/natsuudp:/home/naoko/ros2_ws/install/tukurotto:/home/naoko/ros2_ws/install/ros2udp_core:/home/naoko/ros2_ws/install/ros2udp_apollo4:/home/naoko/ros2_ws/install/ros2udp:/home/naoko/ros2_ws/install/ros2esp:/home/naoko/ros2_ws/install/natsuudp:/home/naoko/ros2_ws/install/example:/home/naoko/ros2_ws/install/cr25tashiron:/home/naoko/ros2_ws/install/actuator_msg:/opt/ros/jazzy/opt/gz_sim_vendor:/opt/ros/jazzy/opt/gz_sensors_vendor:/opt/ros/jazzy/opt/gz_physics_vendor:/opt/ros/jazzy/opt/sdformat_vendor:/opt/ros/jazzy/opt/gz_gui_vendor:/opt/ros/jazzy/opt/gz_transport_vendor:/opt/ros/jazzy/opt/gz_rendering_vendor:/opt/ros/jazzy/opt/gz_plugin_vendor:/opt/ros/jazzy/opt/gz_fuel_tools_vendor:/opt/ros/jazzy/opt/gz_msgs_vendor:/opt/ros/jazzy/opt/gz_common_vendor:/opt/ros/jazzy/opt/gz_math_vendor:/opt/ros/jazzy/opt/gz_utils_vendor:/opt/ros/jazzy/opt/gz_tools_vendor:/opt/ros/jazzy/opt/gz_ogre_next_vendor:/opt/ros/jazzy/opt/gz_dartsim_vendor:/opt/ros/jazzy/opt/gz_cmake_vendor:/opt/ros/jazzy DEBUGINFOD_URLS=https://debuginfod.ubuntu.com /usr/bin/cmake --install /home/naoko/develop_ws/build/turtlebot3_bringup
[0.128s] -- Install configuration: ""
[0.128s] -- Up-to-date: /home/naoko/develop_ws/install/turtlebot3_bringup/share/turtlebot3_bringup/launch
[0.129s] -- Up-to-date: /home/naoko/develop_ws/install/turtlebot3_bringup/share/turtlebot3_bringup/launch/turtlebot3_state_publisher.launch.py
[0.129s] -- Up-to-date: /home/naoko/develop_ws/install/turtlebot3_bringup/share/turtlebot3_bringup/launch/robot.launch.py
[0.129s] -- Up-to-date: /home/naoko/develop_ws/install/turtlebot3_bringup/share/turtlebot3_bringup/launch/camera.launch.py
[0.129s] -- Up-to-date: /home/naoko/develop_ws/install/turtlebot3_bringup/share/turtlebot3_bringup/launch/rviz2.launch.py
[0.129s] -- Up-to-date: /home/naoko/develop_ws/install/turtlebot3_bringup/share/turtlebot3_bringup/param
[0.129s] -- Up-to-date: /home/naoko/develop_ws/install/turtlebot3_bringup/share/turtlebot3_bringup/param/burger.yaml
[0.129s] -- Up-to-date: /home/naoko/develop_ws/install/turtlebot3_bringup/share/turtlebot3_bringup/param/waffle_pi.yaml
[0.129s] -- Up-to-date: /home/naoko/develop_ws/install/turtlebot3_bringup/share/turtlebot3_bringup/param/humble
[0.129s] -- Up-to-date: /home/naoko/develop_ws/install/turtlebot3_bringup/share/turtlebot3_bringup/param/humble/burger.yaml
[0.130s] -- Up-to-date: /home/naoko/develop_ws/install/turtlebot3_bringup/share/turtlebot3_bringup/param/humble/waffle_pi.yaml
[0.130s] -- Up-to-date: /home/naoko/develop_ws/install/turtlebot3_bringup/share/turtlebot3_bringup/param/humble/waffle.yaml
[0.130s] -- Up-to-date: /home/naoko/develop_ws/install/turtlebot3_bringup/share/turtlebot3_bringup/param/waffle.yaml
[0.130s] -- Up-to-date: /home/naoko/develop_ws/install/turtlebot3_bringup/share/turtlebot3_bringup/script
[0.130s] -- Up-to-date: /home/naoko/develop_ws/install/turtlebot3_bringup/share/turtlebot3_bringup/script/99-turtlebot3-cdc.rules
[0.130s] -- Up-to-date: /home/naoko/develop_ws/install/turtlebot3_bringup/share/turtlebot3_bringup/script/create_udev_rules
[0.130s] -- Up-to-date: /home/naoko/develop_ws/install/turtlebot3_bringup/share/ament_index/resource_index/package_run_dependencies/turtlebot3_bringup
[0.130s] -- Up-to-date: /home/naoko/develop_ws/install/turtlebot3_bringup/share/ament_index/resource_index/parent_prefix_path/turtlebot3_bringup
[0.131s] -- Up-to-date: /home/naoko/develop_ws/install/turtlebot3_bringup/share/turtlebot3_bringup/environment/ament_prefix_path.sh
[0.131s] -- Up-to-date: /home/naoko/develop_ws/install/turtlebot3_bringup/share/turtlebot3_bringup/environment/ament_prefix_path.dsv
[0.132s] -- Up-to-date: /home/naoko/develop_ws/install/turtlebot3_bringup/share/turtlebot3_bringup/environment/path.sh
[0.132s] -- Up-to-date: /home/naoko/develop_ws/install/turtlebot3_bringup/share/turtlebot3_bringup/environment/path.dsv
[0.132s] -- Up-to-date: /home/naoko/develop_ws/install/turtlebot3_bringup/share/turtlebot3_bringup/local_setup.bash
[0.132s] -- Up-to-date: /home/naoko/develop_ws/install/turtlebot3_bringup/share/turtlebot3_bringup/local_setup.sh
[0.133s] -- Up-to-date: /home/naoko/develop_ws/install/turtlebot3_bringup/share/turtlebot3_bringup/local_setup.zsh
[0.133s] -- Up-to-date: /home/naoko/develop_ws/install/turtlebot3_bringup/share/turtlebot3_bringup/local_setup.dsv
[0.133s] -- Up-to-date: /home/naoko/develop_ws/install/turtlebot3_bringup/share/turtlebot3_bringup/package.dsv
[0.133s] -- Up-to-date: /home/naoko/develop_ws/install/turtlebot3_bringup/share/ament_index/resource_index/packages/turtlebot3_bringup
[0.133s] -- Up-to-date: /home/naoko/develop_ws/install/turtlebot3_bringup/share/turtlebot3_bringup/cmake/turtlebot3_bringupConfig.cmake
[0.134s] -- Up-to-date: /home/naoko/develop_ws/install/turtlebot3_bringup/share/turtlebot3_bringup/cmake/turtlebot3_bringupConfig-version.cmake
[0.134s] -- Up-to-date: /home/naoko/develop_ws/install/turtlebot3_bringup/share/turtlebot3_bringup/package.xml
[0.134s] Invoked command in '/home/naoko/develop_ws/build/turtlebot3_bringup' returned '0': AMENT_PREFIX_PATH=/home/naoko/develop_ws/install/turtlebot3_node:/home/naoko/develop_ws/install/turtlebot3_description:${AMENT_PREFIX_PATH} CMAKE_PREFIX_PATH=/home/naoko/develop_ws/install/turtlebot3_node:/home/naoko/develop_ws/install/turtlebot3_description:/home/naoko/ritsmaycan_ws/install/ritsmaycan:/home/naoko/trial_ws/install/trial:/home/naoko/Natsurobo2025/natsu_ws/install/natsuudp:/home/naoko/ros2_ws/install/tukurotto:/home/naoko/ros2_ws/install/ros2udp_core:/home/naoko/ros2_ws/install/ros2udp_apollo4:/home/naoko/ros2_ws/install/ros2udp:/home/naoko/ros2_ws/install/ros2esp:/home/naoko/ros2_ws/install/natsuudp:/home/naoko/ros2_ws/install/example:/home/naoko/ros2_ws/install/cr25tashiron:/home/naoko/ros2_ws/install/actuator_msg:/opt/ros/jazzy/opt/gz_sim_vendor:/opt/ros/jazzy/opt/gz_sensors_vendor:/opt/ros/jazzy/opt/gz_physics_vendor:/opt/ros/jazzy/opt/sdformat_vendor:/opt/ros/jazzy/opt/gz_gui_vendor:/opt/ros/jazzy/opt/gz_transport_vendor:/opt/ros/jazzy/opt/gz_rendering_vendor:/opt/ros/jazzy/opt/gz_plugin_vendor:/opt/ros/jazzy/opt/gz_fuel_tools_vendor:/opt/ros/jazzy/opt/gz_msgs_vendor:/opt/ros/jazzy/opt/gz_common_vendor:/opt/ros/jazzy/opt/gz_math_vendor:/opt/ros/jazzy/opt/gz_utils_vendor:/opt/ros/jazzy/opt/gz_tools_vendor:/opt/ros/jazzy/opt/gz_ogre_next_vendor:/opt/ros/jazzy/opt/gz_dartsim_vendor:/opt/ros/jazzy/opt/gz_cmake_vendor:/opt/ros/jazzy DEBUGINFOD_URLS=https://debuginfod.ubuntu.com /usr/bin/cmake --install /home/naoko/develop_ws/build/turtlebot3_bringup
