[0.007s] Invoking command in '/home/naoko/develop_ws/build/classudp': CMAKE_PREFIX_PATH=${CMAKE_PREFIX_PATH}:/opt/ros/jazzy DEBUGINFOD_URLS=https://debuginfod.ubuntu.com /usr/bin/cmake --build /home/naoko/develop_ws/build/classudp -- -j12 -l12
[0.052s] [ 25%] [32mBuilding CXX object CMakeFiles/catch_subscriber.dir/src/catch_subscriber.cpp.o[0m
[0.054s] [ 50%] [32mBuilding CXX object CMakeFiles/catch_publisher.dir/src/catch_publisher.cpp.o[0m
[2.631s] [ 75%] [32m[1mLinking CXX executable catch_publisher[0m
[2.747s] [ 75%] Built target catch_publisher
[4.664s] [100%] [32m[1mLinking CXX executable catch_subscriber[0m
[4.826s] [100%] Built target catch_subscriber
[4.836s] Invoked command in '/home/naoko/develop_ws/build/classudp' returned '0': CMAKE_PREFIX_PATH=${CMAKE_PREFIX_PATH}:/opt/ros/jazzy DEBUGINFOD_URLS=https://debuginfod.ubuntu.com /usr/bin/cmake --build /home/naoko/develop_ws/build/classudp -- -j12 -l12
[4.846s] Invoking command in '/home/naoko/develop_ws/build/classudp': CMAKE_PREFIX_PATH=${CMAKE_PREFIX_PATH}:/opt/ros/jazzy DEBUGINFOD_URLS=https://debuginfod.ubuntu.com /usr/bin/cmake --install /home/naoko/develop_ws/build/classudp
[4.853s] -- Install configuration: ""
[4.853s] -- Installing: /home/naoko/develop_ws/install/classudp/lib/classudp/catch_publisher
[4.855s] -- Set non-toolchain portion of runtime path of "/home/naoko/develop_ws/install/classudp/lib/classudp/catch_publisher" to ""
[4.855s] -- Installing: /home/naoko/develop_ws/install/classudp/lib/classudp/catch_subscriber
[4.860s] -- Set non-toolchain portion of runtime path of "/home/naoko/develop_ws/install/classudp/lib/classudp/catch_subscriber" to ""
[4.860s] -- Up-to-date: /home/naoko/develop_ws/install/classudp/share/ament_index/resource_index/package_run_dependencies/classudp
[4.860s] -- Up-to-date: /home/naoko/develop_ws/install/classudp/share/ament_index/resource_index/parent_prefix_path/classudp
[4.860s] -- Up-to-date: /home/naoko/develop_ws/install/classudp/share/classudp/environment/ament_prefix_path.sh
[4.860s] -- Up-to-date: /home/naoko/develop_ws/install/classudp/share/classudp/environment/ament_prefix_path.dsv
[4.861s] -- Up-to-date: /home/naoko/develop_ws/install/classudp/share/classudp/environment/path.sh
[4.861s] -- Up-to-date: /home/naoko/develop_ws/install/classudp/share/classudp/environment/path.dsv
[4.861s] -- Up-to-date: /home/naoko/develop_ws/install/classudp/share/classudp/local_setup.bash
[4.861s] -- Up-to-date: /home/naoko/develop_ws/install/classudp/share/classudp/local_setup.sh
[4.861s] -- Up-to-date: /home/naoko/develop_ws/install/classudp/share/classudp/local_setup.zsh
[4.861s] -- Up-to-date: /home/naoko/develop_ws/install/classudp/share/classudp/local_setup.dsv
[4.861s] -- Installing: /home/naoko/develop_ws/install/classudp/share/classudp/package.dsv
[4.861s] -- Up-to-date: /home/naoko/develop_ws/install/classudp/share/ament_index/resource_index/packages/classudp
[4.861s] -- Up-to-date: /home/naoko/develop_ws/install/classudp/share/classudp/cmake/classudpConfig.cmake
[4.861s] -- Up-to-date: /home/naoko/develop_ws/install/classudp/share/classudp/cmake/classudpConfig-version.cmake
[4.861s] -- Up-to-date: /home/naoko/develop_ws/install/classudp/share/classudp/package.xml
[4.862s] Invoked command in '/home/naoko/develop_ws/build/classudp' returned '0': CMAKE_PREFIX_PATH=${CMAKE_PREFIX_PATH}:/opt/ros/jazzy DEBUGINFOD_URLS=https://debuginfod.ubuntu.com /usr/bin/cmake --install /home/naoko/develop_ws/build/classudp
