[0.167s] Invoking command in '/home/naoko/develop_ws/build/turtlebot3_navigation2': CMAKE_PREFIX_PATH=${CMAKE_PREFIX_PATH}:/opt/ros/jazzy DEBUGINFOD_URLS=https://debuginfod.ubuntu.com /usr/bin/cmake /home/naoko/develop_ws/src/turtlebot3/turtlebot3_navigation2 -DCMAKE_INSTALL_PREFIX=/home/naoko/develop_ws/install/turtlebot3_navigation2
[0.216s] -- The C compiler identification is GNU 13.3.0
[0.273s] -- The CXX compiler identification is GNU 13.3.0
[0.290s] -- Detecting C compiler ABI info
[0.375s] -- Detecting C compiler ABI info - done
[0.389s] -- Check for working C compiler: /usr/bin/cc - skipped
[0.389s] -- Detecting C compile features
[0.390s] -- Detecting C compile features - done
[0.400s] -- Detecting CXX compiler ABI info
[0.502s] -- Detecting CXX compiler ABI info - done
[0.511s] -- Check for working CXX compiler: /usr/bin/c++ - skipped
[0.511s] -- Detecting CXX compile features
[0.512s] -- Detecting CXX compile features - done
[0.515s] -- Found ament_cmake: 2.5.4 (/opt/ros/jazzy/share/ament_cmake/cmake)
[0.683s] -- Found Python3: /usr/bin/python3 (found version "3.12.3") found components: Interpreter 
[0.924s] -- Configuring done (0.8s)
[0.927s] -- Generating done (0.0s)
[0.929s] -- Build files have been written to: /home/naoko/develop_ws/build/turtlebot3_navigation2
[0.933s] Invoked command in '/home/naoko/develop_ws/build/turtlebot3_navigation2' returned '0': CMAKE_PREFIX_PATH=${CMAKE_PREFIX_PATH}:/opt/ros/jazzy DEBUGINFOD_URLS=https://debuginfod.ubuntu.com /usr/bin/cmake /home/naoko/develop_ws/src/turtlebot3/turtlebot3_navigation2 -DCMAKE_INSTALL_PREFIX=/home/naoko/develop_ws/install/turtlebot3_navigation2
[0.934s] Invoking command in '/home/naoko/develop_ws/build/turtlebot3_navigation2': CMAKE_PREFIX_PATH=${CMAKE_PREFIX_PATH}:/opt/ros/jazzy DEBUGINFOD_URLS=https://debuginfod.ubuntu.com /usr/bin/cmake --build /home/naoko/develop_ws/build/turtlebot3_navigation2 -- -j12 -l12
[0.985s] Invoked command in '/home/naoko/develop_ws/build/turtlebot3_navigation2' returned '0': CMAKE_PREFIX_PATH=${CMAKE_PREFIX_PATH}:/opt/ros/jazzy DEBUGINFOD_URLS=https://debuginfod.ubuntu.com /usr/bin/cmake --build /home/naoko/develop_ws/build/turtlebot3_navigation2 -- -j12 -l12
[0.985s] Invoking command in '/home/naoko/develop_ws/build/turtlebot3_navigation2': CMAKE_PREFIX_PATH=${CMAKE_PREFIX_PATH}:/opt/ros/jazzy DEBUGINFOD_URLS=https://debuginfod.ubuntu.com /usr/bin/cmake --install /home/naoko/develop_ws/build/turtlebot3_navigation2
[0.994s] -- Install configuration: ""
[0.995s] -- Installing: /home/naoko/develop_ws/install/turtlebot3_navigation2/share/turtlebot3_navigation2/launch
[0.995s] -- Installing: /home/naoko/develop_ws/install/turtlebot3_navigation2/share/turtlebot3_navigation2/launch/navigation2.launch.py
[0.995s] -- Installing: /home/naoko/develop_ws/install/turtlebot3_navigation2/share/turtlebot3_navigation2/map
[0.995s] -- Installing: /home/naoko/develop_ws/install/turtlebot3_navigation2/share/turtlebot3_navigation2/map/map.yaml
[0.995s] -- Installing: /home/naoko/develop_ws/install/turtlebot3_navigation2/share/turtlebot3_navigation2/map/map.pgm
[0.995s] -- Installing: /home/naoko/develop_ws/install/turtlebot3_navigation2/share/turtlebot3_navigation2/param
[0.995s] -- Installing: /home/naoko/develop_ws/install/turtlebot3_navigation2/share/turtlebot3_navigation2/param/burger_cam.yaml
[0.996s] -- Installing: /home/naoko/develop_ws/install/turtlebot3_navigation2/share/turtlebot3_navigation2/param/burger.yaml
[0.996s] -- Installing: /home/naoko/develop_ws/install/turtlebot3_navigation2/share/turtlebot3_navigation2/param/waffle_pi.yaml
[0.996s] -- Installing: /home/naoko/develop_ws/install/turtlebot3_navigation2/share/turtlebot3_navigation2/param/humble
[0.997s] -- Installing: /home/naoko/develop_ws/install/turtlebot3_navigation2/share/turtlebot3_navigation2/param/humble/burger_cam.yaml
[0.997s] -- Installing: /home/naoko/develop_ws/install/turtlebot3_navigation2/share/turtlebot3_navigation2/param/humble/burger.yaml
[0.997s] -- Installing: /home/naoko/develop_ws/install/turtlebot3_navigation2/share/turtlebot3_navigation2/param/humble/waffle_pi.yaml
[0.998s] -- Installing: /home/naoko/develop_ws/install/turtlebot3_navigation2/share/turtlebot3_navigation2/param/humble/waffle.yaml
[0.998s] -- Installing: /home/naoko/develop_ws/install/turtlebot3_navigation2/share/turtlebot3_navigation2/param/waffle.yaml
[0.998s] -- Installing: /home/naoko/develop_ws/install/turtlebot3_navigation2/share/turtlebot3_navigation2/rviz
[0.998s] -- Installing: /home/naoko/develop_ws/install/turtlebot3_navigation2/share/turtlebot3_navigation2/rviz/tb3_navigation2.rviz
[0.999s] -- Installing: /home/naoko/develop_ws/install/turtlebot3_navigation2/share/ament_index/resource_index/package_run_dependencies/turtlebot3_navigation2
[1.000s] -- Installing: /home/naoko/develop_ws/install/turtlebot3_navigation2/share/ament_index/resource_index/parent_prefix_path/turtlebot3_navigation2
[1.000s] -- Installing: /home/naoko/develop_ws/install/turtlebot3_navigation2/share/turtlebot3_navigation2/environment/ament_prefix_path.sh
[1.000s] -- Installing: /home/naoko/develop_ws/install/turtlebot3_navigation2/share/turtlebot3_navigation2/environment/ament_prefix_path.dsv
[1.000s] -- Installing: /home/naoko/develop_ws/install/turtlebot3_navigation2/share/turtlebot3_navigation2/environment/path.sh
[1.000s] -- Installing: /home/naoko/develop_ws/install/turtlebot3_navigation2/share/turtlebot3_navigation2/environment/path.dsv
[1.000s] -- Installing: /home/naoko/develop_ws/install/turtlebot3_navigation2/share/turtlebot3_navigation2/local_setup.bash
[1.000s] -- Installing: /home/naoko/develop_ws/install/turtlebot3_navigation2/share/turtlebot3_navigation2/local_setup.sh
[1.000s] -- Installing: /home/naoko/develop_ws/install/turtlebot3_navigation2/share/turtlebot3_navigation2/local_setup.zsh
[1.001s] -- Installing: /home/naoko/develop_ws/install/turtlebot3_navigation2/share/turtlebot3_navigation2/local_setup.dsv
[1.001s] -- Installing: /home/naoko/develop_ws/install/turtlebot3_navigation2/share/turtlebot3_navigation2/package.dsv
[1.001s] -- Installing: /home/naoko/develop_ws/install/turtlebot3_navigation2/share/ament_index/resource_index/packages/turtlebot3_navigation2
[1.001s] -- Installing: /home/naoko/develop_ws/install/turtlebot3_navigation2/share/turtlebot3_navigation2/cmake/turtlebot3_navigation2Config.cmake
[1.001s] -- Installing: /home/naoko/develop_ws/install/turtlebot3_navigation2/share/turtlebot3_navigation2/cmake/turtlebot3_navigation2Config-version.cmake
[1.002s] -- Installing: /home/naoko/develop_ws/install/turtlebot3_navigation2/share/turtlebot3_navigation2/package.xml
[1.003s] Invoked command in '/home/naoko/develop_ws/build/turtlebot3_navigation2' returned '0': CMAKE_PREFIX_PATH=${CMAKE_PREFIX_PATH}:/opt/ros/jazzy DEBUGINFOD_URLS=https://debuginfod.ubuntu.com /usr/bin/cmake --install /home/naoko/develop_ws/build/turtlebot3_navigation2
