[1.213s] Invoking command in '/home/naoko/develop_ws/build/turtlebot3_example': DEBUGINFOD_URLS=https://debuginfod.ubuntu.com PYTHONPATH=/home/naoko/develop_ws/build/turtlebot3_example/prefix_override:/usr/lib/python3/dist-packages/colcon_core/task/python/colcon_distutils_commands:/home/naoko/develop_ws/install/turtlebot3_example/lib/python3.12/site-packages:${PYTHONPATH} /usr/bin/python3 -W ignore:setup.py install is deprecated -W ignore:easy_install command is deprecated setup.py develop --editable --build-directory /home/naoko/develop_ws/build/turtlebot3_example/build --no-deps symlink_data
[1.488s] running develop
[1.649s] running egg_info
[1.676s] writing turtlebot3_example.egg-info/PKG-INFO
[1.676s] writing dependency_links to turtlebot3_example.egg-info/dependency_links.txt
[1.676s] writing entry points to turtlebot3_example.egg-info/entry_points.txt
[1.676s] writing requirements to turtlebot3_example.egg-info/requires.txt
[1.676s] writing top-level names to turtlebot3_example.egg-info/top_level.txt
[1.706s] reading manifest file 'turtlebot3_example.egg-info/SOURCES.txt'
[1.707s] writing manifest file 'turtlebot3_example.egg-info/SOURCES.txt'
[1.722s] running build_ext
[1.723s] Creating /home/naoko/develop_ws/install/turtlebot3_example/lib/python3.12/site-packages/turtlebot3-example.egg-link (link to .)
[1.723s] Installing turtlebot3_absolute_move script to /home/naoko/develop_ws/install/turtlebot3_example/lib/turtlebot3_example
[1.723s] Installing turtlebot3_interactive_marker script to /home/naoko/develop_ws/install/turtlebot3_example/lib/turtlebot3_example
[1.724s] Installing turtlebot3_obstacle_detection script to /home/naoko/develop_ws/install/turtlebot3_example/lib/turtlebot3_example
[1.724s] Installing turtlebot3_patrol_client script to /home/naoko/develop_ws/install/turtlebot3_example/lib/turtlebot3_example
[1.724s] Installing turtlebot3_patrol_server script to /home/naoko/develop_ws/install/turtlebot3_example/lib/turtlebot3_example
[1.724s] Installing turtlebot3_relative_move script to /home/naoko/develop_ws/install/turtlebot3_example/lib/turtlebot3_example
[1.724s] 
[1.724s] Installed /home/naoko/develop_ws/build/turtlebot3_example
[1.724s] running symlink_data
[1.750s] Invoked command in '/home/naoko/develop_ws/build/turtlebot3_example' returned '0': DEBUGINFOD_URLS=https://debuginfod.ubuntu.com PYTHONPATH=/home/naoko/develop_ws/build/turtlebot3_example/prefix_override:/usr/lib/python3/dist-packages/colcon_core/task/python/colcon_distutils_commands:/home/naoko/develop_ws/install/turtlebot3_example/lib/python3.12/site-packages:${PYTHONPATH} /usr/bin/python3 -W ignore:setup.py install is deprecated -W ignore:easy_install command is deprecated setup.py develop --editable --build-directory /home/naoko/develop_ws/build/turtlebot3_example/build --no-deps symlink_data
