[0.026s] Invoking command in '/home/naoko/develop_ws/build/turtlebot3_cartographer': CMAKE_PREFIX_PATH=${CMAKE_PREFIX_PATH}:/opt/ros/jazzy DEBUGINFOD_URLS=https://debuginfod.ubuntu.com /usr/bin/cmake /home/naoko/develop_ws/src/turtlebot3/turtlebot3_cartographer -DCMAKE_INSTALL_PREFIX=/home/naoko/develop_ws/install/turtlebot3_cartographer
[0.184s] -- The C compiler identification is GNU 13.3.0
[0.184s] -- The CXX compiler identification is GNU 13.3.0
[0.190s] -- Detecting C compiler ABI info
[0.272s] -- Detecting C compiler ABI info - done
[0.285s] -- Check for working C compiler: /usr/bin/cc - skipped
[0.285s] -- Detecting C compile features
[0.286s] -- Detecting C compile features - done
[0.296s] -- Detecting CXX compiler ABI info
[0.405s] -- Detecting CXX compiler ABI info - done
[0.418s] -- Check for working CXX compiler: /usr/bin/c++ - skipped
[0.419s] -- Detecting CXX compile features
[0.419s] -- Detecting CXX compile features - done
[0.425s] -- Found ament_cmake: 2.5.4 (/opt/ros/jazzy/share/ament_cmake/cmake)
[0.629s] -- Found Python3: /usr/bin/python3 (found version "3.12.3") found components: Interpreter 
[0.829s] -- Configuring done (0.8s)
[0.831s] -- Generating done (0.0s)
[0.833s] -- Build files have been written to: /home/naoko/develop_ws/build/turtlebot3_cartographer
[0.837s] Invoked command in '/home/naoko/develop_ws/build/turtlebot3_cartographer' returned '0': CMAKE_PREFIX_PATH=${CMAKE_PREFIX_PATH}:/opt/ros/jazzy DEBUGINFOD_URLS=https://debuginfod.ubuntu.com /usr/bin/cmake /home/naoko/develop_ws/src/turtlebot3/turtlebot3_cartographer -DCMAKE_INSTALL_PREFIX=/home/naoko/develop_ws/install/turtlebot3_cartographer
[0.838s] Invoking command in '/home/naoko/develop_ws/build/turtlebot3_cartographer': CMAKE_PREFIX_PATH=${CMAKE_PREFIX_PATH}:/opt/ros/jazzy DEBUGINFOD_URLS=https://debuginfod.ubuntu.com /usr/bin/cmake --build /home/naoko/develop_ws/build/turtlebot3_cartographer -- -j12 -l12
[0.866s] Invoked command in '/home/naoko/develop_ws/build/turtlebot3_cartographer' returned '0': CMAKE_PREFIX_PATH=${CMAKE_PREFIX_PATH}:/opt/ros/jazzy DEBUGINFOD_URLS=https://debuginfod.ubuntu.com /usr/bin/cmake --build /home/naoko/develop_ws/build/turtlebot3_cartographer -- -j12 -l12
[0.879s] Invoking command in '/home/naoko/develop_ws/build/turtlebot3_cartographer': CMAKE_PREFIX_PATH=${CMAKE_PREFIX_PATH}:/opt/ros/jazzy DEBUGINFOD_URLS=https://debuginfod.ubuntu.com /usr/bin/cmake --install /home/naoko/develop_ws/build/turtlebot3_cartographer
[0.888s] -- Install configuration: ""
[0.888s] -- Installing: /home/naoko/develop_ws/install/turtlebot3_cartographer/share/turtlebot3_cartographer/config
[0.888s] -- Installing: /home/naoko/develop_ws/install/turtlebot3_cartographer/share/turtlebot3_cartographer/config/turtlebot3_lds_2d.lua
[0.888s] -- Installing: /home/naoko/develop_ws/install/turtlebot3_cartographer/share/turtlebot3_cartographer/launch
[0.888s] -- Installing: /home/naoko/develop_ws/install/turtlebot3_cartographer/share/turtlebot3_cartographer/launch/occupancy_grid.launch.py
[0.888s] -- Installing: /home/naoko/develop_ws/install/turtlebot3_cartographer/share/turtlebot3_cartographer/launch/cartographer.launch.py
[0.888s] -- Installing: /home/naoko/develop_ws/install/turtlebot3_cartographer/share/turtlebot3_cartographer/rviz
[0.889s] -- Installing: /home/naoko/develop_ws/install/turtlebot3_cartographer/share/turtlebot3_cartographer/rviz/tb3_cartographer.rviz
[0.889s] -- Installing: /home/naoko/develop_ws/install/turtlebot3_cartographer/share/ament_index/resource_index/package_run_dependencies/turtlebot3_cartographer
[0.889s] -- Installing: /home/naoko/develop_ws/install/turtlebot3_cartographer/share/ament_index/resource_index/parent_prefix_path/turtlebot3_cartographer
[0.889s] -- Installing: /home/naoko/develop_ws/install/turtlebot3_cartographer/share/turtlebot3_cartographer/environment/ament_prefix_path.sh
[0.889s] -- Installing: /home/naoko/develop_ws/install/turtlebot3_cartographer/share/turtlebot3_cartographer/environment/ament_prefix_path.dsv
[0.889s] -- Installing: /home/naoko/develop_ws/install/turtlebot3_cartographer/share/turtlebot3_cartographer/environment/path.sh
[0.889s] -- Installing: /home/naoko/develop_ws/install/turtlebot3_cartographer/share/turtlebot3_cartographer/environment/path.dsv
[0.889s] -- Installing: /home/naoko/develop_ws/install/turtlebot3_cartographer/share/turtlebot3_cartographer/local_setup.bash
[0.890s] -- Installing: /home/naoko/develop_ws/install/turtlebot3_cartographer/share/turtlebot3_cartographer/local_setup.sh
[0.890s] -- Installing: /home/naoko/develop_ws/install/turtlebot3_cartographer/share/turtlebot3_cartographer/local_setup.zsh
[0.890s] -- Installing: /home/naoko/develop_ws/install/turtlebot3_cartographer/share/turtlebot3_cartographer/local_setup.dsv
[0.890s] -- Installing: /home/naoko/develop_ws/install/turtlebot3_cartographer/share/turtlebot3_cartographer/package.dsv
[0.890s] -- Installing: /home/naoko/develop_ws/install/turtlebot3_cartographer/share/ament_index/resource_index/packages/turtlebot3_cartographer
[0.890s] -- Installing: /home/naoko/develop_ws/install/turtlebot3_cartographer/share/turtlebot3_cartographer/cmake/turtlebot3_cartographerConfig.cmake
[0.890s] -- Installing: /home/naoko/develop_ws/install/turtlebot3_cartographer/share/turtlebot3_cartographer/cmake/turtlebot3_cartographerConfig-version.cmake
[0.890s] -- Installing: /home/naoko/develop_ws/install/turtlebot3_cartographer/share/turtlebot3_cartographer/package.xml
[0.893s] Invoked command in '/home/naoko/develop_ws/build/turtlebot3_cartographer' returned '0': CMAKE_PREFIX_PATH=${CMAKE_PREFIX_PATH}:/opt/ros/jazzy DEBUGINFOD_URLS=https://debuginfod.ubuntu.com /usr/bin/cmake --install /home/naoko/develop_ws/build/turtlebot3_cartographer
