[0.168s] Invoking command in '/home/naoko/develop_ws/build/turtlebot3_gazebo': CMAKE_PREFIX_PATH=${CMAKE_PREFIX_PATH}:/opt/ros/jazzy DEBUGINFOD_URLS=https://debuginfod.ubuntu.com /usr/bin/cmake /home/naoko/develop_ws/src/turtlebot3_simulations/turtlebot3_gazebo -DCMAKE_INSTALL_PREFIX=/home/naoko/develop_ws/install/turtlebot3_gazebo
[0.214s] -- The C compiler identification is GNU 13.3.0
[0.275s] -- The CXX compiler identification is GNU 13.3.0
[0.287s] -- Detecting C compiler ABI info
[0.368s] -- Detecting C compiler ABI info - done
[0.380s] -- Check for working C compiler: /usr/bin/cc - skipped
[0.381s] -- Detecting C compile features
[0.381s] -- Detecting C compile features - done
[0.393s] -- Detecting CXX compiler ABI info
[0.486s] -- Detecting CXX compiler ABI info - done
[0.501s] -- Check for working CXX compiler: /usr/bin/c++ - skipped
[0.501s] -- Detecting CXX compile features
[0.502s] -- Detecting CXX compile features - done
[0.507s] -- Found ament_cmake: 2.5.4 (/opt/ros/jazzy/share/ament_cmake/cmake)
[0.676s] -- Found Python3: /usr/bin/python3 (found version "3.12.3") found components: Interpreter 
[0.808s] -- Found ros_gz_sim: 1.0.16 (/opt/ros/jazzy/share/ros_gz_sim/cmake)
[0.908s] -- Found rosidl_generator_c: 4.6.6 (/opt/ros/jazzy/share/rosidl_generator_c/cmake)
[0.938s] -- Found rosidl_generator_cpp: 4.6.6 (/opt/ros/jazzy/share/rosidl_generator_cpp/cmake)
[0.979s] -- Using all available rosidl_typesupport_c: rosidl_typesupport_fastrtps_c;rosidl_typesupport_introspection_c
[1.021s] -- Using all available rosidl_typesupport_cpp: rosidl_typesupport_fastrtps_cpp;rosidl_typesupport_introspection_cpp
[1.145s] -- Found rmw_implementation_cmake: 7.3.2 (/opt/ros/jazzy/share/rmw_implementation_cmake/cmake)
[1.150s] -- Found rmw_fastrtps_cpp: 8.4.3 (/opt/ros/jazzy/share/rmw_fastrtps_cpp/cmake)
[1.263s] -- Found OpenSSL: /usr/lib/x86_64-linux-gnu/libcrypto.so (found version "3.0.13")  
[1.291s] -- Found FastRTPS: /opt/ros/jazzy/include (Required is at least version "2.13") 
[1.319s] -- Using RMW implementation 'rmw_fastrtps_cpp' as default
[1.665s] -- Found nav_msgs: 5.3.6 (/opt/ros/jazzy/share/nav_msgs/cmake)
[1.687s] -- Found sensor_msgs: 5.3.6 (/opt/ros/jazzy/share/sensor_msgs/cmake)
[1.707s] -- Found gz_math_vendor: 0.0.8 (/opt/ros/jazzy/share/gz_math_vendor/cmake)
[1.716s] -- Looking for gz-math7 -- found version 7.5.2
[1.727s] -- Searching for dependencies of gz-math7
[1.731s] -- Looking for gz-utils2 -- found version 2.2.1
[1.731s] -- Searching for dependencies of gz-utils2
[1.738s] -- Found gz_sim_vendor: 0.0.8 (/opt/ros/jazzy/share/gz_sim_vendor/cmake)
[1.809s] -- Looking for gz-sim8 -- found version 8.9.0
[1.809s] -- Searching for dependencies of gz-sim8
[1.811s] -- Looking for sdformat14 -- found version 14.8.0
[1.811s] -- Searching for dependencies of sdformat14
[1.815s] -- Checking for module 'tinyxml2'
[1.831s] --   Found tinyxml2, version 10.0.0
[1.865s] -- Looking for gz-math7 -- found version 7.5.2
[1.865s] -- Looking for gz-utils2 -- found version 2.2.1
[1.865s] -- Searching for dependencies of gz-utils2
[1.865s] -- Searching for <gz-utils2> component [cli]
[1.867s] -- Looking for gz-utils2-cli -- found version 2.2.1
[1.867s] -- Searching for dependencies of gz-utils2-cli
[1.871s] -- Looking for gz-plugin2 -- found version 2.0.4
[1.871s] -- Searching for dependencies of gz-plugin2
[1.871s] -- Looking for gz-utils2 -- found version 2.2.1
[1.872s] -- Searching for <gz-plugin2> component [loader]
[1.874s] -- Looking for gz-plugin2-loader -- found version 2.0.4
[1.874s] -- Searching for dependencies of gz-plugin2-loader
[1.875s] -- Searching for <gz-plugin2> component [register]
[1.879s] -- Looking for gz-plugin2-register -- found version 2.0.4
[1.879s] -- Searching for dependencies of gz-plugin2-register
[1.883s] -- Looking for gz-transport13 -- found version 13.4.1
[1.883s] -- Searching for dependencies of gz-transport13
[2.062s] -- Found Protobuf: /usr/lib/x86_64-linux-gnu/libprotobuf.so (found version "3.21.12") 
[2.083s] -- Config-file not installed for ZeroMQ -- checking for pkg-config
[2.092s] -- Checking for module 'libzmq >= 4'
[2.116s] --   Found libzmq, version 4.3.5
[2.173s] -- Found ZeroMQ: TRUE (Required is at least version "4") 
[2.182s] -- Checking for module 'uuid'
[2.207s] --   Found uuid, version 2.39.3
[2.254s] -- Found UUID: TRUE  
[2.255s] -- Looking for gz-utils2 -- found version 2.2.1
[2.260s] -- Looking for gz-msgs10 -- found version 10.3.2
[2.263s] -- Searching for dependencies of gz-msgs10
[2.291s] -- Looking for gz-utils2 -- found version 2.2.1
[2.293s] -- Looking for gz-math7 -- found version 7.5.2
[2.310s] -- Searching for <gz-transport13> component [log]
[2.317s] -- Looking for gz-transport13-log -- found version 13.4.1
[2.317s] -- Searching for dependencies of gz-transport13-log
[2.321s] -- Searching for <gz-transport13> component [parameters]
[2.330s] -- Looking for gz-transport13-parameters -- found version 13.4.1
[2.330s] -- Searching for dependencies of gz-transport13-parameters
[2.332s] -- Looking for gz-msgs10 -- found version 10.3.2
[2.345s] -- Looking for gz-common5 -- found version 5.7.1
[2.345s] -- Searching for dependencies of gz-common5
[2.346s] -- Looking for gz-utils2 -- found version 2.2.1
[2.350s] -- Looking for dlfcn.h - found
[2.355s] -- Looking for libdl - found
[2.359s] -- Found DL: TRUE  
[2.374s] -- Searching for <gz-common5> component [av]
[2.376s] -- Looking for gz-common5-av -- found version 5.7.1
[2.376s] -- Searching for dependencies of gz-common5-av
[2.384s] -- Checking for module 'libswscale'
[2.413s] --   Found libswscale, version 7.5.100
[2.472s] -- Found SWSCALE: TRUE  
[2.479s] -- Checking for module 'libavdevice >= 56.4.100'
[2.511s] --   Found libavdevice, version 60.3.100
[2.651s] -- Found AVDEVICE: TRUE (Required is at least version "56.4.100") 
[2.669s] -- Checking for module 'libavformat'
[2.698s] --   Found libavformat, version 60.16.100
[2.777s] -- Found AVFORMAT: TRUE  
[2.788s] -- Checking for module 'libavcodec'
[2.821s] --   Found libavcodec, version 60.31.102
[2.899s] -- Found AVCODEC: TRUE  
[2.911s] -- Checking for module 'libavutil'
[2.945s] --   Found libavutil, version 58.29.100
[3.016s] -- Found AVUTIL: TRUE  
[3.031s] -- Searching for <gz-common5> component [events]
[3.041s] -- Looking for gz-common5-events -- found version 5.7.1
[3.041s] -- Searching for dependencies of gz-common5-events
[3.042s] -- Looking for gz-math7 -- found version 7.5.2
[3.048s] -- Searching for <gz-common5> component [graphics]
[3.052s] -- Looking for gz-common5-graphics -- found version 5.7.1
[3.052s] -- Searching for dependencies of gz-common5-graphics
[3.053s] -- Looking for gz-math7 -- found version 7.5.2
[3.066s] -- Found GzAssimp: TRUE (found version "5.3.0") 
[3.067s] -- Searching for <gz-common5> component [io]
[3.073s] -- Looking for gz-common5-io -- found version 5.7.1
[3.073s] -- Searching for dependencies of gz-common5-io
[3.074s] -- Searching for <gz-common5> component [profiler]
[3.080s] -- Looking for gz-common5-profiler -- found version 5.7.1
[3.080s] -- Searching for dependencies of gz-common5-profiler
[3.086s] -- Looking for gz-fuel_tools9 -- found version 9.1.1
[3.086s] -- Searching for dependencies of gz-fuel_tools9
[3.243s] -- Found CURL: /usr/lib/x86_64-linux-gnu/libcurl.so (found version "8.5.0")  
[3.262s] -- Checking for module 'jsoncpp'
[3.293s] --   Found jsoncpp, version 1.9.5
[3.362s] -- Found JSONCPP: TRUE  
[3.396s] -- Checking for module 'yaml-0.1'
[3.429s] --   Found yaml-0.1, version 0.2.5
[3.487s] -- Found YAML: TRUE  
[3.497s] -- Checking for module 'libzip'
[3.524s] --   Found libzip, version 1.7.3
[3.590s] -- Found ZIP: TRUE  
[3.592s] -- Looking for gz-utils2 -- found version 2.2.1
[3.592s] -- Looking for gz-common5 -- found version 5.7.1
[3.592s] -- Searching for dependencies of gz-common5
[3.593s] -- Looking for gz-utils2 -- found version 2.2.1
[3.594s] -- Looking for dlfcn.h - found
[3.595s] -- Looking for libdl - found
[3.607s] -- Searching for <gz-common5> component [testing]
[3.621s] -- Looking for gz-common5-testing -- found version 5.7.1
[3.621s] -- Searching for dependencies of gz-common5-testing
[3.623s] -- Looking for gz-math7 -- found version 7.5.2
[3.624s] -- Looking for gz-msgs10 -- found version 10.3.2
[3.630s] -- Looking for gz-gui8 -- found version 8.4.0
[3.631s] -- Searching for dependencies of gz-gui8
[3.677s] -- Looking for gz-utils2 -- found version 2.2.1
[3.677s] -- Looking for gz-math7 -- found version 7.5.2
[3.678s] -- Looking for gz-common5 -- found version 5.7.1
[3.679s] -- Looking for gz-plugin2 -- found version 2.0.4
[3.681s] -- Looking for gz-transport13 -- found version 13.4.1
[3.685s] -- Looking for gz-rendering8 -- found version 8.2.2
[3.685s] -- Searching for dependencies of gz-rendering8
[3.687s] -- Looking for gz-math7 -- found version 7.5.2
[3.688s] -- Searching for dependencies of gz-math7
[3.689s] -- Looking for gz-utils2 -- found version 2.2.1
[3.689s] -- Searching for <gz-math7> component [eigen3]
[3.695s] -- Looking for gz-math7-eigen3 -- found version 7.5.2
[3.699s] -- Searching for dependencies of gz-math7-eigen3
[3.713s] -- Looking for gz-common5 -- found version 5.7.1
[3.713s] -- Searching for dependencies of gz-common5
[3.714s] -- Looking for gz-utils2 -- found version 2.2.1
[3.715s] -- Looking for dlfcn.h - found
[3.715s] -- Looking for libdl - found
[3.727s] -- Searching for <gz-common5> component [graphics]
[3.728s] -- Searching for <gz-common5> component [events]
[3.728s] -- Searching for <gz-common5> component [geospatial]
[3.733s] -- Looking for gz-common5-geospatial -- found version 5.7.1
[3.734s] -- Searching for dependencies of gz-common5-geospatial
[3.734s] -- Looking for gz-math7 -- found version 7.5.2
[3.735s] -- Looking for gz-common5 -- found version 5.7.1
[3.740s] -- Looking for gz-plugin2 -- found version 2.0.4
[3.740s] -- Searching for dependencies of gz-plugin2
[3.741s] -- Looking for gz-utils2 -- found version 2.2.1
[3.741s] -- Searching for <gz-plugin2> component [all]
[3.746s] -- Looking for all libraries of gz-plugin2 -- found version 2.0.4
[3.747s] -- Looking for gz-plugin2 -- found version 2.0.4
[3.749s] -- Looking for gz-utils2 -- found version 2.2.1
[3.783s] -- Found OpenGL: /usr/lib/x86_64-linux-gnu/libOpenGL.so  found components: OpenGL 
[3.784s] -- Looking for gz-msgs10 -- found version 10.3.2
[3.851s] -- Looking for gz-physics7 -- found version 7.5.0
[3.851s] -- Searching for dependencies of gz-physics7
[3.852s] -- Looking for gz-common5 -- found version 5.7.1
[3.852s] -- Looking for gz-math7 -- found version 7.5.2
[3.859s] -- Looking for gz-plugin2 -- found version 2.0.4
[3.859s] -- Looking for gz-utils2 -- found version 2.2.1
[3.860s] -- Searching for <gz-physics7> component [heightmap]
[3.867s] -- Looking for gz-physics7-heightmap -- found version 7.5.0
[3.867s] -- Searching for dependencies of gz-physics7-heightmap
[3.870s] -- Looking for gz-common5 -- found version 5.7.1
[3.872s] -- Searching for <gz-physics7> component [mesh]
[3.878s] -- Looking for gz-physics7-mesh -- found version 7.5.0
[3.880s] -- Searching for dependencies of gz-physics7-mesh
[3.882s] -- Looking for gz-common5 -- found version 5.7.1
[3.883s] -- Searching for <gz-physics7> component [sdf]
[3.892s] -- Looking for gz-physics7-sdf -- found version 7.5.0
[3.893s] -- Searching for dependencies of gz-physics7-sdf
[3.893s] -- Looking for sdformat14 -- found version 14.8.0
[3.903s] -- Looking for gz-sensors8 -- found version 8.2.2
[3.903s] -- Searching for dependencies of gz-sensors8
[3.940s] -- Looking for gz-math7 -- found version 7.5.2
[3.940s] -- Looking for gz-common5 -- found version 5.7.1
[3.941s] -- Looking for gz-transport13 -- found version 13.4.1
[3.942s] -- Looking for gz-rendering8 -- found version 8.2.2
[3.942s] -- Looking for gz-msgs10 -- found version 10.3.2
[3.943s] -- Looking for sdformat14 -- found version 14.8.0
[3.945s] -- Searching for <gz-sensors8> component [air_pressure]
[3.950s] -- Looking for gz-sensors8-air_pressure -- found version 8.2.2
[3.950s] -- Searching for dependencies of gz-sensors8-air_pressure
[3.956s] -- Searching for <gz-sensors8> component [air_speed]
[3.967s] -- Looking for gz-sensors8-air_speed -- found version 8.2.2
[3.967s] -- Searching for dependencies of gz-sensors8-air_speed
[3.974s] -- Searching for <gz-sensors8> component [altimeter]
[3.982s] -- Looking for gz-sensors8-altimeter -- found version 8.2.2
[3.982s] -- Searching for dependencies of gz-sensors8-altimeter
[3.983s] -- Searching for <gz-sensors8> component [imu]
[3.987s] -- Looking for gz-sensors8-imu -- found version 8.2.2
[3.989s] -- Searching for dependencies of gz-sensors8-imu
[3.991s] -- Searching for <gz-sensors8> component [force_torque]
[3.995s] -- Looking for gz-sensors8-force_torque -- found version 8.2.2
[3.997s] -- Searching for dependencies of gz-sensors8-force_torque
[3.997s] -- Searching for <gz-sensors8> component [logical_camera]
[4.000s] -- Looking for gz-sensors8-logical_camera -- found version 8.2.2
[4.001s] -- Searching for dependencies of gz-sensors8-logical_camera
[4.003s] -- Searching for <gz-sensors8> component [magnetometer]
[4.007s] -- Looking for gz-sensors8-magnetometer -- found version 8.2.2
[4.007s] -- Searching for dependencies of gz-sensors8-magnetometer
[4.008s] -- Searching for <gz-sensors8> component [navsat]
[4.013s] -- Looking for gz-sensors8-navsat -- found version 8.2.2
[4.014s] -- Searching for dependencies of gz-sensors8-navsat
[4.014s] -- Searching for <gz-sensors8> component [dvl]
[4.019s] -- Looking for gz-sensors8-dvl -- found version 8.2.2
[4.019s] -- Searching for dependencies of gz-sensors8-dvl
[4.020s] -- Looking for gz-sensors8 -- found version 8.2.2
[4.022s] -- Searching for dependencies of gz-sensors8
[4.058s] -- Looking for gz-math7 -- found version 7.5.2
[4.059s] -- Looking for gz-common5 -- found version 5.7.1
[4.060s] -- Looking for gz-transport13 -- found version 13.4.1
[4.060s] -- Looking for gz-rendering8 -- found version 8.2.2
[4.061s] -- Looking for gz-msgs10 -- found version 10.3.2
[4.062s] -- Looking for sdformat14 -- found version 14.8.0
[4.065s] -- Searching for <gz-sensors8> component [rendering]
[4.067s] -- Looking for gz-sensors8-rendering -- found version 8.2.2
[4.067s] -- Searching for dependencies of gz-sensors8-rendering
[4.070s] -- Searching for <gz-sensors8> component [rendering]
[4.070s] -- Searching for <gz-sensors8> component [lidar]
[4.075s] -- Looking for gz-sensors8-lidar -- found version 8.2.2
[4.076s] -- Searching for dependencies of gz-sensors8-lidar
[4.076s] -- Looking for gz-sensors8 -- found version 8.2.2
[4.077s] -- Searching for <gz-sensors8> component [gpu_lidar]
[4.082s] -- Looking for gz-sensors8-gpu_lidar -- found version 8.2.2
[4.083s] -- Searching for dependencies of gz-sensors8-gpu_lidar
[4.083s] -- Looking for gz-sensors8 -- found version 8.2.2
[4.084s] -- Searching for <gz-sensors8> component [camera]
[4.090s] -- Looking for gz-sensors8-camera -- found version 8.2.2
[4.090s] -- Searching for dependencies of gz-sensors8-camera
[4.091s] -- Looking for gz-sensors8 -- found version 8.2.2
[4.093s] -- Searching for <gz-sensors8> component [boundingbox_camera]
[4.099s] -- Looking for gz-sensors8-boundingbox_camera -- found version 8.2.2
[4.099s] -- Searching for dependencies of gz-sensors8-boundingbox_camera
[4.103s] -- Searching for <gz-sensors8> component [segmentation_camera]
[4.108s] -- Looking for gz-sensors8-segmentation_camera -- found version 8.2.2
[4.108s] -- Searching for dependencies of gz-sensors8-segmentation_camera
[4.109s] -- Searching for <gz-sensors8> component [depth_camera]
[4.116s] -- Looking for gz-sensors8-depth_camera -- found version 8.2.2
[4.116s] -- Searching for dependencies of gz-sensors8-depth_camera
[4.116s] -- Looking for gz-sensors8 -- found version 8.2.2
[4.119s] -- Searching for <gz-sensors8> component [rgbd_camera]
[4.124s] -- Looking for gz-sensors8-rgbd_camera -- found version 8.2.2
[4.124s] -- Searching for dependencies of gz-sensors8-rgbd_camera
[4.124s] -- Looking for gz-sensors8 -- found version 8.2.2
[4.126s] -- Searching for <gz-sensors8> component [thermal_camera]
[4.132s] -- Looking for gz-sensors8-thermal_camera -- found version 8.2.2
[4.132s] -- Searching for dependencies of gz-sensors8-thermal_camera
[4.132s] -- Looking for gz-sensors8 -- found version 8.2.2
[4.133s] -- Searching for <gz-sensors8> component [wide_angle_camera]
[4.138s] -- Looking for gz-sensors8-wide_angle_camera -- found version 8.2.2
[4.139s] -- Searching for dependencies of gz-sensors8-wide_angle_camera
[4.141s] -- Looking for gz-rendering8 -- found version 8.2.2
[4.141s] -- Looking for gz-math7 -- found version 7.5.2
[4.143s] -- Looking for gz-utils2 -- found version 2.2.1
[4.185s] -- Looking for gz-plugin2 -- found version 2.0.4
[4.335s] -- Configuring done (4.2s)
[4.396s] -- Generating done (0.0s)
[4.407s] -- Build files have been written to: /home/naoko/develop_ws/build/turtlebot3_gazebo
[4.445s] Invoked command in '/home/naoko/develop_ws/build/turtlebot3_gazebo' returned '0': CMAKE_PREFIX_PATH=${CMAKE_PREFIX_PATH}:/opt/ros/jazzy DEBUGINFOD_URLS=https://debuginfod.ubuntu.com /usr/bin/cmake /home/naoko/develop_ws/src/turtlebot3_simulations/turtlebot3_gazebo -DCMAKE_INSTALL_PREFIX=/home/naoko/develop_ws/install/turtlebot3_gazebo
[4.447s] Invoking command in '/home/naoko/develop_ws/build/turtlebot3_gazebo': CMAKE_PREFIX_PATH=${CMAKE_PREFIX_PATH}:/opt/ros/jazzy DEBUGINFOD_URLS=https://debuginfod.ubuntu.com /usr/bin/cmake --build /home/naoko/develop_ws/build/turtlebot3_gazebo -- -j12 -l12
[4.558s] [ 12%] [32mBuilding CXX object CMakeFiles/obstacle2.dir/src/obstacle2.cpp.o[0m
[4.559s] [ 25%] [32mBuilding CXX object CMakeFiles/obstacles.dir/src/obstacles.cpp.o[0m
[4.570s] [ 37%] [32mBuilding CXX object CMakeFiles/obstacle1.dir/src/obstacle1.cpp.o[0m
[4.574s] [ 50%] [32mBuilding CXX object CMakeFiles/turtlebot3_drive.dir/src/turtlebot3_drive.cpp.o[0m
[8.856s] [ 62%] [32m[1mLinking CXX shared library libobstacle2.so[0m
[9.318s] [ 62%] Built target obstacle2
[9.491s] [ 75%] [32m[1mLinking CXX shared library libobstacle1.so[0m
[9.762s] [ 75%] Built target obstacle1
[10.085s] [ 87%] [32m[1mLinking CXX shared library libobstacles.so[0m
[10.348s] [ 87%] Built target obstacles
[17.488s] [100%] [32m[1mLinking CXX executable turtlebot3_drive[0m
[17.778s] [100%] Built target turtlebot3_drive
[17.788s] Invoked command in '/home/naoko/develop_ws/build/turtlebot3_gazebo' returned '0': CMAKE_PREFIX_PATH=${CMAKE_PREFIX_PATH}:/opt/ros/jazzy DEBUGINFOD_URLS=https://debuginfod.ubuntu.com /usr/bin/cmake --build /home/naoko/develop_ws/build/turtlebot3_gazebo -- -j12 -l12
[17.789s] Invoking command in '/home/naoko/develop_ws/build/turtlebot3_gazebo': CMAKE_PREFIX_PATH=${CMAKE_PREFIX_PATH}:/opt/ros/jazzy DEBUGINFOD_URLS=https://debuginfod.ubuntu.com /usr/bin/cmake --install /home/naoko/develop_ws/build/turtlebot3_gazebo
[17.796s] -- Install configuration: ""
[17.796s] -- Installing: /home/naoko/develop_ws/install/turtlebot3_gazebo/lib/turtlebot3_gazebo/turtlebot3_drive
[17.801s] -- Set non-toolchain portion of runtime path of "/home/naoko/develop_ws/install/turtlebot3_gazebo/lib/turtlebot3_gazebo/turtlebot3_drive" to ""
[17.801s] -- Installing: /home/naoko/develop_ws/install/turtlebot3_gazebo/lib/turtlebot3_gazebo/libobstacles.so
[17.802s] -- Set non-toolchain portion of runtime path of "/home/naoko/develop_ws/install/turtlebot3_gazebo/lib/turtlebot3_gazebo/libobstacles.so" to ""
[17.802s] -- Installing: /home/naoko/develop_ws/install/turtlebot3_gazebo/lib/turtlebot3_gazebo/libobstacle1.so
[17.802s] -- Set non-toolchain portion of runtime path of "/home/naoko/develop_ws/install/turtlebot3_gazebo/lib/turtlebot3_gazebo/libobstacle1.so" to ""
[17.802s] -- Installing: /home/naoko/develop_ws/install/turtlebot3_gazebo/lib/turtlebot3_gazebo/libobstacle2.so
[17.803s] -- Set non-toolchain portion of runtime path of "/home/naoko/develop_ws/install/turtlebot3_gazebo/lib/turtlebot3_gazebo/libobstacle2.so" to ""
[17.803s] -- Installing: /home/naoko/develop_ws/install/turtlebot3_gazebo/share/turtlebot3_gazebo//launch
[17.803s] -- Installing: /home/naoko/develop_ws/install/turtlebot3_gazebo/share/turtlebot3_gazebo//launch/turtlebot3_dqn_stage3.launch.py
[17.803s] -- Installing: /home/naoko/develop_ws/install/turtlebot3_gazebo/share/turtlebot3_gazebo//launch/spawn_turtlebot3.launch.py
[17.803s] -- Installing: /home/naoko/develop_ws/install/turtlebot3_gazebo/share/turtlebot3_gazebo//launch/turtlebot3_world.launch.py
[17.803s] -- Installing: /home/naoko/develop_ws/install/turtlebot3_gazebo/share/turtlebot3_gazebo//launch/turtlebot3_house.launch.py
[17.804s] -- Installing: /home/naoko/develop_ws/install/turtlebot3_gazebo/share/turtlebot3_gazebo//launch/robot_state_publisher.launch.py
[17.804s] -- Installing: /home/naoko/develop_ws/install/turtlebot3_gazebo/share/turtlebot3_gazebo//launch/empty_world.launch.py
[17.804s] -- Installing: /home/naoko/develop_ws/install/turtlebot3_gazebo/share/turtlebot3_gazebo//launch/turtlebot3_dqn_stage1.launch.py
[17.804s] -- Installing: /home/naoko/develop_ws/install/turtlebot3_gazebo/share/turtlebot3_gazebo//launch/turtlebot3_dqn_stage2.launch.py
[17.804s] -- Installing: /home/naoko/develop_ws/install/turtlebot3_gazebo/share/turtlebot3_gazebo//launch/turtlebot3_dqn_stage4.launch.py
[17.804s] -- Installing: /home/naoko/develop_ws/install/turtlebot3_gazebo/share/turtlebot3_gazebo//models
[17.804s] -- Installing: /home/naoko/develop_ws/install/turtlebot3_gazebo/share/turtlebot3_gazebo//models/turtlebot3_common
[17.804s] -- Installing: /home/naoko/develop_ws/install/turtlebot3_gazebo/share/turtlebot3_gazebo//models/turtlebot3_common/meshes
[17.804s] -- Installing: /home/naoko/develop_ws/install/turtlebot3_gazebo/share/turtlebot3_gazebo//models/turtlebot3_common/meshes/tire.dae
[17.804s] -- Installing: /home/naoko/develop_ws/install/turtlebot3_gazebo/share/turtlebot3_gazebo//models/turtlebot3_common/meshes/burger_base.dae
[17.804s] -- Installing: /home/naoko/develop_ws/install/turtlebot3_gazebo/share/turtlebot3_gazebo//models/turtlebot3_common/meshes/sensors
[17.804s] -- Installing: /home/naoko/develop_ws/install/turtlebot3_gazebo/share/turtlebot3_gazebo//models/turtlebot3_common/meshes/sensors/astra.dae
[17.808s] -- Installing: /home/naoko/develop_ws/install/turtlebot3_gazebo/share/turtlebot3_gazebo//models/turtlebot3_common/meshes/sensors/lds.stl
[17.809s] -- Installing: /home/naoko/develop_ws/install/turtlebot3_gazebo/share/turtlebot3_gazebo//models/turtlebot3_common/meshes/sensors/astra.jpg
[17.809s] -- Installing: /home/naoko/develop_ws/install/turtlebot3_gazebo/share/turtlebot3_gazebo//models/turtlebot3_common/meshes/sensors/r200.jpg
[17.809s] -- Installing: /home/naoko/develop_ws/install/turtlebot3_gazebo/share/turtlebot3_gazebo//models/turtlebot3_common/meshes/sensors/r200.dae
[17.809s] -- Installing: /home/naoko/develop_ws/install/turtlebot3_gazebo/share/turtlebot3_gazebo//models/turtlebot3_common/meshes/lds.dae
[17.809s] -- Installing: /home/naoko/develop_ws/install/turtlebot3_gazebo/share/turtlebot3_gazebo//models/turtlebot3_common/meshes/bases
[17.809s] -- Installing: /home/naoko/develop_ws/install/turtlebot3_gazebo/share/turtlebot3_gazebo//models/turtlebot3_common/meshes/bases/waffle_pi_base.stl
[17.813s] -- Installing: /home/naoko/develop_ws/install/turtlebot3_gazebo/share/turtlebot3_gazebo//models/turtlebot3_common/meshes/bases/waffle_base.stl
[17.820s] -- Installing: /home/naoko/develop_ws/install/turtlebot3_gazebo/share/turtlebot3_gazebo//models/turtlebot3_common/meshes/bases/burger_base.stl
[17.822s] -- Installing: /home/naoko/develop_ws/install/turtlebot3_gazebo/share/turtlebot3_gazebo//models/turtlebot3_common/meshes/waffle_pi_base.dae
[17.822s] -- Installing: /home/naoko/develop_ws/install/turtlebot3_gazebo/share/turtlebot3_gazebo//models/turtlebot3_common/meshes/wheels
[17.823s] -- Installing: /home/naoko/develop_ws/install/turtlebot3_gazebo/share/turtlebot3_gazebo//models/turtlebot3_common/meshes/wheels/right_tire.stl
[17.823s] -- Installing: /home/naoko/develop_ws/install/turtlebot3_gazebo/share/turtlebot3_gazebo//models/turtlebot3_common/meshes/wheels/left_tire.stl
[17.823s] -- Installing: /home/naoko/develop_ws/install/turtlebot3_gazebo/share/turtlebot3_gazebo//models/turtlebot3_common/meshes/r200.dae
[17.824s] -- Installing: /home/naoko/develop_ws/install/turtlebot3_gazebo/share/turtlebot3_gazebo//models/turtlebot3_common/meshes/waffle_base.dae
[17.824s] -- Installing: /home/naoko/develop_ws/install/turtlebot3_gazebo/share/turtlebot3_gazebo//models/turtlebot3_common/model.config
[17.824s] -- Installing: /home/naoko/develop_ws/install/turtlebot3_gazebo/share/turtlebot3_gazebo//models/turtlebot3_house
[17.824s] -- Installing: /home/naoko/develop_ws/install/turtlebot3_gazebo/share/turtlebot3_gazebo//models/turtlebot3_house/table_marble
[17.824s] -- Installing: /home/naoko/develop_ws/install/turtlebot3_gazebo/share/turtlebot3_gazebo//models/turtlebot3_house/table_marble/meshes
[17.824s] -- Installing: /home/naoko/develop_ws/install/turtlebot3_gazebo/share/turtlebot3_gazebo//models/turtlebot3_house/table_marble/meshes/table_lightmap.dae
[17.824s] -- Installing: /home/naoko/develop_ws/install/turtlebot3_gazebo/share/turtlebot3_gazebo//models/turtlebot3_house/table_marble/model-1_4.sdf
[17.824s] -- Installing: /home/naoko/develop_ws/install/turtlebot3_gazebo/share/turtlebot3_gazebo//models/turtlebot3_house/table_marble/model.config
[17.824s] -- Installing: /home/naoko/develop_ws/install/turtlebot3_gazebo/share/turtlebot3_gazebo//models/turtlebot3_house/table_marble/materials
[17.824s] -- Installing: /home/naoko/develop_ws/install/turtlebot3_gazebo/share/turtlebot3_gazebo//models/turtlebot3_house/table_marble/materials/scripts
[17.825s] -- Installing: /home/naoko/develop_ws/install/turtlebot3_gazebo/share/turtlebot3_gazebo//models/turtlebot3_house/table_marble/materials/scripts/table_lightmap.material
[17.825s] -- Installing: /home/naoko/develop_ws/install/turtlebot3_gazebo/share/turtlebot3_gazebo//models/turtlebot3_house/table_marble/materials/textures
[17.825s] -- Installing: /home/naoko/develop_ws/install/turtlebot3_gazebo/share/turtlebot3_gazebo//models/turtlebot3_house/table_marble/materials/textures/marble.png
[17.825s] -- Installing: /home/naoko/develop_ws/install/turtlebot3_gazebo/share/turtlebot3_gazebo//models/turtlebot3_house/table_marble/materials/textures/table_lightmap.png
[17.825s] -- Installing: /home/naoko/develop_ws/install/turtlebot3_gazebo/share/turtlebot3_gazebo//models/turtlebot3_house/table_marble/model.sdf
[17.825s] -- Installing: /home/naoko/develop_ws/install/turtlebot3_gazebo/share/turtlebot3_gazebo//models/turtlebot3_house/model.config
[17.825s] -- Installing: /home/naoko/develop_ws/install/turtlebot3_gazebo/share/turtlebot3_gazebo//models/turtlebot3_house/textures
[17.825s] -- Installing: /home/naoko/develop_ws/install/turtlebot3_gazebo/share/turtlebot3_gazebo//models/turtlebot3_house/textures/wood.png
[17.825s] -- Installing: /home/naoko/develop_ws/install/turtlebot3_gazebo/share/turtlebot3_gazebo//models/turtlebot3_house/textures/bricks.png
[17.826s] -- Installing: /home/naoko/develop_ws/install/turtlebot3_gazebo/share/turtlebot3_gazebo//models/turtlebot3_house/model.sdf
[17.826s] -- Installing: /home/naoko/develop_ws/install/turtlebot3_gazebo/share/turtlebot3_gazebo//models/turtlebot3_house/cafe_table
[17.826s] -- Installing: /home/naoko/develop_ws/install/turtlebot3_gazebo/share/turtlebot3_gazebo//models/turtlebot3_house/cafe_table/meshes
[17.826s] -- Installing: /home/naoko/develop_ws/install/turtlebot3_gazebo/share/turtlebot3_gazebo//models/turtlebot3_house/cafe_table/meshes/cafe_table.dae
[17.826s] -- Installing: /home/naoko/develop_ws/install/turtlebot3_gazebo/share/turtlebot3_gazebo//models/turtlebot3_house/cafe_table/model-1_4.sdf
[17.826s] -- Installing: /home/naoko/develop_ws/install/turtlebot3_gazebo/share/turtlebot3_gazebo//models/turtlebot3_house/cafe_table/model.config
[17.826s] -- Installing: /home/naoko/develop_ws/install/turtlebot3_gazebo/share/turtlebot3_gazebo//models/turtlebot3_house/cafe_table/materials
[17.826s] -- Installing: /home/naoko/develop_ws/install/turtlebot3_gazebo/share/turtlebot3_gazebo//models/turtlebot3_house/cafe_table/materials/textures
[17.826s] -- Installing: /home/naoko/develop_ws/install/turtlebot3_gazebo/share/turtlebot3_gazebo//models/turtlebot3_house/cafe_table/materials/textures/Maple.jpg
[17.826s] -- Installing: /home/naoko/develop_ws/install/turtlebot3_gazebo/share/turtlebot3_gazebo//models/turtlebot3_house/cafe_table/materials/textures/Wood_Floor_Dark.jpg
[17.827s] -- Installing: /home/naoko/develop_ws/install/turtlebot3_gazebo/share/turtlebot3_gazebo//models/turtlebot3_house/cafe_table/model.sdf
[17.827s] -- Installing: /home/naoko/develop_ws/install/turtlebot3_gazebo/share/turtlebot3_gazebo//models/turtlebot3_house/mailbox
[17.827s] -- Installing: /home/naoko/develop_ws/install/turtlebot3_gazebo/share/turtlebot3_gazebo//models/turtlebot3_house/mailbox/meshes
[17.827s] -- Installing: /home/naoko/develop_ws/install/turtlebot3_gazebo/share/turtlebot3_gazebo//models/turtlebot3_house/mailbox/meshes/mailbox.dae
[17.827s] -- Installing: /home/naoko/develop_ws/install/turtlebot3_gazebo/share/turtlebot3_gazebo//models/turtlebot3_house/mailbox/model-1_4.sdf
[17.827s] -- Installing: /home/naoko/develop_ws/install/turtlebot3_gazebo/share/turtlebot3_gazebo//models/turtlebot3_house/mailbox/model.config
[17.827s] -- Installing: /home/naoko/develop_ws/install/turtlebot3_gazebo/share/turtlebot3_gazebo//models/turtlebot3_house/mailbox/materials
[17.827s] -- Installing: /home/naoko/develop_ws/install/turtlebot3_gazebo/share/turtlebot3_gazebo//models/turtlebot3_house/mailbox/materials/scripts
[17.827s] -- Installing: /home/naoko/develop_ws/install/turtlebot3_gazebo/share/turtlebot3_gazebo//models/turtlebot3_house/mailbox/materials/scripts/mailbox.material
[17.827s] -- Installing: /home/naoko/develop_ws/install/turtlebot3_gazebo/share/turtlebot3_gazebo//models/turtlebot3_house/mailbox/materials/textures
[17.828s] -- Installing: /home/naoko/develop_ws/install/turtlebot3_gazebo/share/turtlebot3_gazebo//models/turtlebot3_house/mailbox/materials/textures/Mailbox_Diffuse.tga.orig
[17.828s] -- Installing: /home/naoko/develop_ws/install/turtlebot3_gazebo/share/turtlebot3_gazebo//models/turtlebot3_house/mailbox/materials/textures/Mailbox_Spec.png
[17.828s] -- Installing: /home/naoko/develop_ws/install/turtlebot3_gazebo/share/turtlebot3_gazebo//models/turtlebot3_house/mailbox/materials/textures/Mailbox_Diffuse.png
[17.828s] -- Installing: /home/naoko/develop_ws/install/turtlebot3_gazebo/share/turtlebot3_gazebo//models/turtlebot3_house/mailbox/model.sdf
[17.828s] -- Installing: /home/naoko/develop_ws/install/turtlebot3_gazebo/share/turtlebot3_gazebo//models/turtlebot3_house/mailbox/model-1_3.sdf
[17.828s] -- Installing: /home/naoko/develop_ws/install/turtlebot3_gazebo/share/turtlebot3_gazebo//models/turtlebot3_house/first_2015_trash_can
[17.828s] -- Installing: /home/naoko/develop_ws/install/turtlebot3_gazebo/share/turtlebot3_gazebo//models/turtlebot3_house/first_2015_trash_can/meshes
[17.828s] -- Installing: /home/naoko/develop_ws/install/turtlebot3_gazebo/share/turtlebot3_gazebo//models/turtlebot3_house/first_2015_trash_can/meshes/trash_can.dae
[17.828s] -- Installing: /home/naoko/develop_ws/install/turtlebot3_gazebo/share/turtlebot3_gazebo//models/turtlebot3_house/first_2015_trash_can/model.config
[17.828s] -- Installing: /home/naoko/develop_ws/install/turtlebot3_gazebo/share/turtlebot3_gazebo//models/turtlebot3_house/first_2015_trash_can/model.sdf
[17.829s] -- Installing: /home/naoko/develop_ws/install/turtlebot3_gazebo/share/turtlebot3_gazebo//models/turtlebot3_dqn_world
[17.829s] -- Installing: /home/naoko/develop_ws/install/turtlebot3_gazebo/share/turtlebot3_gazebo//models/turtlebot3_dqn_world/inner_walls
[17.829s] -- Installing: /home/naoko/develop_ws/install/turtlebot3_gazebo/share/turtlebot3_gazebo//models/turtlebot3_dqn_world/inner_walls/model.config
[17.829s] -- Installing: /home/naoko/develop_ws/install/turtlebot3_gazebo/share/turtlebot3_gazebo//models/turtlebot3_dqn_world/inner_walls/textures
[17.829s] -- Installing: /home/naoko/develop_ws/install/turtlebot3_gazebo/share/turtlebot3_gazebo//models/turtlebot3_dqn_world/inner_walls/textures/wood.png
[17.829s] -- Installing: /home/naoko/develop_ws/install/turtlebot3_gazebo/share/turtlebot3_gazebo//models/turtlebot3_dqn_world/inner_walls/model.sdf
[17.829s] -- Installing: /home/naoko/develop_ws/install/turtlebot3_gazebo/share/turtlebot3_gazebo//models/turtlebot3_dqn_world/obstacle1
[17.829s] -- Installing: /home/naoko/develop_ws/install/turtlebot3_gazebo/share/turtlebot3_gazebo//models/turtlebot3_dqn_world/obstacle1/model.config
[17.829s] -- Installing: /home/naoko/develop_ws/install/turtlebot3_gazebo/share/turtlebot3_gazebo//models/turtlebot3_dqn_world/obstacle1/model.sdf
[17.830s] -- Installing: /home/naoko/develop_ws/install/turtlebot3_gazebo/share/turtlebot3_gazebo//models/turtlebot3_dqn_world/model.config
[17.830s] -- Installing: /home/naoko/develop_ws/install/turtlebot3_gazebo/share/turtlebot3_gazebo//models/turtlebot3_dqn_world/textures
[17.830s] -- Installing: /home/naoko/develop_ws/install/turtlebot3_gazebo/share/turtlebot3_gazebo//models/turtlebot3_dqn_world/textures/wood.png
[17.830s] -- Installing: /home/naoko/develop_ws/install/turtlebot3_gazebo/share/turtlebot3_gazebo//models/turtlebot3_dqn_world/obstacles
[17.830s] -- Installing: /home/naoko/develop_ws/install/turtlebot3_gazebo/share/turtlebot3_gazebo//models/turtlebot3_dqn_world/obstacles/model.config
[17.830s] -- Installing: /home/naoko/develop_ws/install/turtlebot3_gazebo/share/turtlebot3_gazebo//models/turtlebot3_dqn_world/obstacles/model.sdf
[17.830s] -- Installing: /home/naoko/develop_ws/install/turtlebot3_gazebo/share/turtlebot3_gazebo//models/turtlebot3_dqn_world/model.sdf
[17.830s] -- Installing: /home/naoko/develop_ws/install/turtlebot3_gazebo/share/turtlebot3_gazebo//models/turtlebot3_dqn_world/obstacle2
[17.830s] -- Installing: /home/naoko/develop_ws/install/turtlebot3_gazebo/share/turtlebot3_gazebo//models/turtlebot3_dqn_world/obstacle2/model.config
[17.831s] -- Installing: /home/naoko/develop_ws/install/turtlebot3_gazebo/share/turtlebot3_gazebo//models/turtlebot3_dqn_world/obstacle2/model.sdf
[17.831s] -- Installing: /home/naoko/develop_ws/install/turtlebot3_gazebo/share/turtlebot3_gazebo//models/turtlebot3_dqn_world/goal_box
[17.831s] -- Installing: /home/naoko/develop_ws/install/turtlebot3_gazebo/share/turtlebot3_gazebo//models/turtlebot3_dqn_world/goal_box/model.config
[17.831s] -- Installing: /home/naoko/develop_ws/install/turtlebot3_gazebo/share/turtlebot3_gazebo//models/turtlebot3_dqn_world/goal_box/model.sdf
[17.831s] -- Installing: /home/naoko/develop_ws/install/turtlebot3_gazebo/share/turtlebot3_gazebo//models/turtlebot3_burger
[17.831s] -- Installing: /home/naoko/develop_ws/install/turtlebot3_gazebo/share/turtlebot3_gazebo//models/turtlebot3_burger/model-1_4.sdf
[17.831s] -- Installing: /home/naoko/develop_ws/install/turtlebot3_gazebo/share/turtlebot3_gazebo//models/turtlebot3_burger/model.config
[17.831s] -- Installing: /home/naoko/develop_ws/install/turtlebot3_gazebo/share/turtlebot3_gazebo//models/turtlebot3_burger/model.sdf
[17.831s] -- Installing: /home/naoko/develop_ws/install/turtlebot3_gazebo/share/turtlebot3_gazebo//models/turtlebot3_world
[17.832s] -- Installing: /home/naoko/develop_ws/install/turtlebot3_gazebo/share/turtlebot3_gazebo//models/turtlebot3_world/meshes
[17.832s] -- Installing: /home/naoko/develop_ws/install/turtlebot3_gazebo/share/turtlebot3_gazebo//models/turtlebot3_world/meshes/hexagon.dae
[17.832s] -- Installing: /home/naoko/develop_ws/install/turtlebot3_gazebo/share/turtlebot3_gazebo//models/turtlebot3_world/meshes/wall.dae
[17.832s] -- Installing: /home/naoko/develop_ws/install/turtlebot3_gazebo/share/turtlebot3_gazebo//models/turtlebot3_world/model-1_4.sdf
[17.832s] -- Installing: /home/naoko/develop_ws/install/turtlebot3_gazebo/share/turtlebot3_gazebo//models/turtlebot3_world/model.config
[17.832s] -- Installing: /home/naoko/develop_ws/install/turtlebot3_gazebo/share/turtlebot3_gazebo//models/turtlebot3_world/model.sdf
[17.832s] -- Installing: /home/naoko/develop_ws/install/turtlebot3_gazebo/share/turtlebot3_gazebo//models/turtlebot3_waffle_pi
[17.832s] -- Installing: /home/naoko/develop_ws/install/turtlebot3_gazebo/share/turtlebot3_gazebo//models/turtlebot3_waffle_pi/model.config
[17.832s] -- Installing: /home/naoko/develop_ws/install/turtlebot3_gazebo/share/turtlebot3_gazebo//models/turtlebot3_waffle_pi/model.sdf
[17.833s] -- Installing: /home/naoko/develop_ws/install/turtlebot3_gazebo/share/turtlebot3_gazebo//models/turtlebot3_waffle_pi/model-1_4_.sdf
[17.833s] -- Installing: /home/naoko/develop_ws/install/turtlebot3_gazebo/share/turtlebot3_gazebo//models/turtlebot3_waffle
[17.833s] -- Installing: /home/naoko/develop_ws/install/turtlebot3_gazebo/share/turtlebot3_gazebo//models/turtlebot3_waffle/model-1_4.sdf
[17.833s] -- Installing: /home/naoko/develop_ws/install/turtlebot3_gazebo/share/turtlebot3_gazebo//models/turtlebot3_waffle/model.config
[17.833s] -- Installing: /home/naoko/develop_ws/install/turtlebot3_gazebo/share/turtlebot3_gazebo//models/turtlebot3_waffle/model.sdf
[17.833s] -- Installing: /home/naoko/develop_ws/install/turtlebot3_gazebo/share/turtlebot3_gazebo//models/turtlebot3_burger_cam
[17.833s] -- Installing: /home/naoko/develop_ws/install/turtlebot3_gazebo/share/turtlebot3_gazebo//models/turtlebot3_burger_cam/model-1_4.sdf
[17.833s] -- Installing: /home/naoko/develop_ws/install/turtlebot3_gazebo/share/turtlebot3_gazebo//models/turtlebot3_burger_cam/model.config
[17.833s] -- Installing: /home/naoko/develop_ws/install/turtlebot3_gazebo/share/turtlebot3_gazebo//models/turtlebot3_burger_cam/model.sdf
[17.833s] -- Installing: /home/naoko/develop_ws/install/turtlebot3_gazebo/share/turtlebot3_gazebo//params
[17.833s] -- Installing: /home/naoko/develop_ws/install/turtlebot3_gazebo/share/turtlebot3_gazebo//params/turtlebot3_burger_cam_bridge.yaml
[17.834s] -- Installing: /home/naoko/develop_ws/install/turtlebot3_gazebo/share/turtlebot3_gazebo//params/turtlebot3_burger_bridge.yaml
[17.834s] -- Installing: /home/naoko/develop_ws/install/turtlebot3_gazebo/share/turtlebot3_gazebo//params/turtlebot3_waffle_pi_bridge.yaml
[17.834s] -- Installing: /home/naoko/develop_ws/install/turtlebot3_gazebo/share/turtlebot3_gazebo//params/turtlebot3_waffle_bridge.yaml
[17.834s] -- Installing: /home/naoko/develop_ws/install/turtlebot3_gazebo/share/turtlebot3_gazebo//rviz
[17.834s] -- Installing: /home/naoko/develop_ws/install/turtlebot3_gazebo/share/turtlebot3_gazebo//rviz/tb3_gazebo.rviz
[17.834s] -- Installing: /home/naoko/develop_ws/install/turtlebot3_gazebo/share/turtlebot3_gazebo//urdf
[17.834s] -- Installing: /home/naoko/develop_ws/install/turtlebot3_gazebo/share/turtlebot3_gazebo//urdf/turtlebot3_burger_cam.urdf
[17.834s] -- Installing: /home/naoko/develop_ws/install/turtlebot3_gazebo/share/turtlebot3_gazebo//urdf/turtlebot3_waffle.urdf
[17.834s] -- Installing: /home/naoko/develop_ws/install/turtlebot3_gazebo/share/turtlebot3_gazebo//urdf/turtlebot3_burger.urdf
[17.835s] -- Installing: /home/naoko/develop_ws/install/turtlebot3_gazebo/share/turtlebot3_gazebo//urdf/common_properties.urdf
[17.835s] -- Installing: /home/naoko/develop_ws/install/turtlebot3_gazebo/share/turtlebot3_gazebo//urdf/turtlebot3_waffle_pi.urdf
[17.835s] -- Installing: /home/naoko/develop_ws/install/turtlebot3_gazebo/share/turtlebot3_gazebo//worlds
[17.835s] -- Installing: /home/naoko/develop_ws/install/turtlebot3_gazebo/share/turtlebot3_gazebo//worlds/turtlebot3_house.world
[17.835s] -- Installing: /home/naoko/develop_ws/install/turtlebot3_gazebo/share/turtlebot3_gazebo//worlds/empty_world.world
[17.835s] -- Installing: /home/naoko/develop_ws/install/turtlebot3_gazebo/share/turtlebot3_gazebo//worlds/turtlebot3_dqn_stage1.world
[17.835s] -- Installing: /home/naoko/develop_ws/install/turtlebot3_gazebo/share/turtlebot3_gazebo//worlds/turtlebot3_dqn_stage4.world
[17.835s] -- Installing: /home/naoko/develop_ws/install/turtlebot3_gazebo/share/turtlebot3_gazebo//worlds/turtlebot3_autorace_2020.world
[17.836s] -- Installing: /home/naoko/develop_ws/install/turtlebot3_gazebo/share/turtlebot3_gazebo//worlds/turtlebot3_world.world
[17.836s] -- Installing: /home/naoko/develop_ws/install/turtlebot3_gazebo/share/turtlebot3_gazebo//worlds/turtlebot3_dqn_stage2.world
[17.836s] -- Installing: /home/naoko/develop_ws/install/turtlebot3_gazebo/share/turtlebot3_gazebo//worlds/turtlebot3_dqn_stage3.world
[17.836s] -- Installing: /home/naoko/develop_ws/install/turtlebot3_gazebo/include/
[17.836s] -- Installing: /home/naoko/develop_ws/install/turtlebot3_gazebo/include//turtlebot3_gazebo
[17.836s] -- Installing: /home/naoko/develop_ws/install/turtlebot3_gazebo/include//turtlebot3_gazebo/obstacle2.hpp
[17.836s] -- Installing: /home/naoko/develop_ws/install/turtlebot3_gazebo/include//turtlebot3_gazebo/traffic_bar_plugin.hpp
[17.836s] -- Installing: /home/naoko/develop_ws/install/turtlebot3_gazebo/include//turtlebot3_gazebo/obstacles.hpp
[17.836s] -- Installing: /home/naoko/develop_ws/install/turtlebot3_gazebo/include//turtlebot3_gazebo/obstacle1.hpp
[17.837s] -- Installing: /home/naoko/develop_ws/install/turtlebot3_gazebo/include//turtlebot3_gazebo/turtlebot3_drive.hpp
[17.837s] -- Installing: /home/naoko/develop_ws/install/turtlebot3_gazebo/include//turtlebot3_gazebo/traffic_light_plugin.hpp
[17.837s] -- Installing: /home/naoko/develop_ws/install/turtlebot3_gazebo/share/ament_index/resource_index/package_run_dependencies/turtlebot3_gazebo
[17.837s] -- Installing: /home/naoko/develop_ws/install/turtlebot3_gazebo/share/ament_index/resource_index/parent_prefix_path/turtlebot3_gazebo
[17.837s] -- Installing: /home/naoko/develop_ws/install/turtlebot3_gazebo/share/turtlebot3_gazebo/environment/ament_prefix_path.sh
[17.837s] -- Installing: /home/naoko/develop_ws/install/turtlebot3_gazebo/share/turtlebot3_gazebo/environment/ament_prefix_path.dsv
[17.837s] -- Installing: /home/naoko/develop_ws/install/turtlebot3_gazebo/share/turtlebot3_gazebo/environment/path.sh
[17.837s] -- Installing: /home/naoko/develop_ws/install/turtlebot3_gazebo/share/turtlebot3_gazebo/environment/path.dsv
[17.837s] -- Installing: /home/naoko/develop_ws/install/turtlebot3_gazebo/share/turtlebot3_gazebo/local_setup.bash
[17.838s] -- Installing: /home/naoko/develop_ws/install/turtlebot3_gazebo/share/turtlebot3_gazebo/local_setup.sh
[17.838s] -- Installing: /home/naoko/develop_ws/install/turtlebot3_gazebo/share/turtlebot3_gazebo/local_setup.zsh
[17.838s] -- Installing: /home/naoko/develop_ws/install/turtlebot3_gazebo/share/turtlebot3_gazebo/local_setup.dsv
[17.838s] -- Installing: /home/naoko/develop_ws/install/turtlebot3_gazebo/share/turtlebot3_gazebo/package.dsv
[17.838s] -- Installing: /home/naoko/develop_ws/install/turtlebot3_gazebo/share/ament_index/resource_index/packages/turtlebot3_gazebo
[17.839s] -- Installing: /home/naoko/develop_ws/install/turtlebot3_gazebo/share/turtlebot3_gazebo/cmake/ament_cmake_export_include_directories-extras.cmake
[17.839s] -- Installing: /home/naoko/develop_ws/install/turtlebot3_gazebo/share/turtlebot3_gazebo/cmake/ament_cmake_export_dependencies-extras.cmake
[17.839s] -- Installing: /home/naoko/develop_ws/install/turtlebot3_gazebo/share/turtlebot3_gazebo/cmake/turtlebot3_gazeboConfig.cmake
[17.839s] -- Installing: /home/naoko/develop_ws/install/turtlebot3_gazebo/share/turtlebot3_gazebo/cmake/turtlebot3_gazeboConfig-version.cmake
[17.839s] -- Installing: /home/naoko/develop_ws/install/turtlebot3_gazebo/share/turtlebot3_gazebo/package.xml
[17.839s] Invoked command in '/home/naoko/develop_ws/build/turtlebot3_gazebo' returned '0': CMAKE_PREFIX_PATH=${CMAKE_PREFIX_PATH}:/opt/ros/jazzy DEBUGINFOD_URLS=https://debuginfod.ubuntu.com /usr/bin/cmake --install /home/naoko/develop_ws/build/turtlebot3_gazebo
