[0.008s] Invoking command in '/home/naoko/develop_ws/build/classudp': CMAKE_PREFIX_PATH=${CMAKE_PREFIX_PATH}:/opt/ros/jazzy DEBUGINFOD_URLS=https://debuginfod.ubuntu.com /usr/bin/cmake --build /home/naoko/develop_ws/build/classudp -- -j12 -l12
[0.053s] [ 50%] [32mBuilding CXX object CMakeFiles/catch_publisher.dir/src/catch_publisher.cpp.o[0m
[1.654s] [100%] [32m[1mLinking CXX executable catch_publisher[0m
[1.725s] [100%] Built target catch_publisher
[1.735s] Invoked command in '/home/naoko/develop_ws/build/classudp' returned '0': CMAKE_PREFIX_PATH=${CMAKE_PREFIX_PATH}:/opt/ros/jazzy DEBUGINFOD_URLS=https://debuginfod.ubuntu.com /usr/bin/cmake --build /home/naoko/develop_ws/build/classudp -- -j12 -l12
[1.742s] Invoking command in '/home/naoko/develop_ws/build/classudp': CMAKE_PREFIX_PATH=${CMAKE_PREFIX_PATH}:/opt/ros/jazzy DEBUGINFOD_URLS=https://debuginfod.ubuntu.com /usr/bin/cmake --install /home/naoko/develop_ws/build/classudp
[1.749s] -- Install configuration: ""
[1.749s] -- Installing: /home/naoko/develop_ws/install/classudp/lib/classudp/catch_publisher
[1.749s] -- Set non-toolchain portion of runtime path of "/home/naoko/develop_ws/install/classudp/lib/classudp/catch_publisher" to ""
[1.749s] -- Up-to-date: /home/naoko/develop_ws/install/classudp/share/ament_index/resource_index/package_run_dependencies/classudp
[1.749s] -- Up-to-date: /home/naoko/develop_ws/install/classudp/share/ament_index/resource_index/parent_prefix_path/classudp
[1.749s] -- Up-to-date: /home/naoko/develop_ws/install/classudp/share/classudp/environment/ament_prefix_path.sh
[1.750s] -- Up-to-date: /home/naoko/develop_ws/install/classudp/share/classudp/environment/ament_prefix_path.dsv
[1.750s] -- Up-to-date: /home/naoko/develop_ws/install/classudp/share/classudp/environment/path.sh
[1.750s] -- Up-to-date: /home/naoko/develop_ws/install/classudp/share/classudp/environment/path.dsv
[1.750s] -- Up-to-date: /home/naoko/develop_ws/install/classudp/share/classudp/local_setup.bash
[1.750s] -- Up-to-date: /home/naoko/develop_ws/install/classudp/share/classudp/local_setup.sh
[1.750s] -- Up-to-date: /home/naoko/develop_ws/install/classudp/share/classudp/local_setup.zsh
[1.750s] -- Up-to-date: /home/naoko/develop_ws/install/classudp/share/classudp/local_setup.dsv
[1.750s] -- Installing: /home/naoko/develop_ws/install/classudp/share/classudp/package.dsv
[1.750s] -- Up-to-date: /home/naoko/develop_ws/install/classudp/share/ament_index/resource_index/packages/classudp
[1.750s] -- Up-to-date: /home/naoko/develop_ws/install/classudp/share/classudp/cmake/classudpConfig.cmake
[1.750s] -- Up-to-date: /home/naoko/develop_ws/install/classudp/share/classudp/cmake/classudpConfig-version.cmake
[1.750s] -- Up-to-date: /home/naoko/develop_ws/install/classudp/share/classudp/package.xml
[1.751s] Invoked command in '/home/naoko/develop_ws/build/classudp' returned '0': CMAKE_PREFIX_PATH=${CMAKE_PREFIX_PATH}:/opt/ros/jazzy DEBUGINFOD_URLS=https://debuginfod.ubuntu.com /usr/bin/cmake --install /home/naoko/develop_ws/build/classudp
