-- Found ament_cmake: 2.5.4 (/opt/ros/jazzy/share/ament_cmake/cmake)
-- Override CMake install command with custom implementation using symlinks instead of copying resources
-- Found rclcpp: 28.1.10 (/opt/ros/jazzy/share/rclcpp/cmake)
-- Found rosidl_generator_c: 4.6.5 (/opt/ros/jazzy/share/rosidl_generator_c/cmake)
-- Found rosidl_generator_cpp: 4.6.5 (/opt/ros/jazzy/share/rosidl_generator_cpp/cmake)
-- Using all available rosidl_typesupport_c: rosidl_typesupport_fastrtps_c;rosidl_typesupport_introspection_c
-- Using all available rosidl_typesupport_cpp: rosidl_typesupport_fastrtps_cpp;rosidl_typesupport_introspection_cpp
-- Found rmw_implementation_cmake: 7.3.2 (/opt/ros/jazzy/share/rmw_implementation_cmake/cmake)
-- Found rmw_fastrtps_cpp: 8.4.2 (/opt/ros/jazzy/share/rmw_fastrtps_cpp/cmake)
-- Using RMW implementation 'rmw_fastrtps_cpp' as default
-- Found std_msgs: 5.3.6 (/opt/ros/jazzy/share/std_msgs/cmake)
-- Found sensor_msgs: 5.3.6 (/opt/ros/jazzy/share/sensor_msgs/cmake)
-- Configuring done (1.1s)
-- Generating done (0.0s)
-- Build files have been written to: /home/naoko/develop_ws/build/classudp
[  8%] [32mBuilding CXX object CMakeFiles/catch_publisher.dir/src/catch_publisher.cpp.o[0m
[ 16%] [32mBuilding CXX object CMakeFiles/my_turtle_controller.dir/src/my_turtle_controll.cpp.o[0m
[ 25%] [32mBuilding CXX object CMakeFiles/catch_subscriber.dir/src/catch_subscriber.cpp.o[0m
[ 33%] [32mBuilding CXX object CMakeFiles/udp.dir/src/catch_main.cpp.o[0m
[ 41%] [32mBuilding CXX object CMakeFiles/udp.dir/src/include/UDP.cpp.o[0m
[ 50%] [32mBuilding CXX object CMakeFiles/udp.dir/src/catch.cpp.o[0m
[ 58%] [32mBuilding CXX object CMakeFiles/udp.dir/src/PS4.cpp.o[0m
[ 66%] [32mBuilding CXX object CMakeFiles/udp.dir/src/include/IP.cpp.o[0m
[ 75%] [32m[1mLinking CXX executable my_turtle_controller[0m
[ 75%] Built target my_turtle_controller
[ 83%] [32m[1mLinking CXX executable catch_publisher[0m
[ 83%] Built target catch_publisher
[ 91%] [32m[1mLinking CXX executable udp[0m
[ 91%] Built target udp
[100%] [32m[1mLinking CXX executable catch_subscriber[0m
[100%] Built target catch_subscriber
-- Install configuration: ""
-- Execute custom install script
-- Symlinking: /home/naoko/develop_ws/install/classudp/lib/classudp/catch_publisher
-- Symlinking: /home/naoko/develop_ws/install/classudp/lib/classudp/catch_subscriber
-- Symlinking: /home/naoko/develop_ws/install/classudp/lib/classudp/my_turtle_controller
-- Symlinking: /home/naoko/develop_ws/install/classudp/lib/classudp/udp
-- Symlinking: /home/naoko/develop_ws/install/classudp/share/ament_index/resource_index/package_run_dependencies/classudp
-- Symlinking: /home/naoko/develop_ws/install/classudp/share/ament_index/resource_index/parent_prefix_path/classudp
-- Symlinking: /home/naoko/develop_ws/install/classudp/share/classudp/environment/ament_prefix_path.sh
-- Symlinking: /home/naoko/develop_ws/install/classudp/share/classudp/environment/ament_prefix_path.dsv
-- Symlinking: /home/naoko/develop_ws/install/classudp/share/classudp/environment/path.sh
-- Symlinking: /home/naoko/develop_ws/install/classudp/share/classudp/environment/path.dsv
-- Symlinking: /home/naoko/develop_ws/install/classudp/share/classudp/local_setup.bash
-- Symlinking: /home/naoko/develop_ws/install/classudp/share/classudp/local_setup.sh
-- Symlinking: /home/naoko/develop_ws/install/classudp/share/classudp/local_setup.zsh
-- Symlinking: /home/naoko/develop_ws/install/classudp/share/classudp/local_setup.dsv
-- Symlinking: /home/naoko/develop_ws/install/classudp/share/classudp/package.dsv
-- Symlinking: /home/naoko/develop_ws/install/classudp/share/ament_index/resource_index/packages/classudp
-- Symlinking: /home/naoko/develop_ws/install/classudp/share/classudp/cmake/classudpConfig.cmake
-- Symlinking: /home/naoko/develop_ws/install/classudp/share/classudp/cmake/classudpConfig-version.cmake
-- Symlinking: /home/naoko/develop_ws/install/classudp/share/classudp/package.xml
